{"numTotalTestSuites":34,"numPassedTestSuites":34,"numFailedTestSuites":0,"numPendingTestSuites":0,"numTotalTests":158,"numPassedTests":158,"numFailedTests":0,"numPendingTests":0,"numTodoTests":0,"snapshot":{"added":0,"failure":false,"filesAdded":0,"filesRemoved":0,"filesRemovedList":[],"filesUnmatched":0,"filesUpdated":0,"matched":0,"total":0,"unchecked":0,"uncheckedKeysByFile":[],"unmatched":0,"updated":0,"didUpdate":false},"startTime":1765684537280,"success":true,"testResults":[{"assertionResults":[{"ancestorTitles":["parseNodeHeader"],"fullName":"parseNodeHeader TC-001-001: should parse valid WP header","status":"passed","title":"TC-001-001: should parse valid WP header","duration":2.322900000000004,"failureMessages":[],"meta":{}},{"ancestorTitles":["parseNodeHeader"],"fullName":"parseNodeHeader TC-001-002: should parse valid ACT header (4-level)","status":"passed","title":"TC-001-002: should parse valid ACT header (4-level)","duration":0.6300999999999704,"failureMessages":[],"meta":{}},{"ancestorTitles":["parseNodeHeader"],"fullName":"parseNodeHeader TC-001-003: should parse valid TSK header (4-level)","status":"passed","title":"TC-001-003: should parse valid TSK header (4-level)","duration":0.4924000000000319,"failureMessages":[],"meta":{}},{"ancestorTitles":["parseNodeHeader"],"fullName":"parseNodeHeader TC-001-004: should parse valid TSK header (3-level)","status":"passed","title":"TC-001-004: should parse valid TSK header (3-level)","duration":0.6807999999999765,"failureMessages":[],"meta":{}},{"ancestorTitles":["parseNodeHeader"],"fullName":"parseNodeHeader TC-001-005: should parse title with special characters","status":"passed","title":"TC-001-005: should parse title with special characters","duration":0.31740000000002055,"failureMessages":[],"meta":{}},{"ancestorTitles":["parseNodeHeader"],"fullName":"parseNodeHeader TC-001-006: should parse title with Korean characters","status":"passed","title":"TC-001-006: should parse title with Korean characters","duration":0.46819999999996753,"failureMessages":[],"meta":{}},{"ancestorTitles":["parseNodeHeader"],"fullName":"parseNodeHeader TC-001-007: should return null for invalid header format (missing colon)","status":"passed","title":"TC-001-007: should return null for invalid header format (missing colon)","duration":0.254600000000039,"failureMessages":[],"meta":{}},{"ancestorTitles":["parseNodeHeader"],"fullName":"parseNodeHeader TC-001-008: should return null for invalid ID format","status":"passed","title":"TC-001-008: should return null for invalid ID format","duration":0.18009999999998172,"failureMessages":[],"meta":{}},{"ancestorTitles":["parseNodeHeader"],"fullName":"parseNodeHeader TC-001-009: should return null for empty title","status":"passed","title":"TC-001-009: should return null for empty title","duration":0.4128999999999792,"failureMessages":[],"meta":{}},{"ancestorTitles":["parseNodeHeader"],"fullName":"parseNodeHeader TC-001-010: should return null for whitespace-only title","status":"passed","title":"TC-001-010: should return null for whitespace-only title","duration":0.21580000000000155,"failureMessages":[],"meta":{}},{"ancestorTitles":["parseNodeAttributes"],"fullName":"parseNodeAttributes TC-002-001: should parse category attribute","status":"passed","title":"TC-002-001: should parse category attribute","duration":0.3509999999999991,"failureMessages":[],"meta":{}},{"ancestorTitles":["parseNodeAttributes"],"fullName":"parseNodeAttributes TC-002-002: should parse status attribute and extract status code","status":"passed","title":"TC-002-002: should parse status attribute and extract status code","duration":0.4128999999999792,"failureMessages":[],"meta":{}},{"ancestorTitles":["parseNodeAttributes"],"fullName":"parseNodeAttributes TC-002-003: should parse priority attribute","status":"passed","title":"TC-002-003: should parse priority attribute","duration":0.23949999999996407,"failureMessages":[],"meta":{}},{"ancestorTitles":["parseNodeAttributes"],"fullName":"parseNodeAttributes TC-002-004: should parse assignee attribute","status":"passed","title":"TC-002-004: should parse assignee attribute","duration":0.12980000000004566,"failureMessages":[],"meta":{}},{"ancestorTitles":["parseNodeAttributes"],"fullName":"parseNodeAttributes TC-002-005: should parse schedule attribute","status":"passed","title":"TC-002-005: should parse schedule attribute","duration":1.0649999999999977,"failureMessages":[],"meta":{}},{"ancestorTitles":["parseNodeAttributes"],"fullName":"parseNodeAttributes TC-002-006: should parse tags attribute","status":"passed","title":"TC-002-006: should parse tags attribute","duration":0.25720000000001164,"failureMessages":[],"meta":{}},{"ancestorTitles":["parseNodeAttributes"],"fullName":"parseNodeAttributes TC-002-007: should parse depends attribute","status":"passed","title":"TC-002-007: should parse depends attribute","duration":0.14109999999999445,"failureMessages":[],"meta":{}},{"ancestorTitles":["parseNodeAttributes"],"fullName":"parseNodeAttributes TC-002-008: should parse requirements attribute (multi-line)","status":"passed","title":"TC-002-008: should parse requirements attribute (multi-line)","duration":0.3801000000000272,"failureMessages":[],"meta":{}},{"ancestorTitles":["parseNodeAttributes"],"fullName":"parseNodeAttributes TC-002-009: should parse ref attribute","status":"passed","title":"TC-002-009: should parse ref attribute","duration":0.13249999999999318,"failureMessages":[],"meta":{}},{"ancestorTitles":["parseNodeAttributes"],"fullName":"parseNodeAttributes TC-002-010: should handle invalid category value","status":"passed","title":"TC-002-010: should handle invalid category value","duration":0.1583999999999719,"failureMessages":[],"meta":{}},{"ancestorTitles":["parseNodeAttributes"],"fullName":"parseNodeAttributes TC-002-011: should handle status without code","status":"passed","title":"TC-002-011: should handle status without code","duration":0.16169999999999618,"failureMessages":[],"meta":{}},{"ancestorTitles":["parseNodeAttributes"],"fullName":"parseNodeAttributes TC-002-012: should handle invalid date format","status":"passed","title":"TC-002-012: should handle invalid date format","duration":0.16079999999999472,"failureMessages":[],"meta":{}},{"ancestorTitles":["parseNodeAttributes"],"fullName":"parseNodeAttributes TC-002-013: should handle empty requirements","status":"passed","title":"TC-002-013: should handle empty requirements","duration":0.14679999999998472,"failureMessages":[],"meta":{}},{"ancestorTitles":["parseNodeAttributes"],"fullName":"parseNodeAttributes TC-002-014: should handle multiple depends","status":"passed","title":"TC-002-014: should handle multiple depends","duration":0.116800000000012,"failureMessages":[],"meta":{}},{"ancestorTitles":["parseNodeAttributes"],"fullName":"parseNodeAttributes TC-002-015: should parse all attributes together","status":"passed","title":"TC-002-015: should parse all attributes together","duration":0.726099999999974,"failureMessages":[],"meta":{}},{"ancestorTitles":["buildTree"],"fullName":"buildTree TC-003-001: should build 4-level tree (WP -> ACT -> TSK)","status":"passed","title":"TC-003-001: should build 4-level tree (WP -> ACT -> TSK)","duration":1.5880999999999972,"failureMessages":[],"meta":{}},{"ancestorTitles":["buildTree"],"fullName":"buildTree TC-003-002: should build 3-level tree (WP -> TSK)","status":"passed","title":"TC-003-002: should build 3-level tree (WP -> TSK)","duration":0.5246999999999957,"failureMessages":[],"meta":{}},{"ancestorTitles":["buildTree"],"fullName":"buildTree TC-003-003: should build mixed tree (3-level + 4-level)","status":"passed","title":"TC-003-003: should build mixed tree (3-level + 4-level)","duration":0.7519000000000347,"failureMessages":[],"meta":{}},{"ancestorTitles":["buildTree"],"fullName":"buildTree TC-003-004: should handle multiple WP as root nodes","status":"passed","title":"TC-003-004: should handle multiple WP as root nodes","duration":0.34019999999998163,"failureMessages":[],"meta":{}},{"ancestorTitles":["buildTree"],"fullName":"buildTree TC-003-005: should handle multiple children","status":"passed","title":"TC-003-005: should handle multiple children","duration":0.33480000000002974,"failureMessages":[],"meta":{}},{"ancestorTitles":["buildTree"],"fullName":"buildTree TC-003-006: should handle orphan node (missing parent)","status":"passed","title":"TC-003-006: should handle orphan node (missing parent)","duration":1.9927999999999884,"failureMessages":[],"meta":{}},{"ancestorTitles":["calculateProgress"],"fullName":"calculateProgress TC-004-001: should calculate 100% when all tasks are completed","status":"passed","title":"TC-004-001: should calculate 100% when all tasks are completed","duration":0.4053000000000111,"failureMessages":[],"meta":{}},{"ancestorTitles":["calculateProgress"],"fullName":"calculateProgress TC-004-002: should calculate 50% when half tasks are completed","status":"passed","title":"TC-004-002: should calculate 50% when half tasks are completed","duration":0.28239999999999554,"failureMessages":[],"meta":{}},{"ancestorTitles":["calculateProgress"],"fullName":"calculateProgress TC-004-003: should calculate 0% when no tasks are completed","status":"passed","title":"TC-004-003: should calculate 0% when no tasks are completed","duration":0.205600000000004,"failureMessages":[],"meta":{}},{"ancestorTitles":["calculateProgress"],"fullName":"calculateProgress TC-004-004: should calculate progress for nested structure","status":"passed","title":"TC-004-004: should calculate progress for nested structure","duration":0.1923999999999637,"failureMessages":[],"meta":{}},{"ancestorTitles":["calculateProgress"],"fullName":"calculateProgress TC-004-005: should handle node without tasks","status":"passed","title":"TC-004-005: should handle node without tasks","duration":0.15049999999996544,"failureMessages":[],"meta":{}},{"ancestorTitles":["parseWbsMarkdown"],"fullName":"parseWbsMarkdown TC-005-001: should parse complex wbs.md file","status":"passed","title":"TC-005-001: should parse complex wbs.md file","duration":1.7384000000000128,"failureMessages":[],"meta":{}},{"ancestorTitles":["parseWbsMarkdown"],"fullName":"parseWbsMarkdown TC-005-002: should return empty array for empty file","status":"passed","title":"TC-005-002: should return empty array for empty file","duration":0.14569999999997663,"failureMessages":[],"meta":{}},{"ancestorTitles":["parseWbsMarkdown"],"fullName":"parseWbsMarkdown TC-005-003: should parse 3-level structure","status":"passed","title":"TC-005-003: should parse 3-level structure","duration":0.7909999999999968,"failureMessages":[],"meta":{}},{"ancestorTitles":["parseWbsMarkdown"],"fullName":"parseWbsMarkdown TC-005-004: should parse 4-level structure","status":"passed","title":"TC-005-004: should parse 4-level structure","duration":0.7655000000000314,"failureMessages":[],"meta":{}},{"ancestorTitles":["parseWbsMarkdown"],"fullName":"parseWbsMarkdown TC-005-005: should return empty array for metadata only","status":"passed","title":"TC-005-005: should return empty array for metadata only","duration":0.15190000000001191,"failureMessages":[],"meta":{}},{"ancestorTitles":["parseWbsMarkdown"],"fullName":"parseWbsMarkdown TC-005-006: should skip invalid headers and parse valid ones","status":"passed","title":"TC-005-006: should skip invalid headers and parse valid ones","duration":1.6186999999999898,"failureMessages":[],"meta":{}},{"ancestorTitles":["parseWbsMarkdown"],"fullName":"parseWbsMarkdown TC-005-007: should handle orphan nodes","status":"passed","title":"TC-005-007: should handle orphan nodes","duration":0.3206000000000131,"failureMessages":[],"meta":{}},{"ancestorTitles":["parseWbsMarkdown"],"fullName":"parseWbsMarkdown TC-005-008: should parse all 9 attributes correctly","status":"passed","title":"TC-005-008: should parse all 9 attributes correctly","duration":0.6345000000000027,"failureMessages":[],"meta":{}},{"ancestorTitles":["Performance"],"fullName":"Performance TC-006-001: should parse small wbs.md under 50ms","status":"passed","title":"TC-006-001: should parse small wbs.md under 50ms","duration":0.6466000000000349,"failureMessages":[],"meta":{}},{"ancestorTitles":["Error Handling"],"fullName":"Error Handling TC-007-001: should skip invalid header format","status":"passed","title":"TC-007-001: should skip invalid header format","duration":0.5896000000000186,"failureMessages":[],"meta":{}},{"ancestorTitles":["Error Handling"],"fullName":"Error Handling TC-007-002: should skip unknown ID pattern","status":"passed","title":"TC-007-002: should skip unknown ID pattern","duration":0.2647999999999797,"failureMessages":[],"meta":{}},{"ancestorTitles":["Error Handling"],"fullName":"Error Handling TC-007-003: should handle missing required attributes","status":"passed","title":"TC-007-003: should handle missing required attributes","duration":0.478999999999985,"failureMessages":[],"meta":{}},{"ancestorTitles":["Error Handling"],"fullName":"Error Handling TC-007-007: should ignore empty lines","status":"passed","title":"TC-007-007: should ignore empty lines","duration":0.7149000000000001,"failureMessages":[],"meta":{}},{"ancestorTitles":["determineParentId"],"fullName":"determineParentId should return null for WP node","status":"passed","title":"should return null for WP node","duration":0.16689999999999827,"failureMessages":[],"meta":{}},{"ancestorTitles":["determineParentId"],"fullName":"determineParentId should return WP id for ACT node","status":"passed","title":"should return WP id for ACT node","duration":0.12450000000001182,"failureMessages":[],"meta":{}},{"ancestorTitles":["determineParentId"],"fullName":"determineParentId should return ACT id for 4-level TSK node","status":"passed","title":"should return ACT id for 4-level TSK node","duration":0.11200000000002319,"failureMessages":[],"meta":{}},{"ancestorTitles":["determineParentId"],"fullName":"determineParentId should return WP id for 3-level TSK node","status":"passed","title":"should return WP id for 3-level TSK node","duration":0.10839999999996053,"failureMessages":[],"meta":{}}],"startTime":1765684537697,"endTime":1765684537725.167,"status":"passed","message":"","name":"C:/project/jjiban/tests/utils/wbs/parser.test.ts"},{"assertionResults":[{"ancestorTitles":["serializeHeader"],"fullName":"serializeHeader should generate project header","status":"passed","title":"should generate project header","duration":1.6963999999999828,"failureMessages":[],"meta":{}},{"ancestorTitles":["serializeHeader"],"fullName":"serializeHeader should generate WP header with ##","status":"passed","title":"should generate WP header with ##","duration":0.43029999999998836,"failureMessages":[],"meta":{}},{"ancestorTitles":["serializeHeader"],"fullName":"serializeHeader should generate ACT header with ###","status":"passed","title":"should generate ACT header with ###","duration":0.25679999999999836,"failureMessages":[],"meta":{}},{"ancestorTitles":["serializeHeader"],"fullName":"serializeHeader should generate Task header with #### in 4-level structure","status":"passed","title":"should generate Task header with #### in 4-level structure","duration":0.5566000000000031,"failureMessages":[],"meta":{}},{"ancestorTitles":["serializeHeader"],"fullName":"serializeHeader should generate Task header with ### in 3-level structure","status":"passed","title":"should generate Task header with ### in 3-level structure","duration":0.24919999999997344,"failureMessages":[],"meta":{}},{"ancestorTitles":["serializeHeader"],"fullName":"serializeHeader should use default values for missing id and title","status":"passed","title":"should use default values for missing id and title","duration":0.1875,"failureMessages":[],"meta":{}},{"ancestorTitles":["serializeAttributes"],"fullName":"serializeAttributes should serialize category","status":"passed","title":"should serialize category","duration":1.585899999999981,"failureMessages":[],"meta":{}},{"ancestorTitles":["serializeAttributes"],"fullName":"serializeAttributes should serialize status","status":"passed","title":"should serialize status","duration":0.2995999999999981,"failureMessages":[],"meta":{}},{"ancestorTitles":["serializeAttributes"],"fullName":"serializeAttributes should serialize priority","status":"passed","title":"should serialize priority","duration":0.5409999999999968,"failureMessages":[],"meta":{}},{"ancestorTitles":["serializeAttributes"],"fullName":"serializeAttributes should serialize assignee when present","status":"passed","title":"should serialize assignee when present","duration":0.37750000000005457,"failureMessages":[],"meta":{}},{"ancestorTitles":["serializeAttributes"],"fullName":"serializeAttributes should serialize assignee as \"-\" when explicitly set","status":"passed","title":"should serialize assignee as \"-\" when explicitly set","duration":0.3564000000000078,"failureMessages":[],"meta":{}},{"ancestorTitles":["serializeAttributes"],"fullName":"serializeAttributes should serialize schedule when both start and end exist","status":"passed","title":"should serialize schedule when both start and end exist","duration":0.25159999999999627,"failureMessages":[],"meta":{}},{"ancestorTitles":["serializeAttributes"],"fullName":"serializeAttributes should not serialize schedule when only start exists","status":"passed","title":"should not serialize schedule when only start exists","duration":0.24890000000004875,"failureMessages":[],"meta":{}},{"ancestorTitles":["serializeAttributes"],"fullName":"serializeAttributes should serialize tags as comma-separated list","status":"passed","title":"should serialize tags as comma-separated list","duration":0.24279999999998836,"failureMessages":[],"meta":{}},{"ancestorTitles":["serializeAttributes"],"fullName":"serializeAttributes should not serialize empty tags array","status":"passed","title":"should not serialize empty tags array","duration":0.21620000000001482,"failureMessages":[],"meta":{}},{"ancestorTitles":["serializeAttributes"],"fullName":"serializeAttributes should serialize depends","status":"passed","title":"should serialize depends","duration":0.30979999999999563,"failureMessages":[],"meta":{}},{"ancestorTitles":["serializeAttributes"],"fullName":"serializeAttributes should serialize requirements with indentation","status":"passed","title":"should serialize requirements with indentation","duration":0.7586000000000013,"failureMessages":[],"meta":{}},{"ancestorTitles":["serializeAttributes"],"fullName":"serializeAttributes should serialize ref","status":"passed","title":"should serialize ref","duration":0.2740000000000009,"failureMessages":[],"meta":{}},{"ancestorTitles":["serializeAttributes"],"fullName":"serializeAttributes should serialize progress for WP","status":"passed","title":"should serialize progress for WP","duration":0.2167999999999779,"failureMessages":[],"meta":{}},{"ancestorTitles":["serializeAttributes"],"fullName":"serializeAttributes should not serialize progress for task","status":"passed","title":"should not serialize progress for task","duration":0.23750000000001137,"failureMessages":[],"meta":{}},{"ancestorTitles":["buildMetadataBlock"],"fullName":"buildMetadataBlock should generate metadata block with all fields","status":"passed","title":"should generate metadata block with all fields","duration":0.255299999999977,"failureMessages":[],"meta":{}},{"ancestorTitles":["buildMetadataBlock"],"fullName":"buildMetadataBlock should use default values for missing fields","status":"passed","title":"should use default values for missing fields","duration":0.7413999999999987,"failureMessages":[],"meta":{}},{"ancestorTitles":["buildMetadataBlock"],"fullName":"buildMetadataBlock should update date when updateDate option is true","status":"passed","title":"should update date when updateDate option is true","duration":0.14069999999998117,"failureMessages":[],"meta":{}},{"ancestorTitles":["calculateMaxDepth"],"fullName":"calculateMaxDepth should return 4 when ACT nodes exist","status":"passed","title":"should return 4 when ACT nodes exist","duration":0.3439000000000192,"failureMessages":[],"meta":{}},{"ancestorTitles":["calculateMaxDepth"],"fullName":"calculateMaxDepth should return 4 when Task ID follows TSK-XX-XX-XX pattern","status":"passed","title":"should return 4 when Task ID follows TSK-XX-XX-XX pattern","duration":0.22790000000003374,"failureMessages":[],"meta":{}},{"ancestorTitles":["calculateMaxDepth"],"fullName":"calculateMaxDepth should return 3 when no ACT nodes and Task IDs are not 4-level","status":"passed","title":"should return 3 when no ACT nodes and Task IDs are not 4-level","duration":0.19690000000002783,"failureMessages":[],"meta":{}},{"ancestorTitles":["calculateMaxDepth"],"fullName":"calculateMaxDepth should return 3 for empty array","status":"passed","title":"should return 3 for empty array","duration":0.21010000000001128,"failureMessages":[],"meta":{}},{"ancestorTitles":["serializeWbs"],"fullName":"serializeWbs should serialize empty tree with only metadata","status":"passed","title":"should serialize empty tree with only metadata","duration":0.3118999999999801,"failureMessages":[],"meta":{}},{"ancestorTitles":["serializeWbs"],"fullName":"serializeWbs should serialize project with children","status":"passed","title":"should serialize project with children","duration":0.5808999999999855,"failureMessages":[],"meta":{}},{"ancestorTitles":["serializeWbs"],"fullName":"serializeWbs should add separator between WPs","status":"passed","title":"should add separator between WPs","duration":0.24799999999999045,"failureMessages":[],"meta":{}},{"ancestorTitles":["serializeWbs"],"fullName":"serializeWbs should serialize nested 4-level structure","status":"passed","title":"should serialize nested 4-level structure","duration":0.3486000000000331,"failureMessages":[],"meta":{}},{"ancestorTitles":["serializeWbs"],"fullName":"serializeWbs should throw SerializationError on circular reference","status":"passed","title":"should throw SerializationError on circular reference","duration":1.013900000000035,"failureMessages":[],"meta":{}},{"ancestorTitles":["serializeWbs"],"fullName":"serializeWbs should serialize all task attributes correctly","status":"passed","title":"should serialize all task attributes correctly","duration":0.6587999999999852,"failureMessages":[],"meta":{}},{"ancestorTitles":["serializeWbs"],"fullName":"serializeWbs should handle nodes without project wrapper","status":"passed","title":"should handle nodes without project wrapper","duration":0.37679999999994607,"failureMessages":[],"meta":{}}],"startTime":1765684537702,"endTime":1765684537718.3767,"status":"passed","message":"","name":"C:/project/jjiban/tests/utils/wbs/serializer.test.ts"},{"assertionResults":[{"ancestorTitles":["IdValidator","validateId"],"fullName":"IdValidator validateId UT-ID-001: should return null for valid WP ID","status":"passed","title":"UT-ID-001: should return null for valid WP ID","duration":1.759299999999996,"failureMessages":[],"meta":{}},{"ancestorTitles":["IdValidator","validateId"],"fullName":"IdValidator validateId UT-ID-002: should return null for valid ACT ID","status":"passed","title":"UT-ID-002: should return null for valid ACT ID","duration":0.25370000000003756,"failureMessages":[],"meta":{}},{"ancestorTitles":["IdValidator","validateId"],"fullName":"IdValidator validateId UT-ID-003: should return null for valid TSK ID (4-level)","status":"passed","title":"UT-ID-003: should return null for valid TSK ID (4-level)","duration":0.24259999999998172,"failureMessages":[],"meta":{}},{"ancestorTitles":["IdValidator","validateId"],"fullName":"IdValidator validateId UT-ID-004: should return null for valid TSK ID (3-level)","status":"passed","title":"UT-ID-004: should return null for valid TSK ID (3-level)","duration":0.5995999999999526,"failureMessages":[],"meta":{}},{"ancestorTitles":["IdValidator","validateId"],"fullName":"IdValidator validateId UT-ID-005: should return error for invalid WP ID (single digit)","status":"passed","title":"UT-ID-005: should return error for invalid WP ID (single digit)","duration":0.6043999999999983,"failureMessages":[],"meta":{}},{"ancestorTitles":["IdValidator","validateId"],"fullName":"IdValidator validateId UT-ID-006: should return error for invalid WP ID (three digits)","status":"passed","title":"UT-ID-006: should return error for invalid WP ID (three digits)","duration":0.26940000000001874,"failureMessages":[],"meta":{}},{"ancestorTitles":["IdValidator","validateId"],"fullName":"IdValidator validateId UT-ID-007: should return error for invalid ACT ID format","status":"passed","title":"UT-ID-007: should return error for invalid ACT ID format","duration":0.37110000000001264,"failureMessages":[],"meta":{}},{"ancestorTitles":["IdValidator","validateId"],"fullName":"IdValidator validateId UT-ID-008: should return error for invalid TSK ID (two digits only)","status":"passed","title":"UT-ID-008: should return error for invalid TSK ID (two digits only)","duration":0.311300000000017,"failureMessages":[],"meta":{}},{"ancestorTitles":["IdValidator","validateId"],"fullName":"IdValidator validateId UT-ID-009: should return error for empty ID","status":"passed","title":"UT-ID-009: should return error for empty ID","duration":0.38189999999997326,"failureMessages":[],"meta":{}},{"ancestorTitles":["IdValidator","validateId"],"fullName":"IdValidator validateId UT-ID-010: should return error for null-like ID","status":"passed","title":"UT-ID-010: should return error for null-like ID","duration":0.244199999999978,"failureMessages":[],"meta":{}},{"ancestorTitles":["IdValidator","validateId"],"fullName":"IdValidator validateId UT-ID-011: should return error for mixed case ID","status":"passed","title":"UT-ID-011: should return error for mixed case ID","duration":0.14339999999998554,"failureMessages":[],"meta":{}},{"ancestorTitles":["IdValidator","validateId"],"fullName":"IdValidator validateId UT-ID-012: should return error for ID with space","status":"passed","title":"UT-ID-012: should return error for ID with space","duration":0.21659999999997126,"failureMessages":[],"meta":{}},{"ancestorTitles":["IdValidator","validateId"],"fullName":"IdValidator validateId should validate Task ID with specific depth 3","status":"passed","title":"should validate Task ID with specific depth 3","duration":0.24799999999999045,"failureMessages":[],"meta":{}},{"ancestorTitles":["IdValidator","validateId"],"fullName":"IdValidator validateId should validate Task ID with specific depth 4","status":"passed","title":"should validate Task ID with specific depth 4","duration":0.20300000000003138,"failureMessages":[],"meta":{}},{"ancestorTitles":["AttributeValidator","validateAttributes"],"fullName":"AttributeValidator validateAttributes UT-ATTR-001: should return empty array when all required attributes exist","status":"passed","title":"UT-ATTR-001: should return empty array when all required attributes exist","duration":1.289000000000044,"failureMessages":[],"meta":{}},{"ancestorTitles":["AttributeValidator","validateAttributes"],"fullName":"AttributeValidator validateAttributes UT-ATTR-002: should skip validation for WP node","status":"passed","title":"UT-ATTR-002: should skip validation for WP node","duration":0.2779000000000451,"failureMessages":[],"meta":{}},{"ancestorTitles":["AttributeValidator","validateAttributes"],"fullName":"AttributeValidator validateAttributes UT-ATTR-003: should return error when category is missing","status":"passed","title":"UT-ATTR-003: should return error when category is missing","duration":0.34080000000000155,"failureMessages":[],"meta":{}},{"ancestorTitles":["AttributeValidator","validateAttributes"],"fullName":"AttributeValidator validateAttributes UT-ATTR-004: should return error when status is missing","status":"passed","title":"UT-ATTR-004: should return error when status is missing","duration":0.33620000000001937,"failureMessages":[],"meta":{}},{"ancestorTitles":["AttributeValidator","validateAttributes"],"fullName":"AttributeValidator validateAttributes UT-ATTR-005: should return error when priority is missing","status":"passed","title":"UT-ATTR-005: should return error when priority is missing","duration":0.2417000000000371,"failureMessages":[],"meta":{}},{"ancestorTitles":["AttributeValidator","validateAttributes"],"fullName":"AttributeValidator validateAttributes UT-ATTR-006: should return 3 errors when all attributes are missing","status":"passed","title":"UT-ATTR-006: should return 3 errors when all attributes are missing","duration":0.42509999999998627,"failureMessages":[],"meta":{}},{"ancestorTitles":["AttributeValidator","validateAttributes"],"fullName":"AttributeValidator validateAttributes UT-ATTR-007: should return error for invalid category value","status":"passed","title":"UT-ATTR-007: should return error for invalid category value","duration":0.2725000000000364,"failureMessages":[],"meta":{}},{"ancestorTitles":["AttributeValidator","validateAttributes"],"fullName":"AttributeValidator validateAttributes UT-ATTR-008: should return error for invalid priority value","status":"passed","title":"UT-ATTR-008: should return error for invalid priority value","duration":0.22739999999998872,"failureMessages":[],"meta":{}},{"ancestorTitles":["AttributeValidator","validateAttributes"],"fullName":"AttributeValidator validateAttributes UT-ATTR-009: should treat empty string as missing","status":"passed","title":"UT-ATTR-009: should treat empty string as missing","duration":0.25790000000000646,"failureMessages":[],"meta":{}},{"ancestorTitles":["AttributeValidator","validateAttributes"],"fullName":"AttributeValidator validateAttributes UT-ATTR-010: should skip validation for ACT node","status":"passed","title":"UT-ATTR-010: should skip validation for ACT node","duration":0.29750000000001364,"failureMessages":[],"meta":{}},{"ancestorTitles":["StatusValidator","validateStatus"],"fullName":"StatusValidator validateStatus UT-STATUS-001: should return null for all valid status codes","status":"passed","title":"UT-STATUS-001: should return null for all valid status codes","duration":0.7502999999999815,"failureMessages":[],"meta":{}},{"ancestorTitles":["StatusValidator","validateStatus"],"fullName":"StatusValidator validateStatus UT-STATUS-002: should return error for invalid status codes","status":"passed","title":"UT-STATUS-002: should return error for invalid status codes","duration":0.4539999999999509,"failureMessages":[],"meta":{}},{"ancestorTitles":["StatusValidator","validateStatus"],"fullName":"StatusValidator validateStatus UT-STATUS-003: should return error for status without brackets","status":"passed","title":"UT-STATUS-003: should return error for status without brackets","duration":0.18990000000002283,"failureMessages":[],"meta":{}},{"ancestorTitles":["StatusValidator","validateStatus"],"fullName":"StatusValidator validateStatus UT-STATUS-004: should return error for status with extra space","status":"passed","title":"UT-STATUS-004: should return error for status with extra space","duration":0.245900000000006,"failureMessages":[],"meta":{}},{"ancestorTitles":["StatusValidator","validateStatus"],"fullName":"StatusValidator validateStatus UT-STATUS-005: should return error for mixed case status","status":"passed","title":"UT-STATUS-005: should return error for mixed case status","duration":0.20900000000000318,"failureMessages":[],"meta":{}},{"ancestorTitles":["StatusValidator","validateStatus"],"fullName":"StatusValidator validateStatus UT-STATUS-006: should return error for empty status","status":"passed","title":"UT-STATUS-006: should return error for empty status","duration":0.34710000000001173,"failureMessages":[],"meta":{}},{"ancestorTitles":["StatusValidator","validateStatus"],"fullName":"StatusValidator validateStatus UT-STATUS-007: should return error for null/undefined","status":"passed","title":"UT-STATUS-007: should return error for null/undefined","duration":0.4198000000000093,"failureMessages":[],"meta":{}},{"ancestorTitles":["StatusValidator","isValidStatus"],"fullName":"StatusValidator isValidStatus should return true for valid status","status":"passed","title":"should return true for valid status","duration":0.28879999999998063,"failureMessages":[],"meta":{}},{"ancestorTitles":["StatusValidator","isValidStatus"],"fullName":"StatusValidator isValidStatus should return false for invalid status","status":"passed","title":"should return false for invalid status","duration":0.30150000000003274,"failureMessages":[],"meta":{}},{"ancestorTitles":["HierarchyValidator","validateHierarchy"],"fullName":"HierarchyValidator validateHierarchy UT-HIER-001: should return null for valid WP -> ACT relationship","status":"passed","title":"UT-HIER-001: should return null for valid WP -> ACT relationship","duration":0.3277999999999679,"failureMessages":[],"meta":{}},{"ancestorTitles":["HierarchyValidator","validateHierarchy"],"fullName":"HierarchyValidator validateHierarchy UT-HIER-002: should return null for valid ACT -> TSK relationship (4-level)","status":"passed","title":"UT-HIER-002: should return null for valid ACT -> TSK relationship (4-level)","duration":0.212600000000009,"failureMessages":[],"meta":{}},{"ancestorTitles":["HierarchyValidator","validateHierarchy"],"fullName":"HierarchyValidator validateHierarchy UT-HIER-003: should return null for valid WP -> TSK relationship (3-level)","status":"passed","title":"UT-HIER-003: should return null for valid WP -> TSK relationship (3-level)","duration":0.1490000000000009,"failureMessages":[],"meta":{}},{"ancestorTitles":["HierarchyValidator","validateHierarchy"],"fullName":"HierarchyValidator validateHierarchy UT-HIER-004: should return error for hierarchy mismatch (WP-ACT)","status":"passed","title":"UT-HIER-004: should return error for hierarchy mismatch (WP-ACT)","duration":0.2330000000000041,"failureMessages":[],"meta":{}},{"ancestorTitles":["HierarchyValidator","validateHierarchy"],"fullName":"HierarchyValidator validateHierarchy UT-HIER-005: should return error for hierarchy mismatch (ACT-TSK)","status":"passed","title":"UT-HIER-005: should return error for hierarchy mismatch (ACT-TSK)","duration":0.25739999999996144,"failureMessages":[],"meta":{}},{"ancestorTitles":["HierarchyValidator","validateHierarchy"],"fullName":"HierarchyValidator validateHierarchy UT-HIER-006: should return error for hierarchy mismatch (WP-TSK 3-level)","status":"passed","title":"UT-HIER-006: should return error for hierarchy mismatch (WP-TSK 3-level)","duration":0.1993999999999687,"failureMessages":[],"meta":{}},{"ancestorTitles":["HierarchyValidator","validateHierarchy"],"fullName":"HierarchyValidator validateHierarchy should return null for WP node without parent","status":"passed","title":"should return null for WP node without parent","duration":0.1844000000000392,"failureMessages":[],"meta":{}},{"ancestorTitles":["HierarchyValidator","validateHierarchy"],"fullName":"HierarchyValidator validateHierarchy should return error for Task/ACT without parent","status":"passed","title":"should return error for Task/ACT without parent","duration":1.077699999999993,"failureMessages":[],"meta":{}},{"ancestorTitles":["HierarchyValidator","extractPrefix"],"fullName":"HierarchyValidator extractPrefix UT-HIER-007: should extract prefix from WP ID","status":"passed","title":"UT-HIER-007: should extract prefix from WP ID","duration":0.1741000000000099,"failureMessages":[],"meta":{}},{"ancestorTitles":["HierarchyValidator","extractPrefix"],"fullName":"HierarchyValidator extractPrefix UT-HIER-008: should extract prefix from ACT ID","status":"passed","title":"UT-HIER-008: should extract prefix from ACT ID","duration":0.13060000000001537,"failureMessages":[],"meta":{}},{"ancestorTitles":["HierarchyValidator","extractPrefix"],"fullName":"HierarchyValidator extractPrefix UT-HIER-009: should extract prefix from TSK ID (4-level)","status":"passed","title":"UT-HIER-009: should extract prefix from TSK ID (4-level)","duration":0.15330000000000155,"failureMessages":[],"meta":{}},{"ancestorTitles":["HierarchyValidator","extractPrefix"],"fullName":"HierarchyValidator extractPrefix UT-HIER-010: should extract prefix from TSK ID (3-level)","status":"passed","title":"UT-HIER-010: should extract prefix from TSK ID (3-level)","duration":0.11690000000004375,"failureMessages":[],"meta":{}},{"ancestorTitles":["HierarchyValidator","getExpectedPrefix"],"fullName":"HierarchyValidator getExpectedPrefix should return correct expected prefix from WP parent","status":"passed","title":"should return correct expected prefix from WP parent","duration":0.20590000000004238,"failureMessages":[],"meta":{}},{"ancestorTitles":["HierarchyValidator","getExpectedPrefix"],"fullName":"HierarchyValidator getExpectedPrefix should return correct expected prefix from ACT parent","status":"passed","title":"should return correct expected prefix from ACT parent","duration":0.1302000000000021,"failureMessages":[],"meta":{}},{"ancestorTitles":["DuplicateChecker","checkDuplicates"],"fullName":"DuplicateChecker checkDuplicates UT-DUP-001: should detect duplicate IDs (2 occurrences)","status":"passed","title":"UT-DUP-001: should detect duplicate IDs (2 occurrences)","duration":0.5871999999999957,"failureMessages":[],"meta":{}},{"ancestorTitles":["DuplicateChecker","checkDuplicates"],"fullName":"DuplicateChecker checkDuplicates UT-DUP-002: should return empty array when no duplicates","status":"passed","title":"UT-DUP-002: should return empty array when no duplicates","duration":0.2746999999999957,"failureMessages":[],"meta":{}},{"ancestorTitles":["DuplicateChecker","checkDuplicates"],"fullName":"DuplicateChecker checkDuplicates UT-DUP-003: should detect duplicate IDs (3+ occurrences)","status":"passed","title":"UT-DUP-003: should detect duplicate IDs (3+ occurrences)","duration":0.26609999999999445,"failureMessages":[],"meta":{}},{"ancestorTitles":["DuplicateChecker","checkDuplicates"],"fullName":"DuplicateChecker checkDuplicates UT-DUP-004: should detect multiple duplicate IDs","status":"passed","title":"UT-DUP-004: should detect multiple duplicate IDs","duration":0.3505999999999858,"failureMessages":[],"meta":{}},{"ancestorTitles":["DuplicateChecker","checkDuplicates"],"fullName":"DuplicateChecker checkDuplicates UT-DUP-005: should return empty array for empty tree","status":"passed","title":"UT-DUP-005: should return empty array for empty tree","duration":0.35960000000000036,"failureMessages":[],"meta":{}},{"ancestorTitles":["DuplicateChecker","checkDuplicates"],"fullName":"DuplicateChecker checkDuplicates UT-DUP-006: should detect duplicates in nested tree","status":"passed","title":"UT-DUP-006: should detect duplicates in nested tree","duration":0.3546000000000049,"failureMessages":[],"meta":{}},{"ancestorTitles":["DuplicateChecker","collectAllIds"],"fullName":"DuplicateChecker collectAllIds should collect all IDs from flat tree","status":"passed","title":"should collect all IDs from flat tree","duration":0.8760000000000332,"failureMessages":[],"meta":{}},{"ancestorTitles":["DuplicateChecker","collectAllIds"],"fullName":"DuplicateChecker collectAllIds should collect all IDs from nested tree","status":"passed","title":"should collect all IDs from nested tree","duration":0.15579999999999927,"failureMessages":[],"meta":{}},{"ancestorTitles":["WbsValidator Integration","validateWbs"],"fullName":"WbsValidator Integration validateWbs IT-VAL-001: should validate valid 4-level WBS tree","status":"passed","title":"IT-VAL-001: should validate valid 4-level WBS tree","duration":1.505200000000002,"failureMessages":[],"meta":{}},{"ancestorTitles":["WbsValidator Integration","validateWbs"],"fullName":"WbsValidator Integration validateWbs IT-VAL-002: should validate valid 3-level WBS tree","status":"passed","title":"IT-VAL-002: should validate valid 3-level WBS tree","duration":0.37520000000000664,"failureMessages":[],"meta":{}},{"ancestorTitles":["WbsValidator Integration","validateWbs"],"fullName":"WbsValidator Integration validateWbs IT-VAL-003: should detect multiple error types","status":"passed","title":"IT-VAL-003: should detect multiple error types","duration":0.43250000000000455,"failureMessages":[],"meta":{}},{"ancestorTitles":["WbsValidator Integration","validateWbs"],"fullName":"WbsValidator Integration validateWbs IT-VAL-004: should detect duplicate and hierarchy errors","status":"passed","title":"IT-VAL-004: should detect duplicate and hierarchy errors","duration":0.5226999999999862,"failureMessages":[],"meta":{}},{"ancestorTitles":["WbsValidator Integration","validateWbs"],"fullName":"WbsValidator Integration validateWbs IT-VAL-005: should validate empty WBS tree as valid","status":"passed","title":"IT-VAL-005: should validate empty WBS tree as valid","duration":0.3018999999999892,"failureMessages":[],"meta":{}},{"ancestorTitles":["WbsValidator Integration","validateWbs"],"fullName":"WbsValidator Integration validateWbs IT-VAL-006: should validate single WP as valid","status":"passed","title":"IT-VAL-006: should validate single WP as valid","duration":0.18259999999997945,"failureMessages":[],"meta":{}},{"ancestorTitles":["WbsValidator Integration","validateWbs"],"fullName":"WbsValidator Integration validateWbs IT-VAL-007: should validate mixed structure (3+4 level)","status":"passed","title":"IT-VAL-007: should validate mixed structure (3+4 level)","duration":0.25569999999999027,"failureMessages":[],"meta":{}},{"ancestorTitles":["WbsValidator Integration","validateWbs"],"fullName":"WbsValidator Integration validateWbs should stop at first error when failFast is true","status":"passed","title":"should stop at first error when failFast is true","duration":0.2717999999999847,"failureMessages":[],"meta":{}},{"ancestorTitles":["WbsValidator Integration","validateWbs"],"fullName":"WbsValidator Integration validateWbs should include validatedAt timestamp","status":"passed","title":"should include validatedAt timestamp","duration":0.3007000000000062,"failureMessages":[],"meta":{}},{"ancestorTitles":["Edge Cases"],"fullName":"Edge Cases EDGE-001: should handle empty WBS tree","status":"passed","title":"EDGE-001: should handle empty WBS tree","duration":0.13290000000000646,"failureMessages":[],"meta":{}},{"ancestorTitles":["Edge Cases"],"fullName":"Edge Cases EDGE-004: should handle single WP only","status":"passed","title":"EDGE-004: should handle single WP only","duration":0.203899999999976,"failureMessages":[],"meta":{}},{"ancestorTitles":["Edge Cases"],"fullName":"Edge Cases EDGE-006: should handle maximum ID values","status":"passed","title":"EDGE-006: should handle maximum ID values","duration":0.17809999999997217,"failureMessages":[],"meta":{}},{"ancestorTitles":["Edge Cases"],"fullName":"Edge Cases EDGE-008: should handle title with special characters","status":"passed","title":"EDGE-008: should handle title with special characters","duration":0.15960000000001173,"failureMessages":[],"meta":{}},{"ancestorTitles":["Edge Cases"],"fullName":"Edge Cases EDGE-009: should handle Unicode characters in title","status":"passed","title":"EDGE-009: should handle Unicode characters in title","duration":0.157100000000014,"failureMessages":[],"meta":{}},{"ancestorTitles":["Edge Cases"],"fullName":"Edge Cases EDGE-010: should detect both ID and attribute errors","status":"passed","title":"EDGE-010: should detect both ID and attribute errors","duration":0.3029000000000224,"failureMessages":[],"meta":{}},{"ancestorTitles":["Performance"],"fullName":"Performance PERF-001: should validate 50 nodes under 10ms","status":"passed","title":"PERF-001: should validate 50 nodes under 10ms","duration":0.6195000000000164,"failureMessages":[],"meta":{}}],"startTime":1765684537721,"endTime":1765684537748.6194,"status":"passed","message":"","name":"C:/project/jjiban/tests/utils/wbs/validator.test.ts"}]}