TN:
SF:server\utils\file.ts
FN:9,(anonymous_0)
FN:16,(anonymous_1)
FN:24,(anonymous_2)
FN:34,readJsonFile
FN:47,writeJsonFile
FN:61,readMarkdownFile
FN:73,writeMarkdownFile
FN:87,fileExists
FN:99,dirExists
FN:111,ensureDir
FN:124,listFiles
FN:128,(anonymous_11)
FN:139,listDirs
FN:142,(anonymous_13)
FN:142,(anonymous_14)
FN:151,getJjibanRoot
FN:158,getSettingsPath
FN:165,getProjectsPath
FN:172,getProjectPath
FN:179,getWbsPath
FN:186,getProjectJsonPath
FN:193,getTeamJsonPath
FN:200,getTaskFolderPath
FN:207,getTaskDocPath
FN:214,getSettingFilePath
FN:221,getTemplatesPath
FN:230,ensureJjibanStructure
FN:265,ensureProjectStructure
FN:296,checkJjibanStructure
FNF:29
FNH:0
FNDA:0,(anonymous_0)
FNDA:0,(anonymous_1)
FNDA:0,(anonymous_2)
FNDA:0,readJsonFile
FNDA:0,writeJsonFile
FNDA:0,readMarkdownFile
FNDA:0,writeMarkdownFile
FNDA:0,fileExists
FNDA:0,dirExists
FNDA:0,ensureDir
FNDA:0,listFiles
FNDA:0,(anonymous_11)
FNDA:0,listDirs
FNDA:0,(anonymous_13)
FNDA:0,(anonymous_14)
FNDA:0,getJjibanRoot
FNDA:0,getSettingsPath
FNDA:0,getProjectsPath
FNDA:0,getProjectPath
FNDA:0,getWbsPath
FNDA:0,getProjectJsonPath
FNDA:0,getTeamJsonPath
FNDA:0,getTaskFolderPath
FNDA:0,getTaskDocPath
FNDA:0,getSettingFilePath
FNDA:0,getTemplatesPath
FNDA:0,ensureJjibanStructure
FNDA:0,ensureProjectStructure
FNDA:0,checkJjibanStructure
DA:5,0
DA:10,0
DA:11,0
DA:17,0
DA:18,0
DA:19,0
DA:25,0
DA:26,0
DA:27,0
DA:35,0
DA:36,0
DA:37,0
DA:39,0
DA:40,0
DA:48,0
DA:49,0
DA:50,0
DA:51,0
DA:53,0
DA:54,0
DA:62,0
DA:63,0
DA:65,0
DA:66,0
DA:74,0
DA:75,0
DA:76,0
DA:77,0
DA:79,0
DA:80,0
DA:88,0
DA:89,0
DA:90,0
DA:92,0
DA:100,0
DA:101,0
DA:102,0
DA:104,0
DA:112,0
DA:113,0
DA:114,0
DA:116,0
DA:117,0
DA:125,0
DA:126,0
DA:127,0
DA:128,0
DA:130,0
DA:132,0
DA:140,0
DA:141,0
DA:142,0
DA:144,0
DA:152,0
DA:159,0
DA:166,0
DA:173,0
DA:180,0
DA:187,0
DA:194,0
DA:201,0
DA:208,0
DA:215,0
DA:222,0
DA:231,0
DA:232,0
DA:234,0
DA:241,0
DA:242,0
DA:243,0
DA:244,0
DA:245,0
DA:246,0
DA:249,0
DA:253,0
DA:266,0
DA:267,0
DA:269,0
DA:270,0
DA:272,0
DA:274,0
DA:275,0
DA:276,0
DA:277,0
DA:278,0
DA:279,0
DA:282,0
DA:286,0
DA:302,0
LF:89
LH:0
BRDA:127,0,0,0
BRDA:127,0,1,0
BRDA:244,1,0,0
BRDA:244,1,1,0
BRDA:249,2,0,0
BRDA:249,2,1,0
BRDA:277,3,0,0
BRDA:277,3,1,0
BRDA:282,4,0,0
BRDA:282,4,1,0
BRF:10
BRH:0
end_of_record
TN:
SF:server\utils\index.ts
FNF:0
FNH:0
LF:0
LH:0
BRF:0
BRH:0
end_of_record
TN:
SF:server\utils\errors\standardError.ts
FN:25,createStandardError
FN:43,createNotFoundError
FN:50,createBadRequestError
FN:57,createConflictError
FN:64,createInternalError
FNF:5
FNH:0
FNDA:0,createStandardError
FNDA:0,createNotFoundError
FNDA:0,createBadRequestError
FNDA:0,createConflictError
FNDA:0,createInternalError
DA:30,0
DA:44,0
DA:51,0
DA:58,0
DA:65,0
LF:5
LH:0
BRF:0
BRH:0
end_of_record
TN:
SF:server\utils\projects\paths.ts
FN:22,isPathSafe
FN:58,getBasePath
FN:88,getProjectsBasePath
FN:97,getProjectDir
FN:108,getProjectFilePath
FN:119,getProjectsListFilePath
FN:131,validateProjectId
FNF:7
FNH:0
FNDA:0,isPathSafe
FNDA:0,getBasePath
FNDA:0,getProjectsBasePath
FNDA:0,getProjectDir
FNDA:0,getProjectFilePath
FNDA:0,getProjectsListFilePath
FNDA:0,validateProjectId
DA:23,0
DA:25,0
DA:26,0
DA:29,0
DA:35,0
DA:39,0
DA:44,0
DA:47,0
DA:59,0
DA:60,0
DA:62,0
DA:63,0
DA:67,0
DA:68,0
DA:69,0
DA:73,0
DA:76,0
DA:77,0
DA:78,0
DA:81,0
DA:89,0
DA:98,0
DA:99,0
DA:112,0
DA:120,0
DA:133,0
DA:134,0
DA:141,0
DA:142,0
DA:143,0
LF:30
LH:0
BRDA:29,0,0,0
BRDA:29,0,1,0
BRDA:30,1,0,0
BRDA:30,1,1,0
BRDA:30,1,2,0
BRDA:30,1,3,0
BRDA:39,2,0,0
BRDA:39,2,1,0
BRDA:39,3,0,0
BRDA:39,3,1,0
BRDA:62,4,0,0
BRDA:62,4,1,0
BRDA:67,5,0,0
BRDA:67,5,1,0
BRDA:76,6,0,0
BRDA:76,6,1,0
BRDA:133,7,0,0
BRDA:133,7,1,0
BRDA:142,8,0,0
BRDA:142,8,1,0
BRDA:142,9,0,0
BRDA:142,9,1,0
BRF:22
BRH:0
end_of_record
TN:
SF:server\utils\projects\projectFacade.ts
FN:27,rollbackProjectCreation
FN:45,createProjectWithRegistration
FNF:2
FNH:0
FNDA:0,rollbackProjectCreation
FNDA:0,createProjectWithRegistration
DA:28,0
DA:29,0
DA:30,0
DA:31,0
DA:33,0
DA:48,0
DA:50,0
DA:52,0
DA:53,0
DA:56,0
DA:65,0
DA:68,0
DA:70,0
DA:73,0
DA:74,0
DA:76,0
LF:16
LH:0
BRDA:61,0,0,0
BRDA:61,0,1,0
BRDA:73,1,0,0
BRDA:73,1,1,0
BRF:4
BRH:0
end_of_record
TN:
SF:server\utils\projects\projectService.ts
FN:20,getProject
FN:39,createProject
FN:83,updateProject
FNF:3
FNH:0
FNDA:0,getProject
FNDA:0,createProject
FNDA:0,updateProject
DA:21,0
DA:23,0
DA:24,0
DA:25,0
DA:28,0
DA:29,0
DA:31,0
DA:40,0
DA:41,0
DA:43,0
DA:55,0
DA:57,0
DA:60,0
DA:67,0
DA:73,0
DA:75,0
DA:88,0
DA:89,0
DA:92,0
DA:94,0
DA:101,0
DA:102,0
DA:107,0
DA:109,0
LF:24
LH:0
BRDA:28,0,0,0
BRDA:28,0,1,0
BRDA:28,1,0,0
BRDA:28,1,1,0
BRDA:28,1,2,0
BRDA:28,1,3,0
BRDA:46,2,0,0
BRDA:46,2,1,0
BRDA:88,3,0,0
BRDA:88,3,1,0
BRDA:88,4,0,0
BRDA:88,4,1,0
BRF:12
BRH:0
end_of_record
TN:
SF:server\utils\projects\projectsListService.ts
FN:27,loadProjectsList
FN:57,saveProjectsList
FN:74,getProjectsList
FN:82,(anonymous_3)
FN:94,isProjectIdDuplicate
FN:96,(anonymous_5)
FN:103,addProjectToList
FN:107,(anonymous_7)
FN:123,updateProjectInList
FN:129,(anonymous_9)
FN:144,setDefaultProject
FN:155,(anonymous_11)
FNF:12
FNH:0
FNDA:0,loadProjectsList
FNDA:0,saveProjectsList
FNDA:0,getProjectsList
FNDA:0,(anonymous_3)
FNDA:0,isProjectIdDuplicate
FNDA:0,(anonymous_5)
FNDA:0,addProjectToList
FNDA:0,(anonymous_7)
FNDA:0,updateProjectInList
FNDA:0,(anonymous_9)
FNDA:0,setDefaultProject
FNDA:0,(anonymous_11)
DA:17,0
DA:28,0
DA:30,0
DA:31,0
DA:32,0
DA:36,0
DA:37,0
DA:41,0
DA:42,0
DA:43,0
DA:47,0
DA:58,0
DA:60,0
DA:61,0
DA:63,0
DA:77,0
DA:79,0
DA:80,0
DA:82,0
DA:86,0
DA:95,0
DA:96,0
DA:104,0
DA:107,0
DA:108,0
DA:114,0
DA:115,0
DA:127,0
DA:129,0
DA:130,0
DA:132,0
DA:135,0
DA:136,0
DA:145,0
DA:148,0
DA:149,0
DA:150,0
DA:151,0
DA:155,0
DA:156,0
DA:157,0
DA:163,0
DA:164,0
LF:43
LH:0
BRDA:36,0,0,0
BRDA:36,0,1,0
BRDA:36,1,0,0
BRDA:36,1,1,0
BRDA:36,1,2,0
BRDA:36,1,3,0
BRDA:41,2,0,0
BRDA:41,2,1,0
BRDA:79,3,0,0
BRDA:79,3,1,0
BRDA:107,4,0,0
BRDA:107,4,1,0
BRDA:130,5,0,0
BRDA:130,5,1,0
BRDA:148,6,0,0
BRDA:148,6,1,0
BRDA:156,7,0,0
BRDA:156,7,1,0
BRF:18
BRH:0
end_of_record
TN:
SF:server\utils\projects\teamService.ts
FN:16,getTeam
FN:36,updateTeam
FN:41,(anonymous_2)
FNF:3
FNH:0
FNDA:0,getTeam
FNDA:0,updateTeam
FNDA:0,(anonymous_2)
DA:17,0
DA:19,0
DA:20,0
DA:21,0
DA:22,0
DA:25,0
DA:26,0
DA:28,0
DA:41,0
DA:42,0
DA:43,0
DA:44,0
DA:47,0
DA:52,0
DA:54,0
DA:55,0
DA:56,0
DA:58,0
LF:18
LH:0
BRDA:25,0,0,0
BRDA:25,0,1,0
BRDA:43,1,0,0
BRDA:43,1,1,0
BRF:4
BRH:0
end_of_record
TN:
SF:server\utils\projects\types.ts
FNF:0
FNH:0
LF:0
LH:0
BRF:0
BRH:0
end_of_record
TN:
SF:server\utils\settings\cache.ts
FN:70,loadFromFile
FN:99,loadFromFiles
FN:123,isCacheValid
FN:131,refreshCache
FN:146,loadSettings
FN:170,getCacheLoadedAt
FNF:6
FNH:5
FNDA:56,loadFromFile
FNDA:14,loadFromFiles
FNDA:18,isCacheValid
FNDA:25,refreshCache
FNDA:16,loadSettings
FNDA:0,getCacheLoadedAt
DA:41,3
DA:51,3
DA:71,56
DA:72,56
DA:74,56
DA:75,56
DA:76,24
DA:79,36
DA:80,32
DA:84,4
DA:85,4
DA:86,4
DA:90,0
DA:91,0
DA:100,14
DA:107,14
DA:124,18
DA:132,25
DA:149,16
DA:150,2
DA:154,14
DA:157,14
DA:163,14
DA:171,0
LF:24
LH:21
BRDA:79,0,0,32
BRDA:79,0,1,4
BRDA:84,1,0,4
BRDA:84,1,1,0
BRDA:124,2,0,18
BRDA:124,2,1,3
BRDA:149,3,0,2
BRDA:149,3,1,14
BRDA:149,4,0,16
BRDA:149,4,1,2
BRF:10
BRH:9
end_of_record
TN:
SF:server\utils\settings\defaults.ts
FN:340,findColumnByStatus
FN:341,(anonymous_1)
FN:353,findWorkflowByCategory
FN:354,(anonymous_3)
FN:356,(anonymous_4)
FN:365,getAvailableTransitions
FN:366,(anonymous_6)
FN:368,(anonymous_7)
FN:377,getAvailableActions
FN:379,(anonymous_9)
FNF:10
FNH:0
FNDA:0,findColumnByStatus
FNDA:0,(anonymous_1)
FNDA:0,findWorkflowByCategory
FNDA:0,(anonymous_3)
FNDA:0,(anonymous_4)
FNDA:0,getAvailableTransitions
FNDA:0,(anonymous_6)
FNDA:0,(anonymous_7)
FNDA:0,getAvailableActions
FNDA:0,(anonymous_9)
DA:27,3
DA:86,3
DA:124,3
DA:257,3
DA:324,3
DA:341,0
DA:342,0
DA:343,0
DA:344,0
DA:354,0
DA:355,0
DA:356,0
DA:366,0
DA:367,0
DA:368,0
DA:378,0
DA:380,0
LF:17
LH:5
BRDA:342,0,0,0
BRDA:342,0,1,0
BRDA:343,1,0,0
BRDA:343,1,1,0
BRDA:355,2,0,0
BRDA:355,2,1,0
BRDA:367,3,0,0
BRDA:367,3,1,0
BRDA:380,4,0,0
BRDA:380,4,1,0
BRF:10
BRH:0
end_of_record
TN:
SF:server\utils\settings\index.ts
FN:37,loadSettings
FN:45,getColumns
FN:54,getCategories
FN:63,getWorkflows
FN:72,getActions
FN:82,getSettingsByType
FN:96,isValidSettingsType
FNF:7
FNH:7
FNDA:8,loadSettings
FNDA:1,getColumns
FNDA:1,getCategories
FNDA:1,getWorkflows
FNDA:1,getActions
FNDA:4,getSettingsByType
FNDA:16,isValidSettingsType
DA:38,8
DA:46,1
DA:47,1
DA:55,1
DA:56,1
DA:64,1
DA:65,1
DA:73,1
DA:74,1
DA:85,4
DA:86,4
DA:97,16
LF:12
LH:12
BRF:0
BRH:0
end_of_record
TN:
SF:server\utils\settings\paths.ts
FN:19,getSettingsBasePath
FN:45,getSettingsDir
FN:54,getSettingsFilePath
FNF:3
FNH:0
FNDA:0,getSettingsBasePath
FNDA:0,getSettingsDir
FNDA:0,getSettingsFilePath
DA:20,0
DA:21,0
DA:24,0
DA:25,0
DA:29,0
DA:33,0
DA:34,0
DA:35,0
DA:38,0
DA:46,0
DA:55,0
LF:11
LH:0
BRDA:24,0,0,0
BRDA:24,0,1,0
BRDA:33,1,0,0
BRDA:33,1,1,0
BRF:4
BRH:0
end_of_record
TN:
SF:server\utils\validators\projectValidators.ts
FN:28,(anonymous_0)
FN:40,(anonymous_1)
FN:46,(anonymous_2)
FNF:3
FNH:0
FNDA:0,(anonymous_0)
FNDA:0,(anonymous_1)
FNDA:0,(anonymous_2)
DA:14,0
DA:23,0
DA:28,0
DA:38,0
DA:40,0
DA:46,0
DA:55,0
DA:67,0
LF:8
LH:0
BRF:0
BRH:0
end_of_record
TN:
SF:server\utils\wbs\index.ts
FNF:0
FNH:0
LF:0
LH:0
BRF:0
BRH:0
end_of_record
TN:
SF:server\utils\wbs\serializer.ts
FN:16,calculateMaxDepth
FN:19,hasActOrDeepTask
FN:55,countNodes
FN:75,sanitizeTitle
FN:95,serializeNode
FN:153,serializeWbs
FNF:6
FNH:0
FNDA:0,calculateMaxDepth
FNDA:0,hasActOrDeepTask
FNDA:0,countNodes
FNDA:0,sanitizeTitle
FNDA:0,serializeNode
FNDA:0,serializeWbs
DA:7,0
DA:8,0
DA:9,0
DA:17,0
DA:20,0
DA:22,0
DA:23,0
DA:25,0
DA:28,0
DA:29,0
DA:32,0
DA:33,0
DA:36,0
DA:37,0
DA:38,0
DA:42,0
DA:45,0
DA:56,0
DA:57,0
DA:59,0
DA:60,0
DA:62,0
DA:63,0
DA:64,0
DA:65,0
DA:68,0
DA:76,0
DA:79,0
DA:82,0
DA:83,0
DA:86,0
DA:97,0
DA:98,0
DA:102,0
DA:103,0
DA:105,0
DA:107,0
DA:110,0
DA:116,0
DA:117,0
DA:120,0
DA:121,0
DA:122,0
DA:126,0
DA:129,0
DA:130,0
DA:132,0
DA:133,0
DA:134,0
DA:137,0
DA:141,0
DA:143,0
DA:159,0
DA:161,0
DA:162,0
DA:166,0
DA:167,0
DA:168,0
DA:172,0
DA:175,0
DA:182,0
DA:185,0
DA:186,0
DA:187,0
DA:188,0
DA:189,0
DA:192,0
DA:193,0
DA:194,0
DA:195,0
DA:196,0
DA:199,0
DA:200,0
DA:201,0
DA:204,0
DA:205,0
DA:206,0
DA:209,0
DA:210,0
DA:211,0
DA:213,0
DA:214,0
DA:220,0
DA:221,0
DA:222,0
DA:223,0
DA:224,0
DA:226,0
DA:227,0
DA:230,0
DA:231,0
DA:232,0
DA:235,0
DA:236,0
DA:237,0
DA:239,0
DA:240,0
DA:246,0
DA:249,0
DA:250,0
DA:252,0
LF:101
LH:0
BRDA:22,0,0,0
BRDA:22,0,1,0
BRDA:28,1,0,0
BRDA:28,1,1,0
BRDA:32,2,0,0
BRDA:32,2,1,0
BRDA:32,3,0,0
BRDA:32,3,1,0
BRDA:36,4,0,0
BRDA:36,4,1,0
BRDA:36,5,0,0
BRDA:36,5,1,0
BRDA:37,6,0,0
BRDA:37,6,1,0
BRDA:45,7,0,0
BRDA:45,7,1,0
BRDA:55,8,0,0
BRDA:59,9,0,0
BRDA:59,9,1,0
BRDA:64,10,0,0
BRDA:64,10,1,0
BRDA:64,11,0,0
BRDA:64,11,1,0
BRDA:76,12,0,0
BRDA:76,12,1,0
BRDA:79,13,0,0
BRDA:79,13,1,0
BRDA:82,14,0,0
BRDA:82,14,1,0
BRDA:97,15,0,0
BRDA:97,15,1,0
BRDA:102,16,0,0
BRDA:102,16,1,0
BRDA:121,17,0,0
BRDA:121,17,1,0
BRDA:129,18,0,0
BRDA:129,18,1,0
BRDA:129,19,0,0
BRDA:129,19,1,0
BRDA:159,20,0,0
BRDA:159,20,1,0
BRDA:159,21,0,0
BRDA:159,21,1,0
BRDA:167,22,0,0
BRDA:167,22,1,0
BRDA:186,23,0,0
BRDA:186,23,1,0
BRDA:199,24,0,0
BRDA:199,24,1,0
BRDA:199,25,0,0
BRDA:199,25,1,0
BRDA:204,26,0,0
BRDA:204,26,1,0
BRDA:204,27,0,0
BRDA:204,27,1,0
BRDA:213,28,0,0
BRDA:213,28,1,0
BRDA:230,29,0,0
BRDA:230,29,1,0
BRDA:230,30,0,0
BRDA:230,30,1,0
BRDA:239,31,0,0
BRDA:239,31,1,0
BRF:63
BRH:0
end_of_record
TN:
SF:server\utils\wbs\taskService.ts
FN:69,findTaskInTree
FN:106,findTaskById
FN:147,buildDocumentInfoList
FN:174,(anonymous_3)
FN:200,getAvailableActions
FN:245,buildHistoryEntry
FN:279,getTaskDetail
FN:291,(anonymous_7)
FN:339,updateTask
FNF:9
FNH:0
FNDA:0,findTaskInTree
FNDA:0,findTaskById
FNDA:0,buildDocumentInfoList
FNDA:0,(anonymous_3)
FNDA:0,getAvailableActions
FNDA:0,buildHistoryEntry
FNDA:0,getTaskDetail
FNDA:0,(anonymous_7)
FNDA:0,updateTask
DA:75,0
DA:76,0
DA:77,0
DA:85,0
DA:87,0
DA:90,0
DA:91,0
DA:92,0
DA:93,0
DA:98,0
DA:108,0
DA:109,0
DA:111,0
DA:112,0
DA:116,0
DA:117,0
DA:118,0
DA:119,0
DA:121,0
DA:122,0
DA:131,0
DA:132,0
DA:136,0
DA:151,0
DA:152,0
DA:154,0
DA:155,0
DA:158,0
DA:159,0
DA:162,0
DA:171,0
DA:172,0
DA:173,0
DA:174,0
DA:176,0
DA:188,0
DA:202,0
DA:204,0
DA:228,0
DA:229,0
DA:230,0
DA:233,0
DA:249,0
DA:251,0
DA:252,0
DA:254,0
DA:255,0
DA:257,0
DA:258,0
DA:261,0
DA:281,0
DA:282,0
DA:283,0
DA:286,0
DA:289,0
DA:290,0
DA:291,0
DA:294,0
DA:297,0
DA:298,0
DA:299,0
DA:302,0
DA:307,0
DA:344,0
DA:345,0
DA:346,0
DA:349,0
DA:352,0
DA:353,0
DA:359,0
DA:360,0
DA:366,0
DA:367,0
DA:368,0
DA:369,0
DA:377,0
DA:388,0
DA:391,0
DA:392,0
DA:393,0
DA:400,0
DA:401,0
DA:402,0
DA:403,0
DA:404,0
DA:405,0
DA:406,0
DA:409,0
DA:410,0
DA:412,0
DA:419,0
DA:420,0
DA:423,0
DA:424,0
DA:427,0
DA:428,0
DA:431,0
LF:97
LH:0
BRDA:76,0,0,0
BRDA:76,0,1,0
BRDA:76,1,0,0
BRDA:76,1,1,0
BRDA:79,2,0,0
BRDA:79,2,1,0
BRDA:85,3,0,0
BRDA:85,3,1,0
BRDA:87,4,0,0
BRDA:87,4,1,0
BRDA:90,5,0,0
BRDA:90,5,1,0
BRDA:90,6,0,0
BRDA:90,6,1,0
BRDA:92,7,0,0
BRDA:92,7,1,0
BRDA:111,8,0,0
BRDA:111,8,1,0
BRDA:111,9,0,0
BRDA:111,9,1,0
BRDA:121,10,0,0
BRDA:121,10,1,0
BRDA:154,11,0,0
BRDA:154,11,1,0
BRDA:172,12,0,0
BRDA:172,12,1,0
BRDA:174,13,0,0
BRDA:174,13,1,0
BRDA:202,14,0,0
BRDA:202,14,1,0
BRDA:229,15,0,0
BRDA:229,15,1,0
BRDA:233,16,0,0
BRDA:233,16,1,0
BRDA:251,17,0,0
BRDA:251,17,1,0
BRDA:251,18,0,0
BRDA:251,18,1,0
BRDA:254,19,0,0
BRDA:254,19,1,0
BRDA:254,20,0,0
BRDA:254,20,1,0
BRDA:257,21,0,0
BRDA:257,21,1,0
BRDA:258,22,0,0
BRDA:258,22,1,0
BRDA:258,23,0,0
BRDA:258,23,1,0
BRDA:282,24,0,0
BRDA:282,24,1,0
BRDA:291,25,0,0
BRDA:291,25,1,0
BRDA:299,26,0,0
BRDA:299,26,1,0
BRDA:304,27,0,0
BRDA:304,27,1,0
BRDA:311,28,0,0
BRDA:311,28,1,0
BRDA:312,29,0,0
BRDA:312,29,1,0
BRDA:313,30,0,0
BRDA:313,30,1,0
BRDA:317,31,0,0
BRDA:317,31,1,0
BRDA:318,32,0,0
BRDA:318,32,1,0
BRDA:319,33,0,0
BRDA:319,33,1,0
BRDA:345,34,0,0
BRDA:345,34,1,0
BRDA:352,35,0,0
BRDA:352,35,1,0
BRDA:352,36,0,0
BRDA:352,36,1,0
BRDA:352,36,2,0
BRDA:359,37,0,0
BRDA:359,37,1,0
BRDA:359,38,0,0
BRDA:359,38,1,0
BRDA:366,39,0,0
BRDA:366,39,1,0
BRDA:368,40,0,0
BRDA:368,40,1,0
BRDA:392,41,0,0
BRDA:392,41,1,0
BRDA:400,42,0,0
BRDA:400,42,1,0
BRDA:401,43,0,0
BRDA:401,43,1,0
BRDA:402,44,0,0
BRDA:402,44,1,0
BRDA:403,45,0,0
BRDA:403,45,1,0
BRDA:404,46,0,0
BRDA:404,46,1,0
BRDA:405,47,0,0
BRDA:405,47,1,0
BRDA:406,48,0,0
BRDA:406,48,1,0
BRDA:414,49,0,0
BRDA:414,49,1,0
BRDA:423,50,0,0
BRDA:423,50,1,0
BRF:103
BRH:0
end_of_record
TN:
SF:server\utils\wbs\wbsService.ts
FN:33,parseMetadata
FN:77,checkUpdatedDate
FN:98,getWbsTree
FN:153,saveWbsTree
FN:172,(anonymous_4)
FN:214,(anonymous_5)
FN:230,(anonymous_6)
FNF:7
FNH:0
FNDA:0,parseMetadata
FNDA:0,checkUpdatedDate
FNDA:0,getWbsTree
FNDA:0,saveWbsTree
FNDA:0,(anonymous_4)
FNDA:0,(anonymous_5)
FNDA:0,(anonymous_6)
DA:34,0
DA:35,0
DA:42,0
DA:44,0
DA:45,0
DA:48,0
DA:49,0
DA:50,0
DA:52,0
DA:53,0
DA:54,0
DA:55,0
DA:56,0
DA:57,0
DA:58,0
DA:59,0
DA:60,0
DA:62,0
DA:64,0
DA:68,0
DA:78,0
DA:79,0
DA:102,0
DA:105,0
DA:106,0
DA:107,0
DA:111,0
DA:112,0
DA:113,0
DA:119,0
DA:121,0
DA:124,0
DA:126,0
DA:128,0
DA:158,0
DA:159,0
DA:162,0
DA:163,0
DA:164,0
DA:165,0
DA:169,0
DA:170,0
DA:171,0
DA:172,0
DA:174,0
DA:181,0
DA:182,0
DA:183,0
DA:184,0
DA:185,0
DA:186,0
DA:190,0
DA:192,0
DA:193,0
DA:197,0
DA:200,0
DA:201,0
DA:203,0
DA:204,0
DA:206,0
DA:213,0
DA:214,0
DA:220,0
DA:221,0
DA:223,0
DA:229,0
DA:230,0
DA:236,0
DA:237,0
DA:240,0
LF:70
LH:0
BRDA:48,0,0,0
BRDA:48,0,1,0
BRDA:52,1,0,0
BRDA:52,1,1,0
BRDA:54,2,0,0
BRDA:54,2,1,0
BRDA:56,3,0,0
BRDA:56,3,1,0
BRDA:56,4,0,0
BRDA:56,4,1,0
BRDA:57,5,0,0
BRDA:57,5,1,0
BRDA:59,6,0,0
BRDA:59,6,1,0
BRDA:62,7,0,0
BRDA:62,7,1,0
BRDA:62,8,0,0
BRDA:62,8,1,0
BRDA:78,9,0,0
BRDA:78,9,1,0
BRDA:106,10,0,0
BRDA:106,10,1,0
BRDA:112,11,0,0
BRDA:112,11,1,0
BRDA:130,12,0,0
BRDA:130,12,1,0
BRDA:164,13,0,0
BRDA:164,13,1,0
BRDA:170,14,0,0
BRDA:170,14,1,0
BRDA:182,15,0,0
BRDA:182,15,1,0
BRDA:184,16,0,0
BRDA:184,16,1,0
BRDA:192,17,0,0
BRDA:192,17,1,0
BRDA:201,18,0,0
BRDA:201,18,1,0
BRDA:203,19,0,0
BRDA:203,19,1,0
BRDA:213,20,0,0
BRDA:213,20,1,0
BRDA:221,21,0,0
BRDA:221,21,1,0
BRDA:229,22,0,0
BRDA:229,22,1,0
BRDA:229,23,0,0
BRDA:229,23,1,0
BRDA:236,24,0,0
BRDA:236,24,1,0
BRDA:236,25,0,0
BRDA:236,25,1,0
BRDA:236,25,2,0
BRDA:242,26,0,0
BRDA:242,26,1,0
BRF:55
BRH:0
end_of_record
TN:
SF:server\utils\wbs\parser\attributes.ts
FN:27,parseNodeAttributes
FN:92,parseCategory
FN:106,parseStatus
FN:119,parsePriority
FN:133,parseSchedule
FN:150,parseTags
FN:155,(anonymous_6)
FN:168,parseRequirements
FNF:8
FNH:0
FNDA:0,parseNodeAttributes
FNDA:0,parseCategory
FNDA:0,parseStatus
FNDA:0,parsePriority
FNDA:0,parseSchedule
FNDA:0,parseTags
FNDA:0,(anonymous_6)
FNDA:0,parseRequirements
DA:28,0
DA:30,0
DA:31,0
DA:32,0
DA:34,0
DA:35,0
DA:38,0
DA:40,0
DA:42,0
DA:43,0
DA:46,0
DA:47,0
DA:50,0
DA:51,0
DA:55,0
DA:56,0
DA:59,0
DA:60,0
DA:63,0
DA:64,0
DA:68,0
DA:69,0
DA:73,0
DA:74,0
DA:77,0
DA:78,0
DA:82,0
DA:86,0
DA:93,0
DA:95,0
DA:96,0
DA:99,0
DA:107,0
DA:109,0
DA:110,0
DA:113,0
DA:120,0
DA:122,0
DA:123,0
DA:126,0
DA:134,0
DA:136,0
DA:137,0
DA:140,0
DA:151,0
DA:152,0
DA:155,0
DA:169,0
DA:171,0
DA:172,0
DA:175,0
DA:177,0
DA:178,0
DA:179,0
DA:181,0
DA:182,0
DA:184,0
DA:187,0
DA:191,0
LF:59
LH:0
BRDA:34,0,0,0
BRDA:34,0,1,0
BRDA:40,1,0,0
BRDA:40,1,1,0
BRDA:40,1,2,0
BRDA:40,1,3,0
BRDA:40,1,4,0
BRDA:40,1,5,0
BRDA:40,1,6,0
BRDA:40,1,7,0
BRDA:40,1,8,0
BRDA:40,1,9,0
BRDA:55,2,0,0
BRDA:55,2,1,0
BRDA:68,3,0,0
BRDA:68,3,1,0
BRDA:95,4,0,0
BRDA:95,4,1,0
BRDA:109,5,0,0
BRDA:109,5,1,0
BRDA:122,6,0,0
BRDA:122,6,1,0
BRDA:136,7,0,0
BRDA:136,7,1,0
BRDA:151,8,0,0
BRDA:151,8,1,0
BRDA:151,9,0,0
BRDA:151,9,1,0
BRDA:177,10,0,0
BRDA:177,10,1,0
BRDA:179,11,0,0
BRDA:179,11,1,0
BRDA:182,12,0,0
BRDA:182,12,1,0
BRF:34
BRH:0
end_of_record
TN:
SF:server\utils\wbs\parser\header.ts
FN:27,parseNodeHeader
FN:72,determineNodeType
FNF:2
FNH:0
FNDA:0,parseNodeHeader
FNDA:0,determineNodeType
DA:29,0
DA:31,0
DA:32,0
DA:35,0
DA:38,0
DA:39,0
DA:43,0
DA:46,0
DA:47,0
DA:48,0
DA:50,0
DA:53,0
DA:54,0
DA:55,0
DA:58,0
DA:73,0
DA:74,0
DA:77,0
DA:78,0
DA:81,0
DA:82,0
DA:85,0
DA:86,0
DA:89,0
LF:24
LH:0
BRDA:31,0,0,0
BRDA:31,0,1,0
BRDA:38,1,0,0
BRDA:38,1,1,0
BRDA:38,2,0,0
BRDA:38,2,1,0
BRDA:47,3,0,0
BRDA:47,3,1,0
BRDA:54,4,0,0
BRDA:54,4,1,0
BRDA:73,5,0,0
BRDA:73,5,1,0
BRDA:77,6,0,0
BRDA:77,6,1,0
BRDA:81,7,0,0
BRDA:81,7,1,0
BRDA:85,8,0,0
BRDA:85,8,1,0
BRF:18
BRH:0
end_of_record
TN:
SF:server\utils\wbs\parser\index.ts
FN:32,parseWbsMarkdown
FNF:1
FNH:0
FNDA:0,parseWbsMarkdown
DA:34,0
DA:35,0
DA:39,0
DA:40,0
DA:41,0
DA:42,0
DA:43,0
DA:44,0
DA:46,0
DA:48,0
DA:49,0
DA:50,0
DA:53,0
DA:54,0
DA:58,0
DA:59,0
DA:63,0
DA:65,0
DA:67,0
DA:68,0
DA:69,0
DA:73,0
DA:80,0
DA:81,0
DA:83,0
DA:88,0
DA:89,0
DA:90,0
DA:94,0
DA:97,0
DA:99,0
LF:31
LH:0
BRDA:34,0,0,0
BRDA:34,0,1,0
BRDA:34,1,0,0
BRDA:34,1,1,0
BRDA:48,2,0,0
BRDA:48,2,1,0
BRDA:53,3,0,0
BRDA:53,3,1,0
BRDA:58,4,0,0
BRDA:58,4,1,0
BRDA:65,5,0,0
BRDA:65,5,1,0
BRDA:67,6,0,0
BRDA:67,6,1,0
BRDA:81,7,0,0
BRDA:81,7,1,0
BRDA:88,8,0,0
BRDA:88,8,1,0
BRF:18
BRH:0
end_of_record
TN:
SF:server\utils\wbs\parser\patterns.ts
FNF:0
FNH:0
DA:8,0
DA:11,0
DA:12,0
DA:13,0
DA:14,0
DA:17,0
DA:20,0
DA:23,0
DA:26,0
DA:29,0
DA:32,0
LF:11
LH:0
BRF:0
BRH:0
end_of_record
TN:
SF:server\utils\wbs\parser\tree.ts
FN:20,buildTree
FN:80,determineParentId
FN:112,calculateProgress
FN:123,(anonymous_3)
FN:152,collectAllTasks
FNF:5
FNH:0
FNDA:0,buildTree
FNDA:0,determineParentId
FNDA:0,calculateProgress
FNDA:0,(anonymous_3)
FNDA:0,collectAllTasks
DA:21,0
DA:22,0
DA:25,0
DA:26,0
DA:45,0
DA:49,0
DA:50,0
DA:52,0
DA:54,0
DA:56,0
DA:58,0
DA:59,0
DA:62,0
DA:63,0
DA:68,0
DA:81,0
DA:83,0
DA:84,0
DA:87,0
DA:89,0
DA:92,0
DA:93,0
DA:95,0
DA:96,0
DA:98,0
DA:102,0
DA:113,0
DA:114,0
DA:116,0
DA:119,0
DA:122,0
DA:123,0
DA:125,0
DA:126,0
DA:127,0
DA:130,0
DA:131,0
DA:135,0
DA:136,0
DA:137,0
DA:139,0
DA:140,0
DA:153,0
DA:155,0
DA:156,0
DA:159,0
DA:160,0
DA:163,0
LF:48
LH:0
BRDA:52,0,0,0
BRDA:52,0,1,0
BRDA:58,1,0,0
BRDA:58,1,1,0
BRDA:83,2,0,0
BRDA:83,2,1,0
BRDA:87,3,0,0
BRDA:87,3,1,0
BRDA:92,4,0,0
BRDA:92,4,1,0
BRDA:93,5,0,0
BRDA:93,5,1,0
BRDA:96,6,0,0
BRDA:96,6,1,0
BRDA:114,7,0,0
BRDA:114,7,1,0
BRDA:125,8,0,0
BRDA:125,8,1,0
BRDA:135,9,0,0
BRDA:135,9,1,0
BRDA:137,10,0,0
BRDA:137,10,1,0
BRDA:155,11,0,0
BRDA:155,11,1,0
BRF:24
BRH:0
end_of_record
TN:
SF:server\utils\wbs\parser\types.ts
FNF:0
FNH:0
LF:0
LH:0
BRF:0
BRH:0
end_of_record
TN:
SF:server\utils\wbs\serializer\attributes.ts
FN:8,serializeAttributes
FNF:1
FNH:0
FNDA:0,serializeAttributes
DA:9,0
DA:12,0
DA:13,0
DA:17,0
DA:18,0
DA:22,0
DA:23,0
DA:27,0
DA:28,0
DA:29,0
DA:30,0
DA:34,0
DA:35,0
DA:39,0
DA:40,0
DA:44,0
DA:45,0
DA:49,0
DA:50,0
DA:51,0
DA:52,0
DA:57,0
DA:58,0
DA:62,0
DA:64,0
DA:65,0
DA:68,0
LF:27
LH:0
BRDA:12,0,0,0
BRDA:12,0,1,0
BRDA:17,1,0,0
BRDA:17,1,1,0
BRDA:22,2,0,0
BRDA:22,2,1,0
BRDA:27,3,0,0
BRDA:27,3,1,0
BRDA:27,4,0,0
BRDA:27,4,1,0
BRDA:29,5,0,0
BRDA:29,5,1,0
BRDA:34,6,0,0
BRDA:34,6,1,0
BRDA:34,7,0,0
BRDA:34,7,1,0
BRDA:39,8,0,0
BRDA:39,8,1,0
BRDA:39,9,0,0
BRDA:39,9,1,0
BRDA:44,10,0,0
BRDA:44,10,1,0
BRDA:49,11,0,0
BRDA:49,11,1,0
BRDA:49,12,0,0
BRDA:49,12,1,0
BRDA:57,13,0,0
BRDA:57,13,1,0
BRDA:62,14,0,0
BRDA:62,14,1,0
BRDA:62,15,0,0
BRDA:62,15,1,0
BRDA:62,15,2,0
BRDA:62,15,3,0
BRDA:64,16,0,0
BRDA:64,16,1,0
BRF:36
BRH:0
end_of_record
TN:
SF:server\utils\wbs\serializer\header.ts
FN:9,serializeHeader
FNF:1
FNH:0
FNDA:0,serializeHeader
DA:10,0
DA:11,0
DA:13,0
DA:15,0
DA:18,0
DA:21,0
DA:25,0
DA:26,0
DA:28,0
DA:32,0
DA:33,0
LF:11
LH:0
BRDA:10,0,0,0
BRDA:10,0,1,0
BRDA:11,1,0,0
BRDA:11,1,1,0
BRDA:13,2,0,0
BRDA:13,2,1,0
BRDA:13,2,2,0
BRDA:13,2,3,0
BRDA:13,2,4,0
BRDA:25,3,0,0
BRDA:25,3,1,0
BRF:11
BRH:0
end_of_record
TN:
SF:server\utils\wbs\serializer\metadata.ts
FN:6,getCurrentDate
FN:20,buildMetadataBlock
FNF:2
FNH:0
FNDA:0,getCurrentDate
FNDA:0,buildMetadataBlock
DA:7,0
DA:8,0
DA:9,0
DA:10,0
DA:11,0
DA:21,0
DA:22,0
DA:23,0
DA:27,0
DA:28,0
DA:30,0
DA:33,0
DA:40,0
LF:13
LH:0
BRDA:21,0,0,0
BRDA:21,0,1,0
BRDA:22,1,0,0
BRDA:22,1,1,0
BRDA:23,2,0,0
BRDA:23,2,1,0
BRDA:23,2,2,0
BRDA:27,3,0,0
BRDA:27,3,1,0
BRDA:28,4,0,0
BRDA:28,4,1,0
BRF:11
BRH:0
end_of_record
TN:
SF:server\utils\wbs\validation\index.ts
FN:35,validateNode
FN:82,collectErrors
FN:148,validateWbs
FNF:3
FNH:0
FNDA:0,validateNode
FNDA:0,collectErrors
FNDA:0,validateWbs
DA:40,0
DA:43,0
DA:44,0
DA:45,0
DA:49,0
DA:50,0
DA:51,0
DA:54,0
DA:55,0
DA:56,0
DA:57,0
DA:63,0
DA:64,0
DA:65,0
DA:68,0
DA:90,0
DA:92,0
DA:93,0
DA:99,0
DA:102,0
DA:103,0
DA:106,0
DA:107,0
DA:110,0
DA:111,0
DA:115,0
DA:116,0
DA:124,0
DA:125,0
DA:129,0
DA:132,0
DA:152,0
DA:153,0
DA:154,0
DA:157,0
DA:158,0
DA:168,0
DA:169,0
DA:172,0
DA:173,0
DA:183,0
DA:185,0
LF:42
LH:0
BRDA:44,0,0,0
BRDA:44,0,1,0
BRDA:49,1,0,0
BRDA:49,1,1,0
BRDA:54,2,0,0
BRDA:54,2,1,0
BRDA:56,3,0,0
BRDA:56,3,1,0
BRDA:64,4,0,0
BRDA:64,4,1,0
BRDA:88,5,0,0
BRDA:92,6,0,0
BRDA:92,6,1,0
BRDA:110,7,0,0
BRDA:110,7,1,0
BRDA:110,8,0,0
BRDA:110,8,1,0
BRDA:115,9,0,0
BRDA:115,9,1,0
BRDA:115,10,0,0
BRDA:115,10,1,0
BRDA:124,11,0,0
BRDA:124,11,1,0
BRDA:157,12,0,0
BRDA:157,12,1,0
BRDA:157,13,0,0
BRDA:157,13,1,0
BRDA:172,14,0,0
BRDA:172,14,1,0
BRDA:172,15,0,0
BRDA:172,15,1,0
BRF:31
BRH:0
end_of_record
TN:
SF:server\utils\wbs\validation\types.ts
FNF:0
FNH:0
LF:0
LH:0
BRF:0
BRH:0
end_of_record
TN:
SF:server\utils\wbs\validation\validators\attribute-validator.ts
FN:22,validateCategory
FN:32,validatePriority
FN:42,validateAttributes
FNF:3
FNH:0
FNDA:0,validateCategory
FNDA:0,validatePriority
FNDA:0,validateAttributes
DA:14,0
DA:23,0
DA:33,0
DA:43,0
DA:46,0
DA:47,0
DA:51,0
DA:52,0
DA:55,0
DA:56,0
DA:63,0
DA:67,0
DA:68,0
DA:79,0
DA:80,0
DA:92,0
LF:16
LH:0
BRDA:46,0,0,0
BRDA:46,0,1,0
BRDA:55,1,0,0
BRDA:55,1,1,0
BRDA:55,2,0,0
BRDA:55,2,1,0
BRDA:55,2,2,0
BRDA:67,3,0,0
BRDA:67,3,1,0
BRDA:67,4,0,0
BRDA:67,4,1,0
BRDA:79,5,0,0
BRDA:79,5,1,0
BRDA:79,6,0,0
BRDA:79,6,1,0
BRF:15
BRH:0
end_of_record
TN:
SF:server\utils\wbs\validation\validators\duplicate-checker.ts
FN:18,collectAllIds
FN:21,traverse
FN:42,checkDuplicates
FNF:3
FNH:0
FNDA:0,collectAllIds
FNDA:0,traverse
FNDA:0,checkDuplicates
DA:19,0
DA:22,0
DA:23,0
DA:24,0
DA:25,0
DA:30,0
DA:31,0
DA:43,0
DA:46,0
DA:49,0
DA:50,0
DA:51,0
DA:55,0
DA:56,0
DA:57,0
DA:66,0
LF:16
LH:0
BRDA:24,0,0,0
BRDA:24,0,1,0
BRDA:24,1,0,0
BRDA:24,1,1,0
BRDA:51,2,0,0
BRDA:51,2,1,0
BRDA:56,3,0,0
BRDA:56,3,1,0
BRF:8
BRH:0
end_of_record
TN:
SF:server\utils\wbs\validation\validators\hierarchy-validator.ts
FN:25,extractPrefix
FN:67,getExpectedPrefix
FN:93,validateHierarchy
FNF:3
FNH:0
FNDA:0,extractPrefix
FNDA:0,getExpectedPrefix
FNDA:0,validateHierarchy
DA:26,0
DA:28,0
DA:30,0
DA:33,0
DA:37,0
DA:42,0
DA:44,0
DA:45,0
DA:47,0
DA:49,0
DA:52,0
DA:68,0
DA:70,0
DA:72,0
DA:75,0
DA:79,0
DA:82,0
DA:95,0
DA:97,0
DA:98,0
DA:101,0
DA:110,0
DA:112,0
DA:119,0
DA:121,0
DA:122,0
DA:124,0
DA:125,0
DA:127,0
DA:129,0
DA:130,0
DA:132,0
DA:136,0
DA:137,0
DA:147,0
LF:35
LH:0
BRDA:26,0,0,0
BRDA:26,0,1,0
BRDA:30,1,0,0
BRDA:30,1,1,0
BRDA:30,1,2,0
BRDA:30,1,3,0
BRDA:33,2,0,0
BRDA:33,2,1,0
BRDA:42,3,0,0
BRDA:42,3,1,0
BRDA:45,4,0,0
BRDA:45,4,1,0
BRDA:47,5,0,0
BRDA:47,5,1,0
BRDA:68,6,0,0
BRDA:68,6,1,0
BRDA:72,7,0,0
BRDA:72,7,1,0
BRDA:72,7,2,0
BRDA:75,8,0,0
BRDA:75,8,1,0
BRDA:95,9,0,0
BRDA:95,9,1,0
BRDA:97,10,0,0
BRDA:97,10,1,0
BRDA:121,11,0,0
BRDA:121,11,1,0
BRDA:122,12,0,0
BRDA:122,12,1,0
BRDA:125,13,0,0
BRDA:125,13,1,0
BRDA:129,14,0,0
BRDA:129,14,1,0
BRDA:130,15,0,0
BRDA:130,15,1,0
BRDA:136,16,0,0
BRDA:136,16,1,0
BRF:37
BRH:0
end_of_record
TN:
SF:server\utils\wbs\validation\validators\id-validator.ts
FN:25,getPatterns
FN:49,validateId
FN:72,(anonymous_2)
FN:75,(anonymous_3)
FNF:4
FNH:0
FNDA:0,getPatterns
FNDA:0,validateId
FNDA:0,(anonymous_2)
FNDA:0,(anonymous_3)
DA:13,0
DA:14,0
DA:15,0
DA:16,0
DA:26,0
DA:28,0
DA:30,0
DA:32,0
DA:33,0
DA:35,0
DA:37,0
DA:51,0
DA:52,0
DA:60,0
DA:62,0
DA:63,0
DA:72,0
DA:74,0
DA:75,0
DA:76,0
DA:87,0
LF:21
LH:0
BRDA:26,0,0,0
BRDA:26,0,1,0
BRDA:26,0,2,0
BRDA:26,0,3,0
BRDA:32,1,0,0
BRDA:32,1,1,0
BRDA:33,2,0,0
BRDA:33,2,1,0
BRDA:51,3,0,0
BRDA:51,3,1,0
BRDA:51,4,0,0
BRDA:51,4,1,0
BRDA:55,5,0,0
BRDA:55,5,1,0
BRDA:62,6,0,0
BRDA:62,6,1,0
BRDA:74,7,0,0
BRDA:74,7,1,0
BRF:18
BRH:0
end_of_record
TN:
SF:server\utils\wbs\validation\validators\status-validator.ts
FN:18,isValidStatus
FN:32,validateStatus
FNF:2
FNH:0
FNDA:0,isValidStatus
FNDA:0,validateStatus
DA:19,0
DA:20,0
DA:22,0
DA:34,0
DA:35,0
DA:46,0
DA:47,0
DA:58,0
LF:8
LH:0
BRDA:19,0,0,0
BRDA:19,0,1,0
BRDA:19,1,0,0
BRDA:19,1,1,0
BRDA:34,2,0,0
BRDA:34,2,1,0
BRDA:34,3,0,0
BRDA:34,3,1,0
BRDA:40,4,0,0
BRDA:40,4,1,0
BRDA:46,5,0,0
BRDA:46,5,1,0
BRDA:52,6,0,0
BRDA:52,6,1,0
BRF:14
BRH:0
end_of_record
TN:
SF:server\utils\workflow\documentService.ts
FN:29,extractStatusCode
FN:40,determineDocumentType
FN:87,getExistingDocuments
FN:139,getExpectedDocuments
FN:157,(anonymous_4)
FN:168,(anonymous_5)
FN:194,getTaskDocuments
FN:214,(anonymous_7)
FN:216,(anonymous_8)
FN:223,(anonymous_9)
FNF:10
FNH:0
FNDA:0,extractStatusCode
FNDA:0,determineDocumentType
FNDA:0,getExistingDocuments
FNDA:0,getExpectedDocuments
FNDA:0,(anonymous_4)
FNDA:0,(anonymous_5)
FNDA:0,getTaskDocuments
FNDA:0,(anonymous_7)
FNDA:0,(anonymous_8)
FNDA:0,(anonymous_9)
DA:30,0
DA:31,0
DA:32,0
DA:41,0
DA:55,0
DA:56,0
DA:60,0
DA:61,0
DA:65,0
DA:66,0
DA:68,0
DA:69,0
DA:71,0
DA:72,0
DA:74,0
DA:75,0
DA:78,0
DA:91,0
DA:92,0
DA:94,0
DA:95,0
DA:98,0
DA:99,0
DA:101,0
DA:102,0
DA:103,0
DA:105,0
DA:106,0
DA:107,0
DA:119,0
DA:129,0
DA:145,0
DA:146,0
DA:147,0
DA:150,0
DA:151,0
DA:152,0
DA:155,0
DA:156,0
DA:157,0
DA:160,0
DA:161,0
DA:164,0
DA:167,0
DA:168,0
DA:171,0
DA:172,0
DA:173,0
DA:185,0
DA:199,0
DA:200,0
DA:201,0
DA:204,0
DA:205,0
DA:208,0
DA:211,0
DA:214,0
DA:215,0
DA:216,0
DA:220,0
DA:223,0
DA:224,0
DA:225,0
DA:226,0
DA:229,0
LF:65
LH:0
BRDA:30,0,0,0
BRDA:30,0,1,0
BRDA:32,1,0,0
BRDA:32,1,1,0
BRDA:55,2,0,0
BRDA:55,2,1,0
BRDA:60,3,0,0
BRDA:60,3,1,0
BRDA:65,4,0,0
BRDA:65,4,1,0
BRDA:65,5,0,0
BRDA:65,5,1,0
BRDA:65,5,2,0
BRDA:68,6,0,0
BRDA:68,6,1,0
BRDA:71,7,0,0
BRDA:71,7,1,0
BRDA:74,8,0,0
BRDA:74,8,1,0
BRDA:94,9,0,0
BRDA:94,9,1,0
BRDA:146,10,0,0
BRDA:146,10,1,0
BRDA:160,11,0,0
BRDA:160,11,1,0
BRDA:168,12,0,0
BRDA:168,12,1,0
BRDA:172,13,0,0
BRDA:172,13,1,0
BRDA:200,14,0,0
BRDA:200,14,1,0
BRDA:205,15,0,0
BRDA:205,15,1,0
BRDA:224,16,0,0
BRDA:224,16,1,0
BRDA:224,17,0,0
BRDA:224,17,1,0
BRDA:225,18,0,0
BRDA:225,18,1,0
BRDA:225,19,0,0
BRDA:225,19,1,0
BRF:41
BRH:0
end_of_record
TN:
SF:server\utils\workflow\index.ts
FNF:0
FNH:0
LF:0
LH:0
BRF:0
BRH:0
end_of_record
TN:
SF:server\utils\workflow\stateMapper.ts
FN:21,getWorkflowByCategory
FN:26,(anonymous_1)
FN:43,statusCodeToName
FN:62,(anonymous_3)
FN:68,(anonymous_4)
FN:78,nameToStatusCode
FN:94,(anonymous_6)
FN:107,getAllStateMappings
FNF:8
FNH:0
FNDA:0,getWorkflowByCategory
FNDA:0,(anonymous_1)
FNDA:0,statusCodeToName
FNDA:0,(anonymous_3)
FNDA:0,(anonymous_4)
FNDA:0,nameToStatusCode
FNDA:0,(anonymous_6)
FNDA:0,getAllStateMappings
DA:25,0
DA:26,0
DA:28,0
DA:29,0
DA:34,0
DA:47,0
DA:49,0
DA:50,0
DA:54,0
DA:57,0
DA:58,0
DA:62,0
DA:63,0
DA:64,0
DA:68,0
DA:69,0
DA:82,0
DA:84,0
DA:85,0
DA:89,0
DA:90,0
DA:94,0
DA:95,0
DA:96,0
DA:99,0
DA:110,0
DA:112,0
DA:113,0
DA:116,0
DA:121,0
DA:122,0
DA:125,0
LF:32
LH:0
BRDA:23,0,0,0
BRDA:28,1,0,0
BRDA:28,1,1,0
BRDA:28,2,0,0
BRDA:28,2,1,0
BRDA:34,3,0,0
BRDA:34,3,1,0
BRDA:49,4,0,0
BRDA:49,4,1,0
BRDA:57,5,0,0
BRDA:57,5,1,0
BRDA:57,6,0,0
BRDA:57,6,1,0
BRDA:63,7,0,0
BRDA:63,7,1,0
BRDA:69,8,0,0
BRDA:69,8,1,0
BRDA:84,9,0,0
BRDA:84,9,1,0
BRDA:89,10,0,0
BRDA:89,10,1,0
BRDA:95,11,0,0
BRDA:95,11,1,0
BRDA:112,12,0,0
BRDA:112,12,1,0
BRF:25
BRH:0
end_of_record
TN:
SF:server\utils\workflow\statusUtils.ts
FN:13,extractStatusCode
FN:24,formatStatusCode
FN:33,isTodoStatus
FNF:3
FNH:0
FNDA:0,extractStatusCode
FNDA:0,formatStatusCode
FNDA:0,isTodoStatus
DA:14,0
DA:15,0
DA:16,0
DA:25,0
DA:34,0
DA:35,0
DA:36,0
LF:7
LH:0
BRDA:14,0,0,0
BRDA:14,0,1,0
BRDA:16,1,0,0
BRDA:16,1,1,0
BRDA:25,2,0,0
BRDA:25,2,1,0
BRDA:25,3,0,0
BRDA:25,3,1,0
BRDA:34,4,0,0
BRDA:34,4,1,0
BRDA:36,5,0,0
BRDA:36,5,1,0
BRF:12
BRH:0
end_of_record
TN:
SF:server\utils\workflow\transitionService.ts
FN:35,extractStatusCode
FN:48,findTransition
FN:57,(anonymous_2)
FN:66,(anonymous_3)
FN:79,createDocument
FN:116,validateTransition
FN:150,executeTransition
FN:189,updateTaskStatus
FN:245,getAvailableCommands
FN:261,(anonymous_9)
FN:270,(anonymous_10)
FN:271,(anonymous_11)
FNF:12
FNH:0
FNDA:0,extractStatusCode
FNDA:0,findTransition
FNDA:0,(anonymous_2)
FNDA:0,(anonymous_3)
FNDA:0,createDocument
FNDA:0,validateTransition
FNDA:0,executeTransition
FNDA:0,updateTaskStatus
FNDA:0,getAvailableCommands
FNDA:0,(anonymous_9)
FNDA:0,(anonymous_10)
FNDA:0,(anonymous_11)
DA:36,0
DA:37,0
DA:38,0
DA:53,0
DA:56,0
DA:57,0
DA:60,0
DA:61,0
DA:65,0
DA:66,0
DA:69,0
DA:84,0
DA:85,0
DA:87,0
DA:90,0
DA:91,0
DA:95,0
DA:107,0
DA:121,0
DA:122,0
DA:123,0
DA:126,0
DA:127,0
DA:128,0
DA:131,0
DA:133,0
DA:134,0
DA:140,0
DA:155,0
DA:158,0
DA:159,0
DA:160,0
DA:167,0
DA:168,0
DA:169,0
DA:172,0
DA:173,0
DA:174,0
DA:177,0
DA:178,0
DA:179,0
DA:186,0
DA:190,0
DA:191,0
DA:193,0
DA:194,0
DA:196,0
DA:197,0
DA:198,0
DA:202,0
DA:205,0
DA:206,0
DA:207,0
DA:211,0
DA:212,0
DA:214,0
DA:222,0
DA:223,0
DA:224,0
DA:225,0
DA:229,0
DA:249,0
DA:250,0
DA:251,0
DA:254,0
DA:255,0
DA:256,0
DA:259,0
DA:260,0
DA:261,0
DA:264,0
DA:265,0
DA:269,0
DA:270,0
DA:271,0
DA:273,0
LF:76
LH:0
BRDA:36,0,0,0
BRDA:36,0,1,0
BRDA:38,1,0,0
BRDA:38,1,1,0
BRDA:60,2,0,0
BRDA:60,2,1,0
BRDA:66,3,0,0
BRDA:66,3,1,0
BRDA:69,4,0,0
BRDA:69,4,1,0
BRDA:90,5,0,0
BRDA:90,5,1,0
BRDA:122,6,0,0
BRDA:122,6,1,0
BRDA:133,7,0,0
BRDA:133,7,1,0
BRDA:159,8,0,0
BRDA:159,8,1,0
BRDA:162,9,0,0
BRDA:162,9,1,0
BRDA:168,10,0,0
BRDA:168,10,1,0
BRDA:178,11,0,0
BRDA:178,11,1,0
BRDA:191,12,0,0
BRDA:191,12,1,0
BRDA:191,13,0,0
BRDA:191,13,1,0
BRDA:196,14,0,0
BRDA:196,14,1,0
BRDA:196,15,0,0
BRDA:196,15,1,0
BRDA:197,16,0,0
BRDA:197,16,1,0
BRDA:206,17,0,0
BRDA:206,17,1,0
BRDA:216,18,0,0
BRDA:216,18,1,0
BRDA:222,19,0,0
BRDA:222,19,1,0
BRDA:224,20,0,0
BRDA:224,20,1,0
BRDA:250,21,0,0
BRDA:250,21,1,0
BRDA:264,22,0,0
BRDA:264,22,1,0
BRF:46
BRH:0
end_of_record
TN:
SF:server\utils\workflow\workflowEngine.ts
FN:51,getWorkflowState
FN:72,(anonymous_1)
FN:106,getAvailableCommands
FN:121,executeCommand
FN:152,queryHistory
FN:176,(anonymous_5)
FN:199,recordHistory
FN:219,(anonymous_7)
FNF:8
FNH:0
FNDA:0,getWorkflowState
FNDA:0,(anonymous_1)
FNDA:0,getAvailableCommands
FNDA:0,executeCommand
FNDA:0,queryHistory
FNDA:0,(anonymous_5)
FNDA:0,recordHistory
FNDA:0,(anonymous_7)
DA:33,0
DA:55,0
DA:56,0
DA:57,0
DA:60,0
DA:61,0
DA:64,0
DA:65,0
DA:68,0
DA:71,0
DA:72,0
DA:74,0
DA:75,0
DA:82,0
DA:84,0
DA:109,0
DA:127,0
DA:130,0
DA:141,0
DA:161,0
DA:162,0
DA:163,0
DA:166,0
DA:167,0
DA:170,0
DA:173,0
DA:175,0
DA:176,0
DA:180,0
DA:183,0
DA:184,0
DA:186,0
DA:203,0
DA:204,0
DA:205,0
DA:206,0
DA:209,0
DA:210,0
DA:213,0
DA:214,0
DA:215,0
DA:219,0
DA:220,0
DA:221,0
DA:223,0
DA:226,0
DA:229,0
DA:232,0
DA:233,0
DA:237,0
DA:241,0
DA:243,0
DA:244,0
DA:247,0
LF:54
LH:0
BRDA:56,0,0,0
BRDA:56,0,1,0
BRDA:65,1,0,0
BRDA:65,1,1,0
BRDA:68,2,0,0
BRDA:68,2,1,0
BRDA:74,3,0,0
BRDA:74,3,1,0
BRDA:162,4,0,0
BRDA:162,4,1,0
BRDA:170,5,0,0
BRDA:170,5,1,0
BRDA:175,6,0,0
BRDA:175,6,1,0
BRDA:183,7,0,0
BRDA:183,7,1,0
BRDA:184,8,0,0
BRDA:184,8,1,0
BRDA:204,9,0,0
BRDA:204,9,1,0
BRDA:214,10,0,0
BRDA:214,10,1,0
BRDA:226,11,0,0
BRDA:226,11,1,0
BRDA:232,12,0,0
BRDA:232,12,1,0
BRF:26
BRH:0
end_of_record
