{"numTotalTestSuites":9,"numPassedTestSuites":9,"numFailedTestSuites":0,"numPendingTestSuites":0,"numTotalTests":53,"numPassedTests":53,"numFailedTests":0,"numPendingTests":0,"numTodoTests":0,"snapshot":{"added":0,"failure":false,"filesAdded":0,"filesRemoved":0,"filesRemovedList":[],"filesUnmatched":0,"filesUpdated":0,"matched":0,"total":0,"unchecked":0,"uncheckedKeysByFile":[],"unmatched":0,"updated":0,"didUpdate":false},"startTime":1765683054050,"success":true,"testResults":[{"assertionResults":[{"ancestorTitles":["parseNodeHeader"],"fullName":"parseNodeHeader TC-001-001: should parse valid WP header","status":"passed","title":"TC-001-001: should parse valid WP header","duration":1.4745000000000346,"failureMessages":[],"meta":{}},{"ancestorTitles":["parseNodeHeader"],"fullName":"parseNodeHeader TC-001-002: should parse valid ACT header (4-level)","status":"passed","title":"TC-001-002: should parse valid ACT header (4-level)","duration":0.43669999999997344,"failureMessages":[],"meta":{}},{"ancestorTitles":["parseNodeHeader"],"fullName":"parseNodeHeader TC-001-003: should parse valid TSK header (4-level)","status":"passed","title":"TC-001-003: should parse valid TSK header (4-level)","duration":0.36129999999997153,"failureMessages":[],"meta":{}},{"ancestorTitles":["parseNodeHeader"],"fullName":"parseNodeHeader TC-001-004: should parse valid TSK header (3-level)","status":"passed","title":"TC-001-004: should parse valid TSK header (3-level)","duration":0.4416999999999689,"failureMessages":[],"meta":{}},{"ancestorTitles":["parseNodeHeader"],"fullName":"parseNodeHeader TC-001-005: should parse title with special characters","status":"passed","title":"TC-001-005: should parse title with special characters","duration":0.20409999999998263,"failureMessages":[],"meta":{}},{"ancestorTitles":["parseNodeHeader"],"fullName":"parseNodeHeader TC-001-006: should parse title with Korean characters","status":"passed","title":"TC-001-006: should parse title with Korean characters","duration":0.1682999999999879,"failureMessages":[],"meta":{}},{"ancestorTitles":["parseNodeHeader"],"fullName":"parseNodeHeader TC-001-007: should return null for invalid header format (missing colon)","status":"passed","title":"TC-001-007: should return null for invalid header format (missing colon)","duration":0.1674000000000433,"failureMessages":[],"meta":{}},{"ancestorTitles":["parseNodeHeader"],"fullName":"parseNodeHeader TC-001-008: should return null for invalid ID format","status":"passed","title":"TC-001-008: should return null for invalid ID format","duration":0.11230000000000473,"failureMessages":[],"meta":{}},{"ancestorTitles":["parseNodeHeader"],"fullName":"parseNodeHeader TC-001-009: should return null for empty title","status":"passed","title":"TC-001-009: should return null for empty title","duration":0.25329999999996744,"failureMessages":[],"meta":{}},{"ancestorTitles":["parseNodeHeader"],"fullName":"parseNodeHeader TC-001-010: should return null for whitespace-only title","status":"passed","title":"TC-001-010: should return null for whitespace-only title","duration":0.13240000000001828,"failureMessages":[],"meta":{}},{"ancestorTitles":["parseNodeAttributes"],"fullName":"parseNodeAttributes TC-002-001: should parse category attribute","status":"passed","title":"TC-002-001: should parse category attribute","duration":0.23169999999998936,"failureMessages":[],"meta":{}},{"ancestorTitles":["parseNodeAttributes"],"fullName":"parseNodeAttributes TC-002-002: should parse status attribute and extract status code","status":"passed","title":"TC-002-002: should parse status attribute and extract status code","duration":0.16300000000001091,"failureMessages":[],"meta":{}},{"ancestorTitles":["parseNodeAttributes"],"fullName":"parseNodeAttributes TC-002-003: should parse priority attribute","status":"passed","title":"TC-002-003: should parse priority attribute","duration":0.10860000000002401,"failureMessages":[],"meta":{}},{"ancestorTitles":["parseNodeAttributes"],"fullName":"parseNodeAttributes TC-002-004: should parse assignee attribute","status":"passed","title":"TC-002-004: should parse assignee attribute","duration":0.08319999999997663,"failureMessages":[],"meta":{}},{"ancestorTitles":["parseNodeAttributes"],"fullName":"parseNodeAttributes TC-002-005: should parse schedule attribute","status":"passed","title":"TC-002-005: should parse schedule attribute","duration":0.7552000000000021,"failureMessages":[],"meta":{}},{"ancestorTitles":["parseNodeAttributes"],"fullName":"parseNodeAttributes TC-002-006: should parse tags attribute","status":"passed","title":"TC-002-006: should parse tags attribute","duration":0.16219999999998436,"failureMessages":[],"meta":{}},{"ancestorTitles":["parseNodeAttributes"],"fullName":"parseNodeAttributes TC-002-007: should parse depends attribute","status":"passed","title":"TC-002-007: should parse depends attribute","duration":0.08789999999999054,"failureMessages":[],"meta":{}},{"ancestorTitles":["parseNodeAttributes"],"fullName":"parseNodeAttributes TC-002-008: should parse requirements attribute (multi-line)","status":"passed","title":"TC-002-008: should parse requirements attribute (multi-line)","duration":0.2606000000000108,"failureMessages":[],"meta":{}},{"ancestorTitles":["parseNodeAttributes"],"fullName":"parseNodeAttributes TC-002-009: should parse ref attribute","status":"passed","title":"TC-002-009: should parse ref attribute","duration":0.091700000000003,"failureMessages":[],"meta":{}},{"ancestorTitles":["parseNodeAttributes"],"fullName":"parseNodeAttributes TC-002-010: should handle invalid category value","status":"passed","title":"TC-002-010: should handle invalid category value","duration":0.151299999999992,"failureMessages":[],"meta":{}},{"ancestorTitles":["parseNodeAttributes"],"fullName":"parseNodeAttributes TC-002-011: should handle status without code","status":"passed","title":"TC-002-011: should handle status without code","duration":0.15370000000001482,"failureMessages":[],"meta":{}},{"ancestorTitles":["parseNodeAttributes"],"fullName":"parseNodeAttributes TC-002-012: should handle invalid date format","status":"passed","title":"TC-002-012: should handle invalid date format","duration":0.14949999999998909,"failureMessages":[],"meta":{}},{"ancestorTitles":["parseNodeAttributes"],"fullName":"parseNodeAttributes TC-002-013: should handle empty requirements","status":"passed","title":"TC-002-013: should handle empty requirements","duration":0.09609999999997854,"failureMessages":[],"meta":{}},{"ancestorTitles":["parseNodeAttributes"],"fullName":"parseNodeAttributes TC-002-014: should handle multiple depends","status":"passed","title":"TC-002-014: should handle multiple depends","duration":0.07960000000002765,"failureMessages":[],"meta":{}},{"ancestorTitles":["parseNodeAttributes"],"fullName":"parseNodeAttributes TC-002-015: should parse all attributes together","status":"passed","title":"TC-002-015: should parse all attributes together","duration":0.42739999999997735,"failureMessages":[],"meta":{}},{"ancestorTitles":["buildTree"],"fullName":"buildTree TC-003-001: should build 4-level tree (WP -> ACT -> TSK)","status":"passed","title":"TC-003-001: should build 4-level tree (WP -> ACT -> TSK)","duration":1.0796000000000276,"failureMessages":[],"meta":{}},{"ancestorTitles":["buildTree"],"fullName":"buildTree TC-003-002: should build 3-level tree (WP -> TSK)","status":"passed","title":"TC-003-002: should build 3-level tree (WP -> TSK)","duration":0.3702999999999861,"failureMessages":[],"meta":{}},{"ancestorTitles":["buildTree"],"fullName":"buildTree TC-003-003: should build mixed tree (3-level + 4-level)","status":"passed","title":"TC-003-003: should build mixed tree (3-level + 4-level)","duration":0.4364999999999668,"failureMessages":[],"meta":{}},{"ancestorTitles":["buildTree"],"fullName":"buildTree TC-003-004: should handle multiple WP as root nodes","status":"passed","title":"TC-003-004: should handle multiple WP as root nodes","duration":0.24329999999997654,"failureMessages":[],"meta":{}},{"ancestorTitles":["buildTree"],"fullName":"buildTree TC-003-005: should handle multiple children","status":"passed","title":"TC-003-005: should handle multiple children","duration":0.22309999999998809,"failureMessages":[],"meta":{}},{"ancestorTitles":["buildTree"],"fullName":"buildTree TC-003-006: should handle orphan node (missing parent)","status":"passed","title":"TC-003-006: should handle orphan node (missing parent)","duration":1.1503999999999905,"failureMessages":[],"meta":{}},{"ancestorTitles":["calculateProgress"],"fullName":"calculateProgress TC-004-001: should calculate 100% when all tasks are completed","status":"passed","title":"TC-004-001: should calculate 100% when all tasks are completed","duration":0.22399999999998954,"failureMessages":[],"meta":{}},{"ancestorTitles":["calculateProgress"],"fullName":"calculateProgress TC-004-002: should calculate 50% when half tasks are completed","status":"passed","title":"TC-004-002: should calculate 50% when half tasks are completed","duration":0.1745000000000232,"failureMessages":[],"meta":{}},{"ancestorTitles":["calculateProgress"],"fullName":"calculateProgress TC-004-003: should calculate 0% when no tasks are completed","status":"passed","title":"TC-004-003: should calculate 0% when no tasks are completed","duration":0.13060000000001537,"failureMessages":[],"meta":{}},{"ancestorTitles":["calculateProgress"],"fullName":"calculateProgress TC-004-004: should calculate progress for nested structure","status":"passed","title":"TC-004-004: should calculate progress for nested structure","duration":0.13829999999995835,"failureMessages":[],"meta":{}},{"ancestorTitles":["calculateProgress"],"fullName":"calculateProgress TC-004-005: should handle node without tasks","status":"passed","title":"TC-004-005: should handle node without tasks","duration":0.09960000000000946,"failureMessages":[],"meta":{}},{"ancestorTitles":["parseWbsMarkdown"],"fullName":"parseWbsMarkdown TC-005-001: should parse complex wbs.md file","status":"passed","title":"TC-005-001: should parse complex wbs.md file","duration":1.064899999999966,"failureMessages":[],"meta":{}},{"ancestorTitles":["parseWbsMarkdown"],"fullName":"parseWbsMarkdown TC-005-002: should return empty array for empty file","status":"passed","title":"TC-005-002: should return empty array for empty file","duration":0.12740000000002283,"failureMessages":[],"meta":{}},{"ancestorTitles":["parseWbsMarkdown"],"fullName":"parseWbsMarkdown TC-005-003: should parse 3-level structure","status":"passed","title":"TC-005-003: should parse 3-level structure","duration":0.5022999999999911,"failureMessages":[],"meta":{}},{"ancestorTitles":["parseWbsMarkdown"],"fullName":"parseWbsMarkdown TC-005-004: should parse 4-level structure","status":"passed","title":"TC-005-004: should parse 4-level structure","duration":0.49049999999999727,"failureMessages":[],"meta":{}},{"ancestorTitles":["parseWbsMarkdown"],"fullName":"parseWbsMarkdown TC-005-005: should return empty array for metadata only","status":"passed","title":"TC-005-005: should return empty array for metadata only","duration":0.10939999999999372,"failureMessages":[],"meta":{}},{"ancestorTitles":["parseWbsMarkdown"],"fullName":"parseWbsMarkdown TC-005-006: should skip invalid headers and parse valid ones","status":"passed","title":"TC-005-006: should skip invalid headers and parse valid ones","duration":1.1274999999999977,"failureMessages":[],"meta":{}},{"ancestorTitles":["parseWbsMarkdown"],"fullName":"parseWbsMarkdown TC-005-007: should handle orphan nodes","status":"passed","title":"TC-005-007: should handle orphan nodes","duration":0.2408999999999537,"failureMessages":[],"meta":{}},{"ancestorTitles":["parseWbsMarkdown"],"fullName":"parseWbsMarkdown TC-005-008: should parse all 9 attributes correctly","status":"passed","title":"TC-005-008: should parse all 9 attributes correctly","duration":0.4507000000000403,"failureMessages":[],"meta":{}},{"ancestorTitles":["Performance"],"fullName":"Performance TC-006-001: should parse small wbs.md under 50ms","status":"passed","title":"TC-006-001: should parse small wbs.md under 50ms","duration":0.34050000000002,"failureMessages":[],"meta":{}},{"ancestorTitles":["Error Handling"],"fullName":"Error Handling TC-007-001: should skip invalid header format","status":"passed","title":"TC-007-001: should skip invalid header format","duration":0.4116999999999962,"failureMessages":[],"meta":{}},{"ancestorTitles":["Error Handling"],"fullName":"Error Handling TC-007-002: should skip unknown ID pattern","status":"passed","title":"TC-007-002: should skip unknown ID pattern","duration":0.16069999999996298,"failureMessages":[],"meta":{}},{"ancestorTitles":["Error Handling"],"fullName":"Error Handling TC-007-003: should handle missing required attributes","status":"passed","title":"TC-007-003: should handle missing required attributes","duration":0.3009999999999877,"failureMessages":[],"meta":{}},{"ancestorTitles":["Error Handling"],"fullName":"Error Handling TC-007-007: should ignore empty lines","status":"passed","title":"TC-007-007: should ignore empty lines","duration":0.2289000000000101,"failureMessages":[],"meta":{}},{"ancestorTitles":["determineParentId"],"fullName":"determineParentId should return null for WP node","status":"passed","title":"should return null for WP node","duration":0.10899999999998045,"failureMessages":[],"meta":{}},{"ancestorTitles":["determineParentId"],"fullName":"determineParentId should return WP id for ACT node","status":"passed","title":"should return WP id for ACT node","duration":0.08159999999998035,"failureMessages":[],"meta":{}},{"ancestorTitles":["determineParentId"],"fullName":"determineParentId should return ACT id for 4-level TSK node","status":"passed","title":"should return ACT id for 4-level TSK node","duration":0.07639999999997826,"failureMessages":[],"meta":{}},{"ancestorTitles":["determineParentId"],"fullName":"determineParentId should return WP id for 3-level TSK node","status":"passed","title":"should return WP id for 3-level TSK node","duration":0.07210000000003447,"failureMessages":[],"meta":{}}],"startTime":1765683054352,"endTime":1765683054370.229,"status":"passed","message":"","name":"C:/project/jjiban/tests/utils/wbs/parser.test.ts"}]}