{"numTotalTestSuites":19,"numPassedTestSuites":19,"numFailedTestSuites":0,"numPendingTestSuites":0,"numTotalTests":71,"numPassedTests":71,"numFailedTests":0,"numPendingTests":0,"numTodoTests":0,"snapshot":{"added":0,"failure":false,"filesAdded":0,"filesRemoved":0,"filesRemovedList":[],"filesUnmatched":0,"filesUpdated":0,"matched":0,"total":0,"unchecked":0,"uncheckedKeysByFile":[],"unmatched":0,"updated":0,"didUpdate":false},"startTime":1765684791380,"success":true,"testResults":[{"assertionResults":[{"ancestorTitles":["IdValidator","validateId"],"fullName":"IdValidator validateId UT-ID-001: should return null for valid WP ID","status":"passed","title":"UT-ID-001: should return null for valid WP ID","duration":1.871400000000051,"failureMessages":[],"meta":{}},{"ancestorTitles":["IdValidator","validateId"],"fullName":"IdValidator validateId UT-ID-002: should return null for valid ACT ID","status":"passed","title":"UT-ID-002: should return null for valid ACT ID","duration":0.24500000000000455,"failureMessages":[],"meta":{}},{"ancestorTitles":["IdValidator","validateId"],"fullName":"IdValidator validateId UT-ID-003: should return null for valid TSK ID (4-level)","status":"passed","title":"UT-ID-003: should return null for valid TSK ID (4-level)","duration":0.2004000000000019,"failureMessages":[],"meta":{}},{"ancestorTitles":["IdValidator","validateId"],"fullName":"IdValidator validateId UT-ID-004: should return null for valid TSK ID (3-level)","status":"passed","title":"UT-ID-004: should return null for valid TSK ID (3-level)","duration":0.48900000000003274,"failureMessages":[],"meta":{}},{"ancestorTitles":["IdValidator","validateId"],"fullName":"IdValidator validateId UT-ID-005: should return error for invalid WP ID (single digit)","status":"passed","title":"UT-ID-005: should return error for invalid WP ID (single digit)","duration":0.6976999999999975,"failureMessages":[],"meta":{}},{"ancestorTitles":["IdValidator","validateId"],"fullName":"IdValidator validateId UT-ID-006: should return error for invalid WP ID (three digits)","status":"passed","title":"UT-ID-006: should return error for invalid WP ID (three digits)","duration":0.238900000000001,"failureMessages":[],"meta":{}},{"ancestorTitles":["IdValidator","validateId"],"fullName":"IdValidator validateId UT-ID-007: should return error for invalid ACT ID format","status":"passed","title":"UT-ID-007: should return error for invalid ACT ID format","duration":0.37779999999997926,"failureMessages":[],"meta":{}},{"ancestorTitles":["IdValidator","validateId"],"fullName":"IdValidator validateId UT-ID-008: should return error for invalid TSK ID (two digits only)","status":"passed","title":"UT-ID-008: should return error for invalid TSK ID (two digits only)","duration":0.25090000000000146,"failureMessages":[],"meta":{}},{"ancestorTitles":["IdValidator","validateId"],"fullName":"IdValidator validateId UT-ID-009: should return error for empty ID","status":"passed","title":"UT-ID-009: should return error for empty ID","duration":0.4549999999999841,"failureMessages":[],"meta":{}},{"ancestorTitles":["IdValidator","validateId"],"fullName":"IdValidator validateId UT-ID-010: should return error for null-like ID","status":"passed","title":"UT-ID-010: should return error for null-like ID","duration":0.2728999999999928,"failureMessages":[],"meta":{}},{"ancestorTitles":["IdValidator","validateId"],"fullName":"IdValidator validateId UT-ID-011: should return error for mixed case ID","status":"passed","title":"UT-ID-011: should return error for mixed case ID","duration":0.20010000000002037,"failureMessages":[],"meta":{}},{"ancestorTitles":["IdValidator","validateId"],"fullName":"IdValidator validateId UT-ID-012: should return error for ID with space","status":"passed","title":"UT-ID-012: should return error for ID with space","duration":0.19479999999998654,"failureMessages":[],"meta":{}},{"ancestorTitles":["IdValidator","validateId"],"fullName":"IdValidator validateId should validate Task ID with specific depth 3","status":"passed","title":"should validate Task ID with specific depth 3","duration":0.3328999999999951,"failureMessages":[],"meta":{}},{"ancestorTitles":["IdValidator","validateId"],"fullName":"IdValidator validateId should validate Task ID with specific depth 4","status":"passed","title":"should validate Task ID with specific depth 4","duration":0.24869999999998527,"failureMessages":[],"meta":{}},{"ancestorTitles":["AttributeValidator","validateAttributes"],"fullName":"AttributeValidator validateAttributes UT-ATTR-001: should return empty array when all required attributes exist","status":"passed","title":"UT-ATTR-001: should return empty array when all required attributes exist","duration":0.9963000000000193,"failureMessages":[],"meta":{}},{"ancestorTitles":["AttributeValidator","validateAttributes"],"fullName":"AttributeValidator validateAttributes UT-ATTR-002: should skip validation for WP node","status":"passed","title":"UT-ATTR-002: should skip validation for WP node","duration":0.1863999999999919,"failureMessages":[],"meta":{}},{"ancestorTitles":["AttributeValidator","validateAttributes"],"fullName":"AttributeValidator validateAttributes UT-ATTR-003: should return error when category is missing","status":"passed","title":"UT-ATTR-003: should return error when category is missing","duration":0.2629000000000019,"failureMessages":[],"meta":{}},{"ancestorTitles":["AttributeValidator","validateAttributes"],"fullName":"AttributeValidator validateAttributes UT-ATTR-004: should return error when status is missing","status":"passed","title":"UT-ATTR-004: should return error when status is missing","duration":0.20189999999996644,"failureMessages":[],"meta":{}},{"ancestorTitles":["AttributeValidator","validateAttributes"],"fullName":"AttributeValidator validateAttributes UT-ATTR-005: should return error when priority is missing","status":"passed","title":"UT-ATTR-005: should return error when priority is missing","duration":0.19610000000000127,"failureMessages":[],"meta":{}},{"ancestorTitles":["AttributeValidator","validateAttributes"],"fullName":"AttributeValidator validateAttributes UT-ATTR-006: should return 3 errors when all attributes are missing","status":"passed","title":"UT-ATTR-006: should return 3 errors when all attributes are missing","duration":0.15569999999996753,"failureMessages":[],"meta":{}},{"ancestorTitles":["AttributeValidator","validateAttributes"],"fullName":"AttributeValidator validateAttributes UT-ATTR-007: should return error for invalid category value","status":"passed","title":"UT-ATTR-007: should return error for invalid category value","duration":0.17509999999998627,"failureMessages":[],"meta":{}},{"ancestorTitles":["AttributeValidator","validateAttributes"],"fullName":"AttributeValidator validateAttributes UT-ATTR-008: should return error for invalid priority value","status":"passed","title":"UT-ATTR-008: should return error for invalid priority value","duration":0.1934999999999718,"failureMessages":[],"meta":{}},{"ancestorTitles":["AttributeValidator","validateAttributes"],"fullName":"AttributeValidator validateAttributes UT-ATTR-009: should treat empty string as missing","status":"passed","title":"UT-ATTR-009: should treat empty string as missing","duration":0.17259999999998854,"failureMessages":[],"meta":{}},{"ancestorTitles":["AttributeValidator","validateAttributes"],"fullName":"AttributeValidator validateAttributes UT-ATTR-010: should skip validation for ACT node","status":"passed","title":"UT-ATTR-010: should skip validation for ACT node","duration":0.25319999999999254,"failureMessages":[],"meta":{}},{"ancestorTitles":["StatusValidator","validateStatus"],"fullName":"StatusValidator validateStatus UT-STATUS-001: should return null for all valid status codes","status":"passed","title":"UT-STATUS-001: should return null for all valid status codes","duration":0.5629000000000133,"failureMessages":[],"meta":{}},{"ancestorTitles":["StatusValidator","validateStatus"],"fullName":"StatusValidator validateStatus UT-STATUS-002: should return error for invalid status codes","status":"passed","title":"UT-STATUS-002: should return error for invalid status codes","duration":0.21230000000002747,"failureMessages":[],"meta":{}},{"ancestorTitles":["StatusValidator","validateStatus"],"fullName":"StatusValidator validateStatus UT-STATUS-003: should return error for status without brackets","status":"passed","title":"UT-STATUS-003: should return error for status without brackets","duration":0.10130000000003747,"failureMessages":[],"meta":{}},{"ancestorTitles":["StatusValidator","validateStatus"],"fullName":"StatusValidator validateStatus UT-STATUS-004: should return error for status with extra space","status":"passed","title":"UT-STATUS-004: should return error for status with extra space","duration":0.169399999999996,"failureMessages":[],"meta":{}},{"ancestorTitles":["StatusValidator","validateStatus"],"fullName":"StatusValidator validateStatus UT-STATUS-005: should return error for mixed case status","status":"passed","title":"UT-STATUS-005: should return error for mixed case status","duration":0.1414999999999509,"failureMessages":[],"meta":{}},{"ancestorTitles":["StatusValidator","validateStatus"],"fullName":"StatusValidator validateStatus UT-STATUS-006: should return error for empty status","status":"passed","title":"UT-STATUS-006: should return error for empty status","duration":0.18969999999995935,"failureMessages":[],"meta":{}},{"ancestorTitles":["StatusValidator","validateStatus"],"fullName":"StatusValidator validateStatus UT-STATUS-007: should return error for null/undefined","status":"passed","title":"UT-STATUS-007: should return error for null/undefined","duration":0.22530000000000427,"failureMessages":[],"meta":{}},{"ancestorTitles":["StatusValidator","isValidStatus"],"fullName":"StatusValidator isValidStatus should return true for valid status","status":"passed","title":"should return true for valid status","duration":0.1893000000000029,"failureMessages":[],"meta":{}},{"ancestorTitles":["StatusValidator","isValidStatus"],"fullName":"StatusValidator isValidStatus should return false for invalid status","status":"passed","title":"should return false for invalid status","duration":0.15999999999996817,"failureMessages":[],"meta":{}},{"ancestorTitles":["HierarchyValidator","validateHierarchy"],"fullName":"HierarchyValidator validateHierarchy UT-HIER-001: should return null for valid WP -> ACT relationship","status":"passed","title":"UT-HIER-001: should return null for valid WP -> ACT relationship","duration":0.2909999999999968,"failureMessages":[],"meta":{}},{"ancestorTitles":["HierarchyValidator","validateHierarchy"],"fullName":"HierarchyValidator validateHierarchy UT-HIER-002: should return null for valid ACT -> TSK relationship (4-level)","status":"passed","title":"UT-HIER-002: should return null for valid ACT -> TSK relationship (4-level)","duration":0.15159999999997353,"failureMessages":[],"meta":{}},{"ancestorTitles":["HierarchyValidator","validateHierarchy"],"fullName":"HierarchyValidator validateHierarchy UT-HIER-003: should return null for valid WP -> TSK relationship (3-level)","status":"passed","title":"UT-HIER-003: should return null for valid WP -> TSK relationship (3-level)","duration":0.1209999999999809,"failureMessages":[],"meta":{}},{"ancestorTitles":["HierarchyValidator","validateHierarchy"],"fullName":"HierarchyValidator validateHierarchy UT-HIER-004: should return error for hierarchy mismatch (WP-ACT)","status":"passed","title":"UT-HIER-004: should return error for hierarchy mismatch (WP-ACT)","duration":0.24090000000001055,"failureMessages":[],"meta":{}},{"ancestorTitles":["HierarchyValidator","validateHierarchy"],"fullName":"HierarchyValidator validateHierarchy UT-HIER-005: should return error for hierarchy mismatch (ACT-TSK)","status":"passed","title":"UT-HIER-005: should return error for hierarchy mismatch (ACT-TSK)","duration":0.30469999999996844,"failureMessages":[],"meta":{}},{"ancestorTitles":["HierarchyValidator","validateHierarchy"],"fullName":"HierarchyValidator validateHierarchy UT-HIER-006: should return error for hierarchy mismatch (WP-TSK 3-level)","status":"passed","title":"UT-HIER-006: should return error for hierarchy mismatch (WP-TSK 3-level)","duration":0.206799999999987,"failureMessages":[],"meta":{}},{"ancestorTitles":["HierarchyValidator","validateHierarchy"],"fullName":"HierarchyValidator validateHierarchy should return null for WP node without parent","status":"passed","title":"should return null for WP node without parent","duration":0.17369999999999663,"failureMessages":[],"meta":{}},{"ancestorTitles":["HierarchyValidator","validateHierarchy"],"fullName":"HierarchyValidator validateHierarchy should return error for Task/ACT without parent","status":"passed","title":"should return error for Task/ACT without parent","duration":0.16879999999997608,"failureMessages":[],"meta":{}},{"ancestorTitles":["HierarchyValidator","extractPrefix"],"fullName":"HierarchyValidator extractPrefix UT-HIER-007: should extract prefix from WP ID","status":"passed","title":"UT-HIER-007: should extract prefix from WP ID","duration":0.12069999999999936,"failureMessages":[],"meta":{}},{"ancestorTitles":["HierarchyValidator","extractPrefix"],"fullName":"HierarchyValidator extractPrefix UT-HIER-008: should extract prefix from ACT ID","status":"passed","title":"UT-HIER-008: should extract prefix from ACT ID","duration":0.07660000000004175,"failureMessages":[],"meta":{}},{"ancestorTitles":["HierarchyValidator","extractPrefix"],"fullName":"HierarchyValidator extractPrefix UT-HIER-009: should extract prefix from TSK ID (4-level)","status":"passed","title":"UT-HIER-009: should extract prefix from TSK ID (4-level)","duration":0.07839999999998781,"failureMessages":[],"meta":{}},{"ancestorTitles":["HierarchyValidator","extractPrefix"],"fullName":"HierarchyValidator extractPrefix UT-HIER-010: should extract prefix from TSK ID (3-level)","status":"passed","title":"UT-HIER-010: should extract prefix from TSK ID (3-level)","duration":0.13540000000000418,"failureMessages":[],"meta":{}},{"ancestorTitles":["HierarchyValidator","getExpectedPrefix"],"fullName":"HierarchyValidator getExpectedPrefix should return correct expected prefix from WP parent","status":"passed","title":"should return correct expected prefix from WP parent","duration":0.11169999999998481,"failureMessages":[],"meta":{}},{"ancestorTitles":["HierarchyValidator","getExpectedPrefix"],"fullName":"HierarchyValidator getExpectedPrefix should return correct expected prefix from ACT parent","status":"passed","title":"should return correct expected prefix from ACT parent","duration":0.084699999999998,"failureMessages":[],"meta":{}},{"ancestorTitles":["DuplicateChecker","checkDuplicates"],"fullName":"DuplicateChecker checkDuplicates UT-DUP-001: should detect duplicate IDs (2 occurrences)","status":"passed","title":"UT-DUP-001: should detect duplicate IDs (2 occurrences)","duration":0.3720000000000141,"failureMessages":[],"meta":{}},{"ancestorTitles":["DuplicateChecker","checkDuplicates"],"fullName":"DuplicateChecker checkDuplicates UT-DUP-002: should return empty array when no duplicates","status":"passed","title":"UT-DUP-002: should return empty array when no duplicates","duration":0.14869999999996253,"failureMessages":[],"meta":{}},{"ancestorTitles":["DuplicateChecker","checkDuplicates"],"fullName":"DuplicateChecker checkDuplicates UT-DUP-003: should detect duplicate IDs (3+ occurrences)","status":"passed","title":"UT-DUP-003: should detect duplicate IDs (3+ occurrences)","duration":0.1745999999999981,"failureMessages":[],"meta":{}},{"ancestorTitles":["DuplicateChecker","checkDuplicates"],"fullName":"DuplicateChecker checkDuplicates UT-DUP-004: should detect multiple duplicate IDs","status":"passed","title":"UT-DUP-004: should detect multiple duplicate IDs","duration":0.2004000000000019,"failureMessages":[],"meta":{}},{"ancestorTitles":["DuplicateChecker","checkDuplicates"],"fullName":"DuplicateChecker checkDuplicates UT-DUP-005: should return empty array for empty tree","status":"passed","title":"UT-DUP-005: should return empty array for empty tree","duration":0.24830000000002883,"failureMessages":[],"meta":{}},{"ancestorTitles":["DuplicateChecker","checkDuplicates"],"fullName":"DuplicateChecker checkDuplicates UT-DUP-006: should detect duplicates in nested tree","status":"passed","title":"UT-DUP-006: should detect duplicates in nested tree","duration":0.24459999999999127,"failureMessages":[],"meta":{}},{"ancestorTitles":["DuplicateChecker","collectAllIds"],"fullName":"DuplicateChecker collectAllIds should collect all IDs from flat tree","status":"passed","title":"should collect all IDs from flat tree","duration":0.7055000000000291,"failureMessages":[],"meta":{}},{"ancestorTitles":["DuplicateChecker","collectAllIds"],"fullName":"DuplicateChecker collectAllIds should collect all IDs from nested tree","status":"passed","title":"should collect all IDs from nested tree","duration":0.1875,"failureMessages":[],"meta":{}},{"ancestorTitles":["WbsValidator Integration","validateWbs"],"fullName":"WbsValidator Integration validateWbs IT-VAL-001: should validate valid 4-level WBS tree","status":"passed","title":"IT-VAL-001: should validate valid 4-level WBS tree","duration":1.1867000000000303,"failureMessages":[],"meta":{}},{"ancestorTitles":["WbsValidator Integration","validateWbs"],"fullName":"WbsValidator Integration validateWbs IT-VAL-002: should validate valid 3-level WBS tree","status":"passed","title":"IT-VAL-002: should validate valid 3-level WBS tree","duration":0.25439999999997553,"failureMessages":[],"meta":{}},{"ancestorTitles":["WbsValidator Integration","validateWbs"],"fullName":"WbsValidator Integration validateWbs IT-VAL-003: should detect multiple error types","status":"passed","title":"IT-VAL-003: should detect multiple error types","duration":0.3468000000000302,"failureMessages":[],"meta":{}},{"ancestorTitles":["WbsValidator Integration","validateWbs"],"fullName":"WbsValidator Integration validateWbs IT-VAL-004: should detect duplicate and hierarchy errors","status":"passed","title":"IT-VAL-004: should detect duplicate and hierarchy errors","duration":0.3728999999999587,"failureMessages":[],"meta":{}},{"ancestorTitles":["WbsValidator Integration","validateWbs"],"fullName":"WbsValidator Integration validateWbs IT-VAL-005: should validate empty WBS tree as valid","status":"passed","title":"IT-VAL-005: should validate empty WBS tree as valid","duration":0.2563999999999851,"failureMessages":[],"meta":{}},{"ancestorTitles":["WbsValidator Integration","validateWbs"],"fullName":"WbsValidator Integration validateWbs IT-VAL-006: should validate single WP as valid","status":"passed","title":"IT-VAL-006: should validate single WP as valid","duration":0.2366999999999848,"failureMessages":[],"meta":{}},{"ancestorTitles":["WbsValidator Integration","validateWbs"],"fullName":"WbsValidator Integration validateWbs IT-VAL-007: should validate mixed structure (3+4 level)","status":"passed","title":"IT-VAL-007: should validate mixed structure (3+4 level)","duration":0.17669999999998254,"failureMessages":[],"meta":{}},{"ancestorTitles":["WbsValidator Integration","validateWbs"],"fullName":"WbsValidator Integration validateWbs should stop at first error when failFast is true","status":"passed","title":"should stop at first error when failFast is true","duration":0.1582000000000221,"failureMessages":[],"meta":{}},{"ancestorTitles":["WbsValidator Integration","validateWbs"],"fullName":"WbsValidator Integration validateWbs should include validatedAt timestamp","status":"passed","title":"should include validatedAt timestamp","duration":0.17840000000001055,"failureMessages":[],"meta":{}},{"ancestorTitles":["Edge Cases"],"fullName":"Edge Cases EDGE-001: should handle empty WBS tree","status":"passed","title":"EDGE-001: should handle empty WBS tree","duration":0.09269999999997935,"failureMessages":[],"meta":{}},{"ancestorTitles":["Edge Cases"],"fullName":"Edge Cases EDGE-004: should handle single WP only","status":"passed","title":"EDGE-004: should handle single WP only","duration":0.1420999999999708,"failureMessages":[],"meta":{}},{"ancestorTitles":["Edge Cases"],"fullName":"Edge Cases EDGE-006: should handle maximum ID values","status":"passed","title":"EDGE-006: should handle maximum ID values","duration":0.08429999999998472,"failureMessages":[],"meta":{}},{"ancestorTitles":["Edge Cases"],"fullName":"Edge Cases EDGE-008: should handle title with special characters","status":"passed","title":"EDGE-008: should handle title with special characters","duration":0.09739999999999327,"failureMessages":[],"meta":{}},{"ancestorTitles":["Edge Cases"],"fullName":"Edge Cases EDGE-009: should handle Unicode characters in title","status":"passed","title":"EDGE-009: should handle Unicode characters in title","duration":0.08499999999997954,"failureMessages":[],"meta":{}},{"ancestorTitles":["Edge Cases"],"fullName":"Edge Cases EDGE-010: should detect both ID and attribute errors","status":"passed","title":"EDGE-010: should detect both ID and attribute errors","duration":0.21730000000002292,"failureMessages":[],"meta":{}},{"ancestorTitles":["Performance"],"fullName":"Performance PERF-001: should validate 50 nodes under 10ms","status":"passed","title":"PERF-001: should validate 50 nodes under 10ms","duration":0.37369999999998527,"failureMessages":[],"meta":{}}],"startTime":1765684791747,"endTime":1765684791768.3738,"status":"passed","message":"","name":"C:/project/jjiban/tests/utils/wbs/validator.test.ts"}]}