{"C:\\project\\jjiban\\server\\utils\\file.ts": {"path":"C:\\project\\jjiban\\server\\utils\\file.ts","statementMap":{"0":{"start":{"line":5,"column":20},"end":{"line":5,"column":null}},"1":{"start":{"line":10,"column":4},"end":{"line":10,"column":null}},"2":{"start":{"line":11,"column":4},"end":{"line":11,"column":null}},"3":{"start":{"line":17,"column":4},"end":{"line":17,"column":null}},"4":{"start":{"line":18,"column":4},"end":{"line":18,"column":null}},"5":{"start":{"line":19,"column":4},"end":{"line":19,"column":null}},"6":{"start":{"line":25,"column":4},"end":{"line":25,"column":null}},"7":{"start":{"line":26,"column":4},"end":{"line":26,"column":null}},"8":{"start":{"line":27,"column":4},"end":{"line":27,"column":null}},"9":{"start":{"line":35,"column":2},"end":{"line":41,"column":null}},"10":{"start":{"line":36,"column":20},"end":{"line":36,"column":null}},"11":{"start":{"line":37,"column":4},"end":{"line":37,"column":null}},"12":{"start":{"line":39,"column":4},"end":{"line":39,"column":null}},"13":{"start":{"line":40,"column":4},"end":{"line":40,"column":null}},"14":{"start":{"line":48,"column":2},"end":{"line":55,"column":null}},"15":{"start":{"line":49,"column":4},"end":{"line":49,"column":null}},"16":{"start":{"line":50,"column":4},"end":{"line":50,"column":null}},"17":{"start":{"line":51,"column":4},"end":{"line":51,"column":null}},"18":{"start":{"line":53,"column":4},"end":{"line":53,"column":null}},"19":{"start":{"line":54,"column":4},"end":{"line":54,"column":null}},"20":{"start":{"line":62,"column":2},"end":{"line":67,"column":null}},"21":{"start":{"line":63,"column":4},"end":{"line":63,"column":null}},"22":{"start":{"line":65,"column":4},"end":{"line":65,"column":null}},"23":{"start":{"line":66,"column":4},"end":{"line":66,"column":null}},"24":{"start":{"line":74,"column":2},"end":{"line":81,"column":null}},"25":{"start":{"line":75,"column":4},"end":{"line":75,"column":null}},"26":{"start":{"line":76,"column":4},"end":{"line":76,"column":null}},"27":{"start":{"line":77,"column":4},"end":{"line":77,"column":null}},"28":{"start":{"line":79,"column":4},"end":{"line":79,"column":null}},"29":{"start":{"line":80,"column":4},"end":{"line":80,"column":null}},"30":{"start":{"line":88,"column":2},"end":{"line":93,"column":null}},"31":{"start":{"line":89,"column":4},"end":{"line":89,"column":null}},"32":{"start":{"line":90,"column":4},"end":{"line":90,"column":null}},"33":{"start":{"line":92,"column":4},"end":{"line":92,"column":null}},"34":{"start":{"line":100,"column":2},"end":{"line":105,"column":null}},"35":{"start":{"line":101,"column":17},"end":{"line":101,"column":null}},"36":{"start":{"line":102,"column":4},"end":{"line":102,"column":null}},"37":{"start":{"line":104,"column":4},"end":{"line":104,"column":null}},"38":{"start":{"line":112,"column":2},"end":{"line":118,"column":null}},"39":{"start":{"line":113,"column":4},"end":{"line":113,"column":null}},"40":{"start":{"line":114,"column":4},"end":{"line":114,"column":null}},"41":{"start":{"line":116,"column":4},"end":{"line":116,"column":null}},"42":{"start":{"line":117,"column":4},"end":{"line":117,"column":null}},"43":{"start":{"line":125,"column":2},"end":{"line":133,"column":null}},"44":{"start":{"line":126,"column":18},"end":{"line":126,"column":null}},"45":{"start":{"line":127,"column":4},"end":{"line":129,"column":null}},"46":{"start":{"line":128,"column":6},"end":{"line":128,"column":null}},"47":{"start":{"line":128,"column":31},"end":{"line":128,"column":52}},"48":{"start":{"line":130,"column":4},"end":{"line":130,"column":null}},"49":{"start":{"line":132,"column":4},"end":{"line":132,"column":null}},"50":{"start":{"line":140,"column":2},"end":{"line":145,"column":null}},"51":{"start":{"line":141,"column":18},"end":{"line":141,"column":null}},"52":{"start":{"line":142,"column":4},"end":{"line":142,"column":null}},"53":{"start":{"line":142,"column":32},"end":{"line":142,"column":50}},"54":{"start":{"line":142,"column":64},"end":{"line":142,"column":73}},"55":{"start":{"line":144,"column":4},"end":{"line":144,"column":null}},"56":{"start":{"line":152,"column":2},"end":{"line":152,"column":null}},"57":{"start":{"line":159,"column":2},"end":{"line":159,"column":null}},"58":{"start":{"line":166,"column":2},"end":{"line":166,"column":null}},"59":{"start":{"line":173,"column":2},"end":{"line":173,"column":null}},"60":{"start":{"line":180,"column":2},"end":{"line":180,"column":null}},"61":{"start":{"line":187,"column":2},"end":{"line":187,"column":null}},"62":{"start":{"line":194,"column":2},"end":{"line":194,"column":null}},"63":{"start":{"line":201,"column":2},"end":{"line":201,"column":null}},"64":{"start":{"line":208,"column":2},"end":{"line":208,"column":null}},"65":{"start":{"line":215,"column":2},"end":{"line":215,"column":null}},"66":{"start":{"line":222,"column":2},"end":{"line":222,"column":null}},"67":{"start":{"line":231,"column":28},"end":{"line":231,"column":null}},"68":{"start":{"line":232,"column":27},"end":{"line":232,"column":null}},"69":{"start":{"line":234,"column":22},"end":{"line":239,"column":null}},"70":{"start":{"line":241,"column":2},"end":{"line":251,"column":null}},"71":{"start":{"line":242,"column":4},"end":{"line":250,"column":null}},"72":{"start":{"line":243,"column":21},"end":{"line":243,"column":null}},"73":{"start":{"line":244,"column":6},"end":{"line":247,"column":null}},"74":{"start":{"line":245,"column":8},"end":{"line":245,"column":null}},"75":{"start":{"line":246,"column":8},"end":{"line":246,"column":null}},"76":{"start":{"line":249,"column":6},"end":{"line":249,"column":null}},"77":{"start":{"line":253,"column":2},"end":{"line":257,"column":null}},"78":{"start":{"line":266,"column":28},"end":{"line":266,"column":null}},"79":{"start":{"line":267,"column":27},"end":{"line":267,"column":null}},"80":{"start":{"line":269,"column":22},"end":{"line":269,"column":null}},"81":{"start":{"line":270,"column":8},"end":{"line":270,"column":null}},"82":{"start":{"line":272,"column":22},"end":{"line":272,"column":null}},"83":{"start":{"line":274,"column":2},"end":{"line":284,"column":null}},"84":{"start":{"line":275,"column":4},"end":{"line":283,"column":null}},"85":{"start":{"line":276,"column":21},"end":{"line":276,"column":null}},"86":{"start":{"line":277,"column":6},"end":{"line":280,"column":null}},"87":{"start":{"line":278,"column":8},"end":{"line":278,"column":null}},"88":{"start":{"line":279,"column":8},"end":{"line":279,"column":null}},"89":{"start":{"line":282,"column":6},"end":{"line":282,"column":null}},"90":{"start":{"line":286,"column":2},"end":{"line":290,"column":null}},"91":{"start":{"line":302,"column":2},"end":{"line":307,"column":null}}},"fnMap":{"0":{"name":"(anonymous_0)","decl":{"start":{"line":9,"column":2},"end":{"line":9,"column":14}},"loc":{"start":{"line":9,"column":32},"end":{"line":12,"column":null}},"line":9},"1":{"name":"(anonymous_1)","decl":{"start":{"line":16,"column":2},"end":{"line":16,"column":14}},"loc":{"start":{"line":16,"column":47},"end":{"line":20,"column":null}},"line":16},"2":{"name":"(anonymous_2)","decl":{"start":{"line":24,"column":2},"end":{"line":24,"column":14}},"loc":{"start":{"line":24,"column":47},"end":{"line":28,"column":null}},"line":24},"3":{"name":"readJsonFile","decl":{"start":{"line":34,"column":22},"end":{"line":34,"column":38}},"loc":{"start":{"line":34,"column":71},"end":{"line":42,"column":null}},"line":34},"4":{"name":"writeJsonFile","decl":{"start":{"line":47,"column":22},"end":{"line":47,"column":39}},"loc":{"start":{"line":47,"column":80},"end":{"line":56,"column":null}},"line":47},"5":{"name":"readMarkdownFile","decl":{"start":{"line":61,"column":22},"end":{"line":61,"column":39}},"loc":{"start":{"line":61,"column":77},"end":{"line":68,"column":null}},"line":61},"6":{"name":"writeMarkdownFile","decl":{"start":{"line":73,"column":22},"end":{"line":73,"column":40}},"loc":{"start":{"line":73,"column":89},"end":{"line":82,"column":null}},"line":73},"7":{"name":"fileExists","decl":{"start":{"line":87,"column":22},"end":{"line":87,"column":33}},"loc":{"start":{"line":87,"column":65},"end":{"line":94,"column":null}},"line":87},"8":{"name":"dirExists","decl":{"start":{"line":99,"column":22},"end":{"line":99,"column":32}},"loc":{"start":{"line":99,"column":64},"end":{"line":106,"column":null}},"line":99},"9":{"name":"ensureDir","decl":{"start":{"line":111,"column":22},"end":{"line":111,"column":32}},"loc":{"start":{"line":111,"column":64},"end":{"line":119,"column":null}},"line":111},"10":{"name":"listFiles","decl":{"start":{"line":124,"column":22},"end":{"line":124,"column":32}},"loc":{"start":{"line":124,"column":88},"end":{"line":134,"column":null}},"line":124},"11":{"name":"(anonymous_11)","decl":{"start":{"line":128,"column":26},"end":{"line":128,"column":31}},"loc":{"start":{"line":128,"column":31},"end":{"line":128,"column":52}},"line":128},"12":{"name":"listDirs","decl":{"start":{"line":139,"column":22},"end":{"line":139,"column":31}},"loc":{"start":{"line":139,"column":67},"end":{"line":146,"column":null}},"line":139},"13":{"name":"(anonymous_13)","decl":{"start":{"line":142,"column":24},"end":{"line":142,"column":32}},"loc":{"start":{"line":142,"column":32},"end":{"line":142,"column":50}},"line":142},"14":{"name":"(anonymous_14)","decl":{"start":{"line":142,"column":56},"end":{"line":142,"column":64}},"loc":{"start":{"line":142,"column":64},"end":{"line":142,"column":73}},"line":142},"15":{"name":"getJjibanRoot","decl":{"start":{"line":151,"column":16},"end":{"line":151,"column":40}},"loc":{"start":{"line":151,"column":40},"end":{"line":153,"column":null}},"line":151},"16":{"name":"getSettingsPath","decl":{"start":{"line":158,"column":16},"end":{"line":158,"column":42}},"loc":{"start":{"line":158,"column":42},"end":{"line":160,"column":null}},"line":158},"17":{"name":"getProjectsPath","decl":{"start":{"line":165,"column":16},"end":{"line":165,"column":42}},"loc":{"start":{"line":165,"column":42},"end":{"line":167,"column":null}},"line":165},"18":{"name":"getProjectPath","decl":{"start":{"line":172,"column":16},"end":{"line":172,"column":31}},"loc":{"start":{"line":172,"column":58},"end":{"line":174,"column":null}},"line":172},"19":{"name":"getWbsPath","decl":{"start":{"line":179,"column":16},"end":{"line":179,"column":27}},"loc":{"start":{"line":179,"column":54},"end":{"line":181,"column":null}},"line":179},"20":{"name":"getProjectJsonPath","decl":{"start":{"line":186,"column":16},"end":{"line":186,"column":35}},"loc":{"start":{"line":186,"column":62},"end":{"line":188,"column":null}},"line":186},"21":{"name":"getTeamJsonPath","decl":{"start":{"line":193,"column":16},"end":{"line":193,"column":32}},"loc":{"start":{"line":193,"column":59},"end":{"line":195,"column":null}},"line":193},"22":{"name":"getTaskFolderPath","decl":{"start":{"line":200,"column":16},"end":{"line":200,"column":34}},"loc":{"start":{"line":200,"column":77},"end":{"line":202,"column":null}},"line":200},"23":{"name":"getTaskDocPath","decl":{"start":{"line":207,"column":16},"end":{"line":207,"column":31}},"loc":{"start":{"line":207,"column":91},"end":{"line":209,"column":null}},"line":207},"24":{"name":"getSettingFilePath","decl":{"start":{"line":214,"column":16},"end":{"line":214,"column":35}},"loc":{"start":{"line":214,"column":64},"end":{"line":216,"column":null}},"line":214},"25":{"name":"getTemplatesPath","decl":{"start":{"line":221,"column":16},"end":{"line":221,"column":43}},"loc":{"start":{"line":221,"column":43},"end":{"line":223,"column":null}},"line":221},"26":{"name":"ensureJjibanStructure","decl":{"start":{"line":230,"column":22},"end":{"line":230,"column":114}},"loc":{"start":{"line":230,"column":114},"end":{"line":258,"column":null}},"line":230},"27":{"name":"ensureProjectStructure","decl":{"start":{"line":265,"column":22},"end":{"line":265,"column":45}},"loc":{"start":{"line":265,"column":132},"end":{"line":291,"column":null}},"line":265},"28":{"name":"checkJjibanStructure","decl":{"start":{"line":296,"column":22},"end":{"line":296,"column":null}},"loc":{"start":{"line":301,"column":3},"end":{"line":308,"column":null}},"line":301}},"branchMap":{"0":{"loc":{"start":{"line":127,"column":4},"end":{"line":129,"column":null}},"type":"if","locations":[{"start":{"line":127,"column":4},"end":{"line":129,"column":null}},{"start":{},"end":{}}],"line":127},"1":{"loc":{"start":{"line":244,"column":6},"end":{"line":247,"column":null}},"type":"if","locations":[{"start":{"line":244,"column":6},"end":{"line":247,"column":null}},{"start":{},"end":{}}],"line":244},"2":{"loc":{"start":{"line":249,"column":29},"end":{"line":249,"column":85}},"type":"cond-expr","locations":[{"start":{"line":249,"column":54},"end":{"line":249,"column":70}},{"start":{"line":249,"column":70},"end":{"line":249,"column":85}}],"line":249},"3":{"loc":{"start":{"line":277,"column":6},"end":{"line":280,"column":null}},"type":"if","locations":[{"start":{"line":277,"column":6},"end":{"line":280,"column":null}},{"start":{},"end":{}}],"line":277},"4":{"loc":{"start":{"line":282,"column":29},"end":{"line":282,"column":85}},"type":"cond-expr","locations":[{"start":{"line":282,"column":54},"end":{"line":282,"column":70}},{"start":{"line":282,"column":70},"end":{"line":282,"column":85}}],"line":282}},"s":{"0":0,"1":0,"2":0,"3":0,"4":0,"5":0,"6":0,"7":0,"8":0,"9":0,"10":0,"11":0,"12":0,"13":0,"14":0,"15":0,"16":0,"17":0,"18":0,"19":0,"20":0,"21":0,"22":0,"23":0,"24":0,"25":0,"26":0,"27":0,"28":0,"29":0,"30":0,"31":0,"32":0,"33":0,"34":0,"35":0,"36":0,"37":0,"38":0,"39":0,"40":0,"41":0,"42":0,"43":0,"44":0,"45":0,"46":0,"47":0,"48":0,"49":0,"50":0,"51":0,"52":0,"53":0,"54":0,"55":0,"56":0,"57":0,"58":0,"59":0,"60":0,"61":0,"62":0,"63":0,"64":0,"65":0,"66":0,"67":0,"68":0,"69":0,"70":0,"71":0,"72":0,"73":0,"74":0,"75":0,"76":0,"77":0,"78":0,"79":0,"80":0,"81":0,"82":0,"83":0,"84":0,"85":0,"86":0,"87":0,"88":0,"89":0,"90":0,"91":0},"f":{"0":0,"1":0,"2":0,"3":0,"4":0,"5":0,"6":0,"7":0,"8":0,"9":0,"10":0,"11":0,"12":0,"13":0,"14":0,"15":0,"16":0,"17":0,"18":0,"19":0,"20":0,"21":0,"22":0,"23":0,"24":0,"25":0,"26":0,"27":0,"28":0},"b":{"0":[0,0],"1":[0,0],"2":[0,0],"3":[0,0],"4":[0,0]},"meta":{"lastBranch":5,"lastFunction":29,"lastStatement":92,"seen":{"s:5:20:5:Infinity":0,"f:9:2:9:14":0,"s:10:4:10:Infinity":1,"s:11:4:11:Infinity":2,"f:16:2:16:14":1,"s:17:4:17:Infinity":3,"s:18:4:18:Infinity":4,"s:19:4:19:Infinity":5,"f:24:2:24:14":2,"s:25:4:25:Infinity":6,"s:26:4:26:Infinity":7,"s:27:4:27:Infinity":8,"f:34:22:34:38":3,"s:35:2:41:Infinity":9,"s:36:20:36:Infinity":10,"s:37:4:37:Infinity":11,"s:39:4:39:Infinity":12,"s:40:4:40:Infinity":13,"f:47:22:47:39":4,"s:48:2:55:Infinity":14,"s:49:4:49:Infinity":15,"s:50:4:50:Infinity":16,"s:51:4:51:Infinity":17,"s:53:4:53:Infinity":18,"s:54:4:54:Infinity":19,"f:61:22:61:39":5,"s:62:2:67:Infinity":20,"s:63:4:63:Infinity":21,"s:65:4:65:Infinity":22,"s:66:4:66:Infinity":23,"f:73:22:73:40":6,"s:74:2:81:Infinity":24,"s:75:4:75:Infinity":25,"s:76:4:76:Infinity":26,"s:77:4:77:Infinity":27,"s:79:4:79:Infinity":28,"s:80:4:80:Infinity":29,"f:87:22:87:33":7,"s:88:2:93:Infinity":30,"s:89:4:89:Infinity":31,"s:90:4:90:Infinity":32,"s:92:4:92:Infinity":33,"f:99:22:99:32":8,"s:100:2:105:Infinity":34,"s:101:17:101:Infinity":35,"s:102:4:102:Infinity":36,"s:104:4:104:Infinity":37,"f:111:22:111:32":9,"s:112:2:118:Infinity":38,"s:113:4:113:Infinity":39,"s:114:4:114:Infinity":40,"s:116:4:116:Infinity":41,"s:117:4:117:Infinity":42,"f:124:22:124:32":10,"s:125:2:133:Infinity":43,"s:126:18:126:Infinity":44,"b:127:4:129:Infinity:undefined:undefined:undefined:undefined":0,"s:127:4:129:Infinity":45,"s:128:6:128:Infinity":46,"f:128:26:128:31":11,"s:128:31:128:52":47,"s:130:4:130:Infinity":48,"s:132:4:132:Infinity":49,"f:139:22:139:31":12,"s:140:2:145:Infinity":50,"s:141:18:141:Infinity":51,"s:142:4:142:Infinity":52,"f:142:24:142:32":13,"s:142:32:142:50":53,"f:142:56:142:64":14,"s:142:64:142:73":54,"s:144:4:144:Infinity":55,"f:151:16:151:40":15,"s:152:2:152:Infinity":56,"f:158:16:158:42":16,"s:159:2:159:Infinity":57,"f:165:16:165:42":17,"s:166:2:166:Infinity":58,"f:172:16:172:31":18,"s:173:2:173:Infinity":59,"f:179:16:179:27":19,"s:180:2:180:Infinity":60,"f:186:16:186:35":20,"s:187:2:187:Infinity":61,"f:193:16:193:32":21,"s:194:2:194:Infinity":62,"f:200:16:200:34":22,"s:201:2:201:Infinity":63,"f:207:16:207:31":23,"s:208:2:208:Infinity":64,"f:214:16:214:35":24,"s:215:2:215:Infinity":65,"f:221:16:221:43":25,"s:222:2:222:Infinity":66,"f:230:22:230:114":26,"s:231:28:231:Infinity":67,"s:232:27:232:Infinity":68,"s:234:22:239:Infinity":69,"s:241:2:251:Infinity":70,"s:242:4:250:Infinity":71,"s:243:21:243:Infinity":72,"b:244:6:247:Infinity:undefined:undefined:undefined:undefined":1,"s:244:6:247:Infinity":73,"s:245:8:245:Infinity":74,"s:246:8:246:Infinity":75,"s:249:6:249:Infinity":76,"b:249:54:249:70:249:70:249:85":2,"s:253:2:257:Infinity":77,"f:265:22:265:45":27,"s:266:28:266:Infinity":78,"s:267:27:267:Infinity":79,"s:269:22:269:Infinity":80,"s:270:8:270:Infinity":81,"s:272:22:272:Infinity":82,"s:274:2:284:Infinity":83,"s:275:4:283:Infinity":84,"s:276:21:276:Infinity":85,"b:277:6:280:Infinity:undefined:undefined:undefined:undefined":3,"s:277:6:280:Infinity":86,"s:278:8:278:Infinity":87,"s:279:8:279:Infinity":88,"s:282:6:282:Infinity":89,"b:282:54:282:70:282:70:282:85":4,"s:286:2:290:Infinity":90,"f:296:22:296:Infinity":28,"s:302:2:307:Infinity":91}}}
,"C:\\project\\jjiban\\server\\utils\\index.ts": {"path":"C:\\project\\jjiban\\server\\utils\\index.ts","statementMap":{},"fnMap":{},"branchMap":{},"s":{},"f":{},"b":{},"meta":{"lastBranch":0,"lastFunction":0,"lastStatement":0,"seen":{}}}
,"C:\\project\\jjiban\\server\\utils\\settings\\defaults.ts": {"path":"C:\\project\\jjiban\\server\\utils\\settings\\defaults.ts","statementMap":{"0":{"start":{"line":27,"column":46},"end":{"line":79,"column":null}},"1":{"start":{"line":86,"column":52},"end":{"line":117,"column":null}},"2":{"start":{"line":124,"column":50},"end":{"line":250,"column":null}},"3":{"start":{"line":257,"column":46},"end":{"line":315,"column":null}},"4":{"start":{"line":324,"column":42},"end":{"line":329,"column":null}},"5":{"start":{"line":341,"column":2},"end":{"line":345,"column":null}},"6":{"start":{"line":342,"column":4},"end":{"line":342,"column":null}},"7":{"start":{"line":342,"column":39},"end":{"line":342,"column":null}},"8":{"start":{"line":343,"column":4},"end":{"line":343,"column":null}},"9":{"start":{"line":343,"column":47},"end":{"line":343,"column":null}},"10":{"start":{"line":344,"column":4},"end":{"line":344,"column":null}},"11":{"start":{"line":354,"column":19},"end":{"line":354,"column":null}},"12":{"start":{"line":354,"column":73},"end":{"line":354,"column":94}},"13":{"start":{"line":355,"column":2},"end":{"line":355,"column":null}},"14":{"start":{"line":355,"column":17},"end":{"line":355,"column":null}},"15":{"start":{"line":356,"column":2},"end":{"line":356,"column":null}},"16":{"start":{"line":356,"column":60},"end":{"line":356,"column":89}},"17":{"start":{"line":366,"column":19},"end":{"line":366,"column":null}},"18":{"start":{"line":366,"column":70},"end":{"line":366,"column":90}},"19":{"start":{"line":367,"column":2},"end":{"line":367,"column":null}},"20":{"start":{"line":367,"column":17},"end":{"line":367,"column":null}},"21":{"start":{"line":368,"column":2},"end":{"line":368,"column":null}},"22":{"start":{"line":368,"column":64},"end":{"line":368,"column":87}},"23":{"start":{"line":378,"column":2},"end":{"line":382,"column":null}},"24":{"start":{"line":380,"column":6},"end":{"line":381,"column":null}}},"fnMap":{"0":{"name":"findColumnByStatus","decl":{"start":{"line":340,"column":16},"end":{"line":340,"column":35}},"loc":{"start":{"line":340,"column":75},"end":{"line":346,"column":null}},"line":340},"1":{"name":"(anonymous_1)","decl":{"start":{"line":341,"column":38},"end":{"line":341,"column":39}},"loc":{"start":{"line":341,"column":55},"end":{"line":345,"column":3}},"line":341},"2":{"name":"findWorkflowByCategory","decl":{"start":{"line":353,"column":16},"end":{"line":353,"column":39}},"loc":{"start":{"line":353,"column":81},"end":{"line":357,"column":null}},"line":353},"3":{"name":"(anonymous_3)","decl":{"start":{"line":354,"column":54},"end":{"line":354,"column":55}},"loc":{"start":{"line":354,"column":73},"end":{"line":354,"column":94}},"line":354},"4":{"name":"(anonymous_4)","decl":{"start":{"line":356,"column":42},"end":{"line":356,"column":43}},"loc":{"start":{"line":356,"column":60},"end":{"line":356,"column":89}},"line":356},"5":{"name":"getAvailableTransitions","decl":{"start":{"line":365,"column":16},"end":{"line":365,"column":40}},"loc":{"start":{"line":365,"column":104},"end":{"line":369,"column":null}},"line":365},"6":{"name":"(anonymous_6)","decl":{"start":{"line":366,"column":52},"end":{"line":366,"column":53}},"loc":{"start":{"line":366,"column":70},"end":{"line":366,"column":90}},"line":366},"7":{"name":"(anonymous_7)","decl":{"start":{"line":368,"column":37},"end":{"line":368,"column":38}},"loc":{"start":{"line":368,"column":64},"end":{"line":368,"column":87}},"line":368},"8":{"name":"getAvailableActions","decl":{"start":{"line":377,"column":16},"end":{"line":377,"column":36}},"loc":{"start":{"line":377,"column":88},"end":{"line":383,"column":null}},"line":377},"9":{"name":"(anonymous_9)","decl":{"start":{"line":379,"column":4},"end":{"line":379,"column":5}},"loc":{"start":{"line":380,"column":6},"end":{"line":381,"column":null}},"line":380}},"branchMap":{"0":{"loc":{"start":{"line":342,"column":4},"end":{"line":342,"column":null}},"type":"if","locations":[{"start":{"line":342,"column":4},"end":{"line":342,"column":null}},{"start":{},"end":{}}],"line":342},"1":{"loc":{"start":{"line":343,"column":4},"end":{"line":343,"column":null}},"type":"if","locations":[{"start":{"line":343,"column":4},"end":{"line":343,"column":null}},{"start":{},"end":{}}],"line":343},"2":{"loc":{"start":{"line":355,"column":2},"end":{"line":355,"column":null}},"type":"if","locations":[{"start":{"line":355,"column":2},"end":{"line":355,"column":null}},{"start":{},"end":{}}],"line":355},"3":{"loc":{"start":{"line":367,"column":2},"end":{"line":367,"column":null}},"type":"if","locations":[{"start":{"line":367,"column":2},"end":{"line":367,"column":null}},{"start":{},"end":{}}],"line":367},"4":{"loc":{"start":{"line":380,"column":6},"end":{"line":381,"column":null}},"type":"binary-expr","locations":[{"start":{"line":380,"column":6},"end":{"line":380,"column":null}},{"start":{"line":381,"column":6},"end":{"line":381,"column":null}}],"line":380}},"s":{"0":0,"1":0,"2":0,"3":0,"4":0,"5":0,"6":0,"7":0,"8":0,"9":0,"10":0,"11":0,"12":0,"13":0,"14":0,"15":0,"16":0,"17":0,"18":0,"19":0,"20":0,"21":0,"22":0,"23":0,"24":0},"f":{"0":0,"1":0,"2":0,"3":0,"4":0,"5":0,"6":0,"7":0,"8":0,"9":0},"b":{"0":[0,0],"1":[0,0],"2":[0,0],"3":[0,0],"4":[0,0]},"meta":{"lastBranch":5,"lastFunction":10,"lastStatement":25,"seen":{"s:27:46:79:Infinity":0,"s:86:52:117:Infinity":1,"s:124:50:250:Infinity":2,"s:257:46:315:Infinity":3,"s:324:42:329:Infinity":4,"f:340:16:340:35":0,"s:341:2:345:Infinity":5,"f:341:38:341:39":1,"b:342:4:342:Infinity:undefined:undefined:undefined:undefined":0,"s:342:4:342:Infinity":6,"s:342:39:342:Infinity":7,"b:343:4:343:Infinity:undefined:undefined:undefined:undefined":1,"s:343:4:343:Infinity":8,"s:343:47:343:Infinity":9,"s:344:4:344:Infinity":10,"f:353:16:353:39":2,"s:354:19:354:Infinity":11,"f:354:54:354:55":3,"s:354:73:354:94":12,"b:355:2:355:Infinity:undefined:undefined:undefined:undefined":2,"s:355:2:355:Infinity":13,"s:355:17:355:Infinity":14,"s:356:2:356:Infinity":15,"f:356:42:356:43":4,"s:356:60:356:89":16,"f:365:16:365:40":5,"s:366:19:366:Infinity":17,"f:366:52:366:53":6,"s:366:70:366:90":18,"b:367:2:367:Infinity:undefined:undefined:undefined:undefined":3,"s:367:2:367:Infinity":19,"s:367:17:367:Infinity":20,"s:368:2:368:Infinity":21,"f:368:37:368:38":7,"s:368:64:368:87":22,"f:377:16:377:36":8,"s:378:2:382:Infinity":23,"f:379:4:379:5":9,"s:380:6:381:Infinity":24,"b:380:6:380:Infinity:381:6:381:Infinity":4}}}
,"C:\\project\\jjiban\\server\\utils\\settings\\index.ts": {"path":"C:\\project\\jjiban\\server\\utils\\settings\\index.ts","statementMap":{},"fnMap":{},"branchMap":{},"s":{},"f":{},"b":{},"meta":{"lastBranch":0,"lastFunction":0,"lastStatement":0,"seen":{}}}
,"C:\\project\\jjiban\\server\\utils\\wbs\\index.ts": {"path":"C:\\project\\jjiban\\server\\utils\\wbs\\index.ts","statementMap":{},"fnMap":{},"branchMap":{},"s":{},"f":{},"b":{},"meta":{"lastBranch":0,"lastFunction":0,"lastStatement":0,"seen":{}}}
,"C:\\project\\jjiban\\server\\utils\\wbs\\serializer.ts": {"path":"C:\\project\\jjiban\\server\\utils\\wbs\\serializer.ts","statementMap":{"0":{"start":{"line":7,"column":28},"end":{"line":7,"column":null}},"1":{"start":{"line":8,"column":23},"end":{"line":8,"column":null}},"2":{"start":{"line":9,"column":25},"end":{"line":9,"column":null}},"3":{"start":{"line":17,"column":18},"end":{"line":17,"column":null}},"4":{"start":{"line":20,"column":4},"end":{"line":41,"column":null}},"5":{"start":{"line":22,"column":6},"end":{"line":24,"column":null}},"6":{"start":{"line":23,"column":8},"end":{"line":23,"column":null}},"7":{"start":{"line":25,"column":6},"end":{"line":25,"column":null}},"8":{"start":{"line":28,"column":6},"end":{"line":30,"column":null}},"9":{"start":{"line":29,"column":8},"end":{"line":29,"column":null}},"10":{"start":{"line":32,"column":6},"end":{"line":34,"column":null}},"11":{"start":{"line":33,"column":8},"end":{"line":33,"column":null}},"12":{"start":{"line":36,"column":6},"end":{"line":40,"column":null}},"13":{"start":{"line":37,"column":8},"end":{"line":39,"column":null}},"14":{"start":{"line":38,"column":10},"end":{"line":38,"column":null}},"15":{"start":{"line":42,"column":4},"end":{"line":42,"column":null}},"16":{"start":{"line":45,"column":2},"end":{"line":45,"column":null}},"17":{"start":{"line":56,"column":14},"end":{"line":56,"column":null}},"18":{"start":{"line":57,"column":2},"end":{"line":67,"column":null}},"19":{"start":{"line":59,"column":4},"end":{"line":61,"column":null}},"20":{"start":{"line":60,"column":6},"end":{"line":60,"column":null}},"21":{"start":{"line":62,"column":4},"end":{"line":62,"column":null}},"22":{"start":{"line":63,"column":4},"end":{"line":63,"column":null}},"23":{"start":{"line":64,"column":4},"end":{"line":66,"column":null}},"24":{"start":{"line":65,"column":6},"end":{"line":65,"column":null}},"25":{"start":{"line":68,"column":2},"end":{"line":68,"column":null}},"26":{"start":{"line":76,"column":2},"end":{"line":76,"column":null}},"27":{"start":{"line":76,"column":14},"end":{"line":76,"column":null}},"28":{"start":{"line":79,"column":18},"end":{"line":79,"column":null}},"29":{"start":{"line":82,"column":2},"end":{"line":84,"column":null}},"30":{"start":{"line":83,"column":4},"end":{"line":83,"column":null}},"31":{"start":{"line":86,"column":2},"end":{"line":86,"column":null}},"32":{"start":{"line":97,"column":2},"end":{"line":99,"column":null}},"33":{"start":{"line":98,"column":4},"end":{"line":98,"column":null}},"34":{"start":{"line":102,"column":2},"end":{"line":104,"column":null}},"35":{"start":{"line":103,"column":4},"end":{"line":103,"column":null}},"36":{"start":{"line":105,"column":2},"end":{"line":105,"column":null}},"37":{"start":{"line":107,"column":26},"end":{"line":107,"column":null}},"38":{"start":{"line":110,"column":24},"end":{"line":113,"column":null}},"39":{"start":{"line":116,"column":8},"end":{"line":116,"column":null}},"40":{"start":{"line":117,"column":2},"end":{"line":117,"column":null}},"41":{"start":{"line":120,"column":8},"end":{"line":120,"column":null}},"42":{"start":{"line":121,"column":2},"end":{"line":123,"column":null}},"43":{"start":{"line":122,"column":4},"end":{"line":122,"column":null}},"44":{"start":{"line":126,"column":2},"end":{"line":126,"column":null}},"45":{"start":{"line":129,"column":2},"end":{"line":138,"column":null}},"46":{"start":{"line":130,"column":4},"end":{"line":130,"column":null}},"47":{"start":{"line":132,"column":4},"end":{"line":135,"column":null}},"48":{"start":{"line":133,"column":26},"end":{"line":133,"column":null}},"49":{"start":{"line":134,"column":6},"end":{"line":134,"column":null}},"50":{"start":{"line":137,"column":4},"end":{"line":137,"column":null}},"51":{"start":{"line":141,"column":2},"end":{"line":141,"column":null}},"52":{"start":{"line":143,"column":2},"end":{"line":143,"column":null}},"53":{"start":{"line":159,"column":2},"end":{"line":163,"column":null}},"54":{"start":{"line":161,"column":10},"end":{"line":161,"column":null}},"55":{"start":{"line":162,"column":4},"end":{"line":162,"column":null}},"56":{"start":{"line":166,"column":20},"end":{"line":166,"column":null}},"57":{"start":{"line":167,"column":2},"end":{"line":169,"column":null}},"58":{"start":{"line":168,"column":4},"end":{"line":168,"column":null}},"59":{"start":{"line":172,"column":19},"end":{"line":172,"column":null}},"60":{"start":{"line":175,"column":37},"end":{"line":180,"column":null}},"61":{"start":{"line":182,"column":26},"end":{"line":182,"column":null}},"62":{"start":{"line":185,"column":20},"end":{"line":185,"column":null}},"63":{"start":{"line":186,"column":2},"end":{"line":243,"column":null}},"64":{"start":{"line":187,"column":10},"end":{"line":187,"column":null}},"65":{"start":{"line":188,"column":4},"end":{"line":188,"column":null}},"66":{"start":{"line":189,"column":4},"end":{"line":189,"column":null}},"67":{"start":{"line":192,"column":10},"end":{"line":192,"column":null}},"68":{"start":{"line":193,"column":4},"end":{"line":193,"column":null}},"69":{"start":{"line":194,"column":4},"end":{"line":194,"column":null}},"70":{"start":{"line":195,"column":4},"end":{"line":195,"column":null}},"71":{"start":{"line":196,"column":4},"end":{"line":196,"column":null}},"72":{"start":{"line":199,"column":4},"end":{"line":217,"column":null}},"73":{"start":{"line":200,"column":6},"end":{"line":216,"column":null}},"74":{"start":{"line":200,"column":19},"end":{"line":200,"column":22}},"75":{"start":{"line":201,"column":22},"end":{"line":201,"column":null}},"76":{"start":{"line":204,"column":8},"end":{"line":207,"column":null}},"77":{"start":{"line":205,"column":10},"end":{"line":205,"column":null}},"78":{"start":{"line":206,"column":10},"end":{"line":206,"column":null}},"79":{"start":{"line":209,"column":8},"end":{"line":209,"column":null}},"80":{"start":{"line":210,"column":28},"end":{"line":210,"column":null}},"81":{"start":{"line":211,"column":8},"end":{"line":211,"column":null}},"82":{"start":{"line":213,"column":8},"end":{"line":215,"column":null}},"83":{"start":{"line":214,"column":10},"end":{"line":214,"column":null}},"84":{"start":{"line":220,"column":10},"end":{"line":220,"column":null}},"85":{"start":{"line":221,"column":4},"end":{"line":221,"column":null}},"86":{"start":{"line":222,"column":4},"end":{"line":222,"column":null}},"87":{"start":{"line":223,"column":4},"end":{"line":223,"column":null}},"88":{"start":{"line":224,"column":4},"end":{"line":224,"column":null}},"89":{"start":{"line":226,"column":4},"end":{"line":242,"column":null}},"90":{"start":{"line":226,"column":17},"end":{"line":226,"column":20}},"91":{"start":{"line":227,"column":19},"end":{"line":227,"column":null}},"92":{"start":{"line":230,"column":6},"end":{"line":233,"column":null}},"93":{"start":{"line":231,"column":8},"end":{"line":231,"column":null}},"94":{"start":{"line":232,"column":8},"end":{"line":232,"column":null}},"95":{"start":{"line":235,"column":6},"end":{"line":235,"column":null}},"96":{"start":{"line":236,"column":25},"end":{"line":236,"column":null}},"97":{"start":{"line":237,"column":6},"end":{"line":237,"column":null}},"98":{"start":{"line":239,"column":6},"end":{"line":241,"column":null}},"99":{"start":{"line":240,"column":8},"end":{"line":240,"column":null}},"100":{"start":{"line":246,"column":15},"end":{"line":246,"column":null}},"101":{"start":{"line":249,"column":2},"end":{"line":249,"column":null}},"102":{"start":{"line":250,"column":2},"end":{"line":250,"column":null}},"103":{"start":{"line":252,"column":2},"end":{"line":252,"column":null}}},"fnMap":{"0":{"name":"calculateMaxDepth","decl":{"start":{"line":16,"column":16},"end":{"line":16,"column":34}},"loc":{"start":{"line":16,"column":60},"end":{"line":46,"column":null}},"line":16},"1":{"name":"hasActOrDeepTask","decl":{"start":{"line":19,"column":11},"end":{"line":19,"column":28}},"loc":{"start":{"line":19,"column":58},"end":{"line":43,"column":null}},"line":19},"2":{"name":"countNodes","decl":{"start":{"line":55,"column":9},"end":{"line":55,"column":20}},"loc":{"start":{"line":55,"column":80},"end":{"line":69,"column":null}},"line":55},"3":{"name":"sanitizeTitle","decl":{"start":{"line":75,"column":9},"end":{"line":75,"column":23}},"loc":{"start":{"line":75,"column":46},"end":{"line":87,"column":null}},"line":75},"4":{"name":"serializeNode","decl":{"start":{"line":95,"column":9},"end":{"line":95,"column":23}},"loc":{"start":{"line":95,"column":74},"end":{"line":144,"column":null}},"line":95},"5":{"name":"serializeWbs","decl":{"start":{"line":153,"column":16},"end":{"line":153,"column":null}},"loc":{"start":{"line":157,"column":10},"end":{"line":253,"column":null}},"line":157}},"branchMap":{"0":{"loc":{"start":{"line":22,"column":6},"end":{"line":24,"column":null}},"type":"if","locations":[{"start":{"line":22,"column":6},"end":{"line":24,"column":null}},{"start":{},"end":{}}],"line":22},"1":{"loc":{"start":{"line":28,"column":6},"end":{"line":30,"column":null}},"type":"if","locations":[{"start":{"line":28,"column":6},"end":{"line":30,"column":null}},{"start":{},"end":{}}],"line":28},"2":{"loc":{"start":{"line":32,"column":6},"end":{"line":34,"column":null}},"type":"if","locations":[{"start":{"line":32,"column":6},"end":{"line":34,"column":null}},{"start":{},"end":{}}],"line":32},"3":{"loc":{"start":{"line":32,"column":10},"end":{"line":32,"column":69}},"type":"binary-expr","locations":[{"start":{"line":32,"column":10},"end":{"line":32,"column":34}},{"start":{"line":32,"column":34},"end":{"line":32,"column":69}}],"line":32},"4":{"loc":{"start":{"line":36,"column":6},"end":{"line":40,"column":null}},"type":"if","locations":[{"start":{"line":36,"column":6},"end":{"line":40,"column":null}},{"start":{},"end":{}}],"line":36},"5":{"loc":{"start":{"line":36,"column":10},"end":{"line":36,"column":53}},"type":"binary-expr","locations":[{"start":{"line":36,"column":10},"end":{"line":36,"column":27}},{"start":{"line":36,"column":27},"end":{"line":36,"column":53}}],"line":36},"6":{"loc":{"start":{"line":37,"column":8},"end":{"line":39,"column":null}},"type":"if","locations":[{"start":{"line":37,"column":8},"end":{"line":39,"column":null}},{"start":{},"end":{}}],"line":37},"7":{"loc":{"start":{"line":45,"column":9},"end":{"line":45,"column":null}},"type":"cond-expr","locations":[{"start":{"line":45,"column":35},"end":{"line":45,"column":39}},{"start":{"line":45,"column":39},"end":{"line":45,"column":null}}],"line":45},"8":{"loc":{"start":{"line":55,"column":38},"end":{"line":55,"column":80}},"type":"default-arg","locations":[{"start":{"line":55,"column":61},"end":{"line":55,"column":80}}],"line":55},"9":{"loc":{"start":{"line":59,"column":4},"end":{"line":61,"column":null}},"type":"if","locations":[{"start":{"line":59,"column":4},"end":{"line":61,"column":null}},{"start":{},"end":{}}],"line":59},"10":{"loc":{"start":{"line":64,"column":4},"end":{"line":66,"column":null}},"type":"if","locations":[{"start":{"line":64,"column":4},"end":{"line":66,"column":null}},{"start":{},"end":{}}],"line":64},"11":{"loc":{"start":{"line":64,"column":8},"end":{"line":64,"column":51}},"type":"binary-expr","locations":[{"start":{"line":64,"column":8},"end":{"line":64,"column":25}},{"start":{"line":64,"column":25},"end":{"line":64,"column":51}}],"line":64},"12":{"loc":{"start":{"line":76,"column":2},"end":{"line":76,"column":null}},"type":"if","locations":[{"start":{"line":76,"column":2},"end":{"line":76,"column":null}},{"start":{},"end":{}}],"line":76},"13":{"loc":{"start":{"line":79,"column":18},"end":{"line":79,"column":null}},"type":"cond-expr","locations":[{"start":{"line":79,"column":52},"end":{"line":79,"column":87}},{"start":{"line":79,"column":87},"end":{"line":79,"column":null}}],"line":79},"14":{"loc":{"start":{"line":82,"column":2},"end":{"line":84,"column":null}},"type":"if","locations":[{"start":{"line":82,"column":2},"end":{"line":84,"column":null}},{"start":{},"end":{}}],"line":82},"15":{"loc":{"start":{"line":97,"column":2},"end":{"line":99,"column":null}},"type":"if","locations":[{"start":{"line":97,"column":2},"end":{"line":99,"column":null}},{"start":{},"end":{}}],"line":97},"16":{"loc":{"start":{"line":102,"column":2},"end":{"line":104,"column":null}},"type":"if","locations":[{"start":{"line":102,"column":2},"end":{"line":104,"column":null}},{"start":{},"end":{}}],"line":102},"17":{"loc":{"start":{"line":121,"column":2},"end":{"line":123,"column":null}},"type":"if","locations":[{"start":{"line":121,"column":2},"end":{"line":123,"column":null}},{"start":{},"end":{}}],"line":121},"18":{"loc":{"start":{"line":129,"column":2},"end":{"line":138,"column":null}},"type":"if","locations":[{"start":{"line":129,"column":2},"end":{"line":138,"column":null}},{"start":{},"end":{}}],"line":129},"19":{"loc":{"start":{"line":129,"column":6},"end":{"line":129,"column":49}},"type":"binary-expr","locations":[{"start":{"line":129,"column":6},"end":{"line":129,"column":23}},{"start":{"line":129,"column":23},"end":{"line":129,"column":49}}],"line":129},"20":{"loc":{"start":{"line":159,"column":2},"end":{"line":163,"column":null}},"type":"if","locations":[{"start":{"line":159,"column":2},"end":{"line":163,"column":null}},{"start":{},"end":{}}],"line":159},"21":{"loc":{"start":{"line":159,"column":6},"end":{"line":159,"column":36}},"type":"binary-expr","locations":[{"start":{"line":159,"column":6},"end":{"line":159,"column":16}},{"start":{"line":159,"column":16},"end":{"line":159,"column":36}}],"line":159},"22":{"loc":{"start":{"line":167,"column":2},"end":{"line":169,"column":null}},"type":"if","locations":[{"start":{"line":167,"column":2},"end":{"line":169,"column":null}},{"start":{},"end":{}}],"line":167},"23":{"loc":{"start":{"line":186,"column":2},"end":{"line":243,"column":null}},"type":"if","locations":[{"start":{"line":186,"column":2},"end":{"line":243,"column":null}},{"start":{"line":218,"column":9},"end":{"line":243,"column":null}}],"line":186},"24":{"loc":{"start":{"line":199,"column":4},"end":{"line":217,"column":null}},"type":"if","locations":[{"start":{"line":199,"column":4},"end":{"line":217,"column":null}},{"start":{},"end":{}}],"line":199},"25":{"loc":{"start":{"line":199,"column":8},"end":{"line":199,"column":61}},"type":"binary-expr","locations":[{"start":{"line":199,"column":8},"end":{"line":199,"column":30}},{"start":{"line":199,"column":30},"end":{"line":199,"column":61}}],"line":199},"26":{"loc":{"start":{"line":204,"column":8},"end":{"line":207,"column":null}},"type":"if","locations":[{"start":{"line":204,"column":8},"end":{"line":207,"column":null}},{"start":{},"end":{}}],"line":204},"27":{"loc":{"start":{"line":204,"column":12},"end":{"line":204,"column":56}},"type":"binary-expr","locations":[{"start":{"line":204,"column":12},"end":{"line":204,"column":35}},{"start":{"line":204,"column":35},"end":{"line":204,"column":56}}],"line":204},"28":{"loc":{"start":{"line":213,"column":8},"end":{"line":215,"column":null}},"type":"if","locations":[{"start":{"line":213,"column":8},"end":{"line":215,"column":null}},{"start":{},"end":{}}],"line":213},"29":{"loc":{"start":{"line":230,"column":6},"end":{"line":233,"column":null}},"type":"if","locations":[{"start":{"line":230,"column":6},"end":{"line":233,"column":null}},{"start":{},"end":{}}],"line":230},"30":{"loc":{"start":{"line":230,"column":10},"end":{"line":230,"column":53}},"type":"binary-expr","locations":[{"start":{"line":230,"column":10},"end":{"line":230,"column":32}},{"start":{"line":230,"column":32},"end":{"line":230,"column":53}}],"line":230},"31":{"loc":{"start":{"line":239,"column":6},"end":{"line":241,"column":null}},"type":"if","locations":[{"start":{"line":239,"column":6},"end":{"line":241,"column":null}},{"start":{},"end":{}}],"line":239}},"s":{"0":0,"1":0,"2":0,"3":0,"4":0,"5":0,"6":0,"7":0,"8":0,"9":0,"10":0,"11":0,"12":0,"13":0,"14":0,"15":0,"16":0,"17":0,"18":0,"19":0,"20":0,"21":0,"22":0,"23":0,"24":0,"25":0,"26":0,"27":0,"28":0,"29":0,"30":0,"31":0,"32":0,"33":0,"34":0,"35":0,"36":0,"37":0,"38":0,"39":0,"40":0,"41":0,"42":0,"43":0,"44":0,"45":0,"46":0,"47":0,"48":0,"49":0,"50":0,"51":0,"52":0,"53":0,"54":0,"55":0,"56":0,"57":0,"58":0,"59":0,"60":0,"61":0,"62":0,"63":0,"64":0,"65":0,"66":0,"67":0,"68":0,"69":0,"70":0,"71":0,"72":0,"73":0,"74":0,"75":0,"76":0,"77":0,"78":0,"79":0,"80":0,"81":0,"82":0,"83":0,"84":0,"85":0,"86":0,"87":0,"88":0,"89":0,"90":0,"91":0,"92":0,"93":0,"94":0,"95":0,"96":0,"97":0,"98":0,"99":0,"100":0,"101":0,"102":0,"103":0},"f":{"0":0,"1":0,"2":0,"3":0,"4":0,"5":0},"b":{"0":[0,0],"1":[0,0],"2":[0,0],"3":[0,0],"4":[0,0],"5":[0,0],"6":[0,0],"7":[0,0],"8":[0],"9":[0,0],"10":[0,0],"11":[0,0],"12":[0,0],"13":[0,0],"14":[0,0],"15":[0,0],"16":[0,0],"17":[0,0],"18":[0,0],"19":[0,0],"20":[0,0],"21":[0,0],"22":[0,0],"23":[0,0],"24":[0,0],"25":[0,0],"26":[0,0],"27":[0,0],"28":[0,0],"29":[0,0],"30":[0,0],"31":[0,0]},"meta":{"lastBranch":32,"lastFunction":6,"lastStatement":104,"seen":{"s:7:28:7:Infinity":0,"s:8:23:8:Infinity":1,"s:9:25:9:Infinity":2,"f:16:16:16:34":0,"s:17:18:17:Infinity":3,"f:19:11:19:28":1,"s:20:4:41:Infinity":4,"b:22:6:24:Infinity:undefined:undefined:undefined:undefined":0,"s:22:6:24:Infinity":5,"s:23:8:23:Infinity":6,"s:25:6:25:Infinity":7,"b:28:6:30:Infinity:undefined:undefined:undefined:undefined":1,"s:28:6:30:Infinity":8,"s:29:8:29:Infinity":9,"b:32:6:34:Infinity:undefined:undefined:undefined:undefined":2,"s:32:6:34:Infinity":10,"b:32:10:32:34:32:34:32:69":3,"s:33:8:33:Infinity":11,"b:36:6:40:Infinity:undefined:undefined:undefined:undefined":4,"s:36:6:40:Infinity":12,"b:36:10:36:27:36:27:36:53":5,"b:37:8:39:Infinity:undefined:undefined:undefined:undefined":6,"s:37:8:39:Infinity":13,"s:38:10:38:Infinity":14,"s:42:4:42:Infinity":15,"s:45:2:45:Infinity":16,"b:45:35:45:39:45:39:45:Infinity":7,"f:55:9:55:20":2,"b:55:61:55:80":8,"s:56:14:56:Infinity":17,"s:57:2:67:Infinity":18,"b:59:4:61:Infinity:undefined:undefined:undefined:undefined":9,"s:59:4:61:Infinity":19,"s:60:6:60:Infinity":20,"s:62:4:62:Infinity":21,"s:63:4:63:Infinity":22,"b:64:4:66:Infinity:undefined:undefined:undefined:undefined":10,"s:64:4:66:Infinity":23,"b:64:8:64:25:64:25:64:51":11,"s:65:6:65:Infinity":24,"s:68:2:68:Infinity":25,"f:75:9:75:23":3,"b:76:2:76:Infinity:undefined:undefined:undefined:undefined":12,"s:76:2:76:Infinity":26,"s:76:14:76:Infinity":27,"s:79:18:79:Infinity":28,"b:79:52:79:87:79:87:79:Infinity":13,"b:82:2:84:Infinity:undefined:undefined:undefined:undefined":14,"s:82:2:84:Infinity":29,"s:83:4:83:Infinity":30,"s:86:2:86:Infinity":31,"f:95:9:95:23":4,"b:97:2:99:Infinity:undefined:undefined:undefined:undefined":15,"s:97:2:99:Infinity":32,"s:98:4:98:Infinity":33,"b:102:2:104:Infinity:undefined:undefined:undefined:undefined":16,"s:102:2:104:Infinity":34,"s:103:4:103:Infinity":35,"s:105:2:105:Infinity":36,"s:107:26:107:Infinity":37,"s:110:24:113:Infinity":38,"s:116:8:116:Infinity":39,"s:117:2:117:Infinity":40,"s:120:8:120:Infinity":41,"b:121:2:123:Infinity:undefined:undefined:undefined:undefined":17,"s:121:2:123:Infinity":42,"s:122:4:122:Infinity":43,"s:126:2:126:Infinity":44,"b:129:2:138:Infinity:undefined:undefined:undefined:undefined":18,"s:129:2:138:Infinity":45,"b:129:6:129:23:129:23:129:49":19,"s:130:4:130:Infinity":46,"s:132:4:135:Infinity":47,"s:133:26:133:Infinity":48,"s:134:6:134:Infinity":49,"s:137:4:137:Infinity":50,"s:141:2:141:Infinity":51,"s:143:2:143:Infinity":52,"f:153:16:153:Infinity":5,"b:159:2:163:Infinity:undefined:undefined:undefined:undefined":20,"s:159:2:163:Infinity":53,"b:159:6:159:16:159:16:159:36":21,"s:161:10:161:Infinity":54,"s:162:4:162:Infinity":55,"s:166:20:166:Infinity":56,"b:167:2:169:Infinity:undefined:undefined:undefined:undefined":22,"s:167:2:169:Infinity":57,"s:168:4:168:Infinity":58,"s:172:19:172:Infinity":59,"s:175:37:180:Infinity":60,"s:182:26:182:Infinity":61,"s:185:20:185:Infinity":62,"b:186:2:243:Infinity:218:9:243:Infinity":23,"s:186:2:243:Infinity":63,"s:187:10:187:Infinity":64,"s:188:4:188:Infinity":65,"s:189:4:189:Infinity":66,"s:192:10:192:Infinity":67,"s:193:4:193:Infinity":68,"s:194:4:194:Infinity":69,"s:195:4:195:Infinity":70,"s:196:4:196:Infinity":71,"b:199:4:217:Infinity:undefined:undefined:undefined:undefined":24,"s:199:4:217:Infinity":72,"b:199:8:199:30:199:30:199:61":25,"s:200:6:216:Infinity":73,"s:200:19:200:22":74,"s:201:22:201:Infinity":75,"b:204:8:207:Infinity:undefined:undefined:undefined:undefined":26,"s:204:8:207:Infinity":76,"b:204:12:204:35:204:35:204:56":27,"s:205:10:205:Infinity":77,"s:206:10:206:Infinity":78,"s:209:8:209:Infinity":79,"s:210:28:210:Infinity":80,"s:211:8:211:Infinity":81,"b:213:8:215:Infinity:undefined:undefined:undefined:undefined":28,"s:213:8:215:Infinity":82,"s:214:10:214:Infinity":83,"s:220:10:220:Infinity":84,"s:221:4:221:Infinity":85,"s:222:4:222:Infinity":86,"s:223:4:223:Infinity":87,"s:224:4:224:Infinity":88,"s:226:4:242:Infinity":89,"s:226:17:226:20":90,"s:227:19:227:Infinity":91,"b:230:6:233:Infinity:undefined:undefined:undefined:undefined":29,"s:230:6:233:Infinity":92,"b:230:10:230:32:230:32:230:53":30,"s:231:8:231:Infinity":93,"s:232:8:232:Infinity":94,"s:235:6:235:Infinity":95,"s:236:25:236:Infinity":96,"s:237:6:237:Infinity":97,"b:239:6:241:Infinity:undefined:undefined:undefined:undefined":31,"s:239:6:241:Infinity":98,"s:240:8:240:Infinity":99,"s:246:15:246:Infinity":100,"s:249:2:249:Infinity":101,"s:250:2:250:Infinity":102,"s:252:2:252:Infinity":103}}}
,"C:\\project\\jjiban\\server\\utils\\wbs\\parser\\attributes.ts": {"path":"C:\\project\\jjiban\\server\\utils\\wbs\\parser\\attributes.ts","statementMap":{"0":{"start":{"line":28,"column":37},"end":{"line":28,"column":null}},"1":{"start":{"line":30,"column":2},"end":{"line":84,"column":null}},"2":{"start":{"line":30,"column":15},"end":{"line":30,"column":18}},"3":{"start":{"line":31,"column":17},"end":{"line":31,"column":null}},"4":{"start":{"line":32,"column":18},"end":{"line":32,"column":null}},"5":{"start":{"line":34,"column":4},"end":{"line":36,"column":null}},"6":{"start":{"line":35,"column":6},"end":{"line":35,"column":null}},"7":{"start":{"line":38,"column":27},"end":{"line":38,"column":null}},"8":{"start":{"line":40,"column":4},"end":{"line":83,"column":null}},"9":{"start":{"line":42,"column":8},"end":{"line":42,"column":null}},"10":{"start":{"line":43,"column":8},"end":{"line":43,"column":null}},"11":{"start":{"line":46,"column":8},"end":{"line":46,"column":null}},"12":{"start":{"line":47,"column":8},"end":{"line":47,"column":null}},"13":{"start":{"line":50,"column":8},"end":{"line":50,"column":null}},"14":{"start":{"line":51,"column":8},"end":{"line":51,"column":null}},"15":{"start":{"line":55,"column":8},"end":{"line":55,"column":null}},"16":{"start":{"line":56,"column":8},"end":{"line":56,"column":null}},"17":{"start":{"line":59,"column":8},"end":{"line":59,"column":null}},"18":{"start":{"line":60,"column":8},"end":{"line":60,"column":null}},"19":{"start":{"line":63,"column":8},"end":{"line":63,"column":null}},"20":{"start":{"line":64,"column":8},"end":{"line":64,"column":null}},"21":{"start":{"line":68,"column":8},"end":{"line":68,"column":null}},"22":{"start":{"line":69,"column":8},"end":{"line":69,"column":null}},"23":{"start":{"line":73,"column":8},"end":{"line":73,"column":null}},"24":{"start":{"line":74,"column":8},"end":{"line":74,"column":null}},"25":{"start":{"line":77,"column":8},"end":{"line":77,"column":null}},"26":{"start":{"line":78,"column":8},"end":{"line":78,"column":null}},"27":{"start":{"line":82,"column":8},"end":{"line":82,"column":null}},"28":{"start":{"line":86,"column":2},"end":{"line":86,"column":null}},"29":{"start":{"line":93,"column":18},"end":{"line":93,"column":null}},"30":{"start":{"line":95,"column":2},"end":{"line":97,"column":null}},"31":{"start":{"line":96,"column":4},"end":{"line":96,"column":null}},"32":{"start":{"line":99,"column":2},"end":{"line":99,"column":null}},"33":{"start":{"line":107,"column":16},"end":{"line":107,"column":null}},"34":{"start":{"line":109,"column":2},"end":{"line":111,"column":null}},"35":{"start":{"line":110,"column":4},"end":{"line":110,"column":null}},"36":{"start":{"line":113,"column":2},"end":{"line":113,"column":null}},"37":{"start":{"line":120,"column":18},"end":{"line":120,"column":null}},"38":{"start":{"line":122,"column":2},"end":{"line":124,"column":null}},"39":{"start":{"line":123,"column":4},"end":{"line":123,"column":null}},"40":{"start":{"line":126,"column":2},"end":{"line":126,"column":null}},"41":{"start":{"line":134,"column":16},"end":{"line":134,"column":null}},"42":{"start":{"line":136,"column":2},"end":{"line":138,"column":null}},"43":{"start":{"line":137,"column":4},"end":{"line":137,"column":null}},"44":{"start":{"line":140,"column":2},"end":{"line":143,"column":null}},"45":{"start":{"line":151,"column":2},"end":{"line":153,"column":null}},"46":{"start":{"line":152,"column":4},"end":{"line":152,"column":null}},"47":{"start":{"line":155,"column":2},"end":{"line":155,"column":null}},"48":{"start":{"line":155,"column":37},"end":{"line":155,"column":47}},"49":{"start":{"line":169,"column":33},"end":{"line":169,"column":null}},"50":{"start":{"line":171,"column":2},"end":{"line":189,"column":null}},"51":{"start":{"line":171,"column":15},"end":{"line":171,"column":27}},"52":{"start":{"line":172,"column":17},"end":{"line":172,"column":null}},"53":{"start":{"line":175,"column":18},"end":{"line":175,"column":null}},"54":{"start":{"line":177,"column":4},"end":{"line":188,"column":null}},"55":{"start":{"line":178,"column":6},"end":{"line":178,"column":null}},"56":{"start":{"line":179,"column":4},"end":{"line":188,"column":null}},"57":{"start":{"line":181,"column":6},"end":{"line":181,"column":null}},"58":{"start":{"line":182,"column":4},"end":{"line":188,"column":null}},"59":{"start":{"line":184,"column":6},"end":{"line":184,"column":null}},"60":{"start":{"line":187,"column":6},"end":{"line":187,"column":null}},"61":{"start":{"line":191,"column":2},"end":{"line":191,"column":null}}},"fnMap":{"0":{"name":"parseNodeAttributes","decl":{"start":{"line":27,"column":16},"end":{"line":27,"column":36}},"loc":{"start":{"line":27,"column":69},"end":{"line":87,"column":null}},"line":27},"1":{"name":"parseCategory","decl":{"start":{"line":92,"column":9},"end":{"line":92,"column":23}},"loc":{"start":{"line":92,"column":64},"end":{"line":100,"column":null}},"line":92},"2":{"name":"parseStatus","decl":{"start":{"line":106,"column":9},"end":{"line":106,"column":21}},"loc":{"start":{"line":106,"column":56},"end":{"line":114,"column":null}},"line":106},"3":{"name":"parsePriority","decl":{"start":{"line":119,"column":9},"end":{"line":119,"column":23}},"loc":{"start":{"line":119,"column":60},"end":{"line":127,"column":null}},"line":119},"4":{"name":"parseSchedule","decl":{"start":{"line":133,"column":9},"end":{"line":133,"column":23}},"loc":{"start":{"line":133,"column":65},"end":{"line":144,"column":null}},"line":133},"5":{"name":"parseTags","decl":{"start":{"line":150,"column":9},"end":{"line":150,"column":19}},"loc":{"start":{"line":150,"column":44},"end":{"line":156,"column":null}},"line":150},"6":{"name":"(anonymous_6)","decl":{"start":{"line":155,"column":30},"end":{"line":155,"column":37}},"loc":{"start":{"line":155,"column":37},"end":{"line":155,"column":47}},"line":155},"7":{"name":"parseRequirements","decl":{"start":{"line":168,"column":9},"end":{"line":168,"column":27}},"loc":{"start":{"line":168,"column":74},"end":{"line":192,"column":null}},"line":168}},"branchMap":{"0":{"loc":{"start":{"line":34,"column":4},"end":{"line":36,"column":null}},"type":"if","locations":[{"start":{"line":34,"column":4},"end":{"line":36,"column":null}},{"start":{},"end":{}}],"line":34},"1":{"loc":{"start":{"line":40,"column":4},"end":{"line":83,"column":null}},"type":"switch","locations":[{"start":{"line":41,"column":6},"end":{"line":43,"column":null}},{"start":{"line":45,"column":6},"end":{"line":47,"column":null}},{"start":{"line":49,"column":6},"end":{"line":51,"column":null}},{"start":{"line":53,"column":6},"end":{"line":56,"column":null}},{"start":{"line":58,"column":6},"end":{"line":60,"column":null}},{"start":{"line":62,"column":6},"end":{"line":64,"column":null}},{"start":{"line":66,"column":6},"end":{"line":69,"column":null}},{"start":{"line":71,"column":6},"end":{"line":74,"column":null}},{"start":{"line":76,"column":6},"end":{"line":78,"column":null}},{"start":{"line":80,"column":6},"end":{"line":82,"column":null}}],"line":40},"2":{"loc":{"start":{"line":55,"column":30},"end":{"line":55,"column":null}},"type":"cond-expr","locations":[{"start":{"line":55,"column":46},"end":{"line":55,"column":58}},{"start":{"line":55,"column":58},"end":{"line":55,"column":null}}],"line":55},"3":{"loc":{"start":{"line":68,"column":29},"end":{"line":68,"column":null}},"type":"cond-expr","locations":[{"start":{"line":68,"column":45},"end":{"line":68,"column":57}},{"start":{"line":68,"column":57},"end":{"line":68,"column":null}}],"line":68},"4":{"loc":{"start":{"line":95,"column":2},"end":{"line":97,"column":null}},"type":"if","locations":[{"start":{"line":95,"column":2},"end":{"line":97,"column":null}},{"start":{},"end":{}}],"line":95},"5":{"loc":{"start":{"line":109,"column":2},"end":{"line":111,"column":null}},"type":"if","locations":[{"start":{"line":109,"column":2},"end":{"line":111,"column":null}},{"start":{},"end":{}}],"line":109},"6":{"loc":{"start":{"line":122,"column":2},"end":{"line":124,"column":null}},"type":"if","locations":[{"start":{"line":122,"column":2},"end":{"line":124,"column":null}},{"start":{},"end":{}}],"line":122},"7":{"loc":{"start":{"line":136,"column":2},"end":{"line":138,"column":null}},"type":"if","locations":[{"start":{"line":136,"column":2},"end":{"line":138,"column":null}},{"start":{},"end":{}}],"line":136},"8":{"loc":{"start":{"line":151,"column":2},"end":{"line":153,"column":null}},"type":"if","locations":[{"start":{"line":151,"column":2},"end":{"line":153,"column":null}},{"start":{},"end":{}}],"line":151},"9":{"loc":{"start":{"line":151,"column":6},"end":{"line":151,"column":31}},"type":"binary-expr","locations":[{"start":{"line":151,"column":6},"end":{"line":151,"column":16}},{"start":{"line":151,"column":16},"end":{"line":151,"column":31}}],"line":151},"10":{"loc":{"start":{"line":177,"column":4},"end":{"line":188,"column":null}},"type":"if","locations":[{"start":{"line":177,"column":4},"end":{"line":188,"column":null}},{"start":{"line":179,"column":4},"end":{"line":188,"column":null}}],"line":177},"11":{"loc":{"start":{"line":179,"column":4},"end":{"line":188,"column":null}},"type":"if","locations":[{"start":{"line":179,"column":4},"end":{"line":188,"column":null}},{"start":{"line":182,"column":4},"end":{"line":188,"column":null}}],"line":179},"12":{"loc":{"start":{"line":182,"column":4},"end":{"line":188,"column":null}},"type":"if","locations":[{"start":{"line":182,"column":4},"end":{"line":188,"column":null}},{"start":{"line":185,"column":11},"end":{"line":188,"column":null}}],"line":182}},"s":{"0":0,"1":0,"2":0,"3":0,"4":0,"5":0,"6":0,"7":0,"8":0,"9":0,"10":0,"11":0,"12":0,"13":0,"14":0,"15":0,"16":0,"17":0,"18":0,"19":0,"20":0,"21":0,"22":0,"23":0,"24":0,"25":0,"26":0,"27":0,"28":0,"29":0,"30":0,"31":0,"32":0,"33":0,"34":0,"35":0,"36":0,"37":0,"38":0,"39":0,"40":0,"41":0,"42":0,"43":0,"44":0,"45":0,"46":0,"47":0,"48":0,"49":0,"50":0,"51":0,"52":0,"53":0,"54":0,"55":0,"56":0,"57":0,"58":0,"59":0,"60":0,"61":0},"f":{"0":0,"1":0,"2":0,"3":0,"4":0,"5":0,"6":0,"7":0},"b":{"0":[0,0],"1":[0,0,0,0,0,0,0,0,0,0],"2":[0,0],"3":[0,0],"4":[0,0],"5":[0,0],"6":[0,0],"7":[0,0],"8":[0,0],"9":[0,0],"10":[0,0],"11":[0,0],"12":[0,0]},"meta":{"lastBranch":13,"lastFunction":8,"lastStatement":62,"seen":{"f:27:16:27:36":0,"s:28:37:28:Infinity":0,"s:30:2:84:Infinity":1,"s:30:15:30:18":2,"s:31:17:31:Infinity":3,"s:32:18:32:Infinity":4,"b:34:4:36:Infinity:undefined:undefined:undefined:undefined":0,"s:34:4:36:Infinity":5,"s:35:6:35:Infinity":6,"s:38:27:38:Infinity":7,"b:41:6:43:Infinity:45:6:47:Infinity:49:6:51:Infinity:53:6:56:Infinity:58:6:60:Infinity:62:6:64:Infinity:66:6:69:Infinity:71:6:74:Infinity:76:6:78:Infinity:80:6:82:Infinity":1,"s:40:4:83:Infinity":8,"s:42:8:42:Infinity":9,"s:43:8:43:Infinity":10,"s:46:8:46:Infinity":11,"s:47:8:47:Infinity":12,"s:50:8:50:Infinity":13,"s:51:8:51:Infinity":14,"s:55:8:55:Infinity":15,"b:55:46:55:58:55:58:55:Infinity":2,"s:56:8:56:Infinity":16,"s:59:8:59:Infinity":17,"s:60:8:60:Infinity":18,"s:63:8:63:Infinity":19,"s:64:8:64:Infinity":20,"s:68:8:68:Infinity":21,"b:68:45:68:57:68:57:68:Infinity":3,"s:69:8:69:Infinity":22,"s:73:8:73:Infinity":23,"s:74:8:74:Infinity":24,"s:77:8:77:Infinity":25,"s:78:8:78:Infinity":26,"s:82:8:82:Infinity":27,"s:86:2:86:Infinity":28,"f:92:9:92:23":1,"s:93:18:93:Infinity":29,"b:95:2:97:Infinity:undefined:undefined:undefined:undefined":4,"s:95:2:97:Infinity":30,"s:96:4:96:Infinity":31,"s:99:2:99:Infinity":32,"f:106:9:106:21":2,"s:107:16:107:Infinity":33,"b:109:2:111:Infinity:undefined:undefined:undefined:undefined":5,"s:109:2:111:Infinity":34,"s:110:4:110:Infinity":35,"s:113:2:113:Infinity":36,"f:119:9:119:23":3,"s:120:18:120:Infinity":37,"b:122:2:124:Infinity:undefined:undefined:undefined:undefined":6,"s:122:2:124:Infinity":38,"s:123:4:123:Infinity":39,"s:126:2:126:Infinity":40,"f:133:9:133:23":4,"s:134:16:134:Infinity":41,"b:136:2:138:Infinity:undefined:undefined:undefined:undefined":7,"s:136:2:138:Infinity":42,"s:137:4:137:Infinity":43,"s:140:2:143:Infinity":44,"f:150:9:150:19":5,"b:151:2:153:Infinity:undefined:undefined:undefined:undefined":8,"s:151:2:153:Infinity":45,"b:151:6:151:16:151:16:151:31":9,"s:152:4:152:Infinity":46,"s:155:2:155:Infinity":47,"f:155:30:155:37":6,"s:155:37:155:47":48,"f:168:9:168:27":7,"s:169:33:169:Infinity":49,"s:171:2:189:Infinity":50,"s:171:15:171:27":51,"s:172:17:172:Infinity":52,"s:175:18:175:Infinity":53,"b:177:4:188:Infinity:179:4:188:Infinity":10,"s:177:4:188:Infinity":54,"s:178:6:178:Infinity":55,"b:179:4:188:Infinity:182:4:188:Infinity":11,"s:179:4:188:Infinity":56,"s:181:6:181:Infinity":57,"b:182:4:188:Infinity:185:11:188:Infinity":12,"s:182:4:188:Infinity":58,"s:184:6:184:Infinity":59,"s:187:6:187:Infinity":60,"s:191:2:191:Infinity":61}}}
,"C:\\project\\jjiban\\server\\utils\\wbs\\parser\\header.ts": {"path":"C:\\project\\jjiban\\server\\utils\\wbs\\parser\\header.ts","statementMap":{"0":{"start":{"line":29,"column":16},"end":{"line":29,"column":null}},"1":{"start":{"line":31,"column":2},"end":{"line":33,"column":null}},"2":{"start":{"line":32,"column":4},"end":{"line":32,"column":null}},"3":{"start":{"line":35,"column":36},"end":{"line":35,"column":null}},"4":{"start":{"line":38,"column":2},"end":{"line":40,"column":null}},"5":{"start":{"line":39,"column":4},"end":{"line":39,"column":null}},"6":{"start":{"line":43,"column":16},"end":{"line":43,"column":null}},"7":{"start":{"line":46,"column":18},"end":{"line":46,"column":null}},"8":{"start":{"line":47,"column":2},"end":{"line":49,"column":null}},"9":{"start":{"line":48,"column":4},"end":{"line":48,"column":null}},"10":{"start":{"line":50,"column":13},"end":{"line":50,"column":null}},"11":{"start":{"line":53,"column":15},"end":{"line":53,"column":null}},"12":{"start":{"line":54,"column":2},"end":{"line":56,"column":null}},"13":{"start":{"line":55,"column":4},"end":{"line":55,"column":null}},"14":{"start":{"line":58,"column":2},"end":{"line":63,"column":null}},"15":{"start":{"line":73,"column":2},"end":{"line":75,"column":null}},"16":{"start":{"line":74,"column":4},"end":{"line":74,"column":null}},"17":{"start":{"line":77,"column":2},"end":{"line":79,"column":null}},"18":{"start":{"line":78,"column":4},"end":{"line":78,"column":null}},"19":{"start":{"line":81,"column":2},"end":{"line":83,"column":null}},"20":{"start":{"line":82,"column":4},"end":{"line":82,"column":null}},"21":{"start":{"line":85,"column":2},"end":{"line":87,"column":null}},"22":{"start":{"line":86,"column":4},"end":{"line":86,"column":null}},"23":{"start":{"line":89,"column":2},"end":{"line":89,"column":null}}},"fnMap":{"0":{"name":"parseNodeHeader","decl":{"start":{"line":27,"column":16},"end":{"line":27,"column":32}},"loc":{"start":{"line":27,"column":65},"end":{"line":64,"column":null}},"line":27},"1":{"name":"determineNodeType","decl":{"start":{"line":72,"column":9},"end":{"line":72,"column":27}},"loc":{"start":{"line":72,"column":59},"end":{"line":90,"column":null}},"line":72}},"branchMap":{"0":{"loc":{"start":{"line":31,"column":2},"end":{"line":33,"column":null}},"type":"if","locations":[{"start":{"line":31,"column":2},"end":{"line":33,"column":null}},{"start":{},"end":{}}],"line":31},"1":{"loc":{"start":{"line":38,"column":2},"end":{"line":40,"column":null}},"type":"if","locations":[{"start":{"line":38,"column":2},"end":{"line":40,"column":null}},{"start":{},"end":{}}],"line":38},"2":{"loc":{"start":{"line":38,"column":6},"end":{"line":38,"column":31}},"type":"binary-expr","locations":[{"start":{"line":38,"column":6},"end":{"line":38,"column":16}},{"start":{"line":38,"column":16},"end":{"line":38,"column":31}}],"line":38},"3":{"loc":{"start":{"line":47,"column":2},"end":{"line":49,"column":null}},"type":"if","locations":[{"start":{"line":47,"column":2},"end":{"line":49,"column":null}},{"start":{},"end":{}}],"line":47},"4":{"loc":{"start":{"line":54,"column":2},"end":{"line":56,"column":null}},"type":"if","locations":[{"start":{"line":54,"column":2},"end":{"line":56,"column":null}},{"start":{},"end":{}}],"line":54},"5":{"loc":{"start":{"line":73,"column":2},"end":{"line":75,"column":null}},"type":"if","locations":[{"start":{"line":73,"column":2},"end":{"line":75,"column":null}},{"start":{},"end":{}}],"line":73},"6":{"loc":{"start":{"line":77,"column":2},"end":{"line":79,"column":null}},"type":"if","locations":[{"start":{"line":77,"column":2},"end":{"line":79,"column":null}},{"start":{},"end":{}}],"line":77},"7":{"loc":{"start":{"line":81,"column":2},"end":{"line":83,"column":null}},"type":"if","locations":[{"start":{"line":81,"column":2},"end":{"line":83,"column":null}},{"start":{},"end":{}}],"line":81},"8":{"loc":{"start":{"line":85,"column":2},"end":{"line":87,"column":null}},"type":"if","locations":[{"start":{"line":85,"column":2},"end":{"line":87,"column":null}},{"start":{},"end":{}}],"line":85}},"s":{"0":0,"1":0,"2":0,"3":0,"4":0,"5":0,"6":0,"7":0,"8":0,"9":0,"10":0,"11":0,"12":0,"13":0,"14":0,"15":0,"16":0,"17":0,"18":0,"19":0,"20":0,"21":0,"22":0,"23":0},"f":{"0":0,"1":0},"b":{"0":[0,0],"1":[0,0],"2":[0,0],"3":[0,0],"4":[0,0],"5":[0,0],"6":[0,0],"7":[0,0],"8":[0,0]},"meta":{"lastBranch":9,"lastFunction":2,"lastStatement":24,"seen":{"f:27:16:27:32":0,"s:29:16:29:Infinity":0,"b:31:2:33:Infinity:undefined:undefined:undefined:undefined":0,"s:31:2:33:Infinity":1,"s:32:4:32:Infinity":2,"s:35:36:35:Infinity":3,"b:38:2:40:Infinity:undefined:undefined:undefined:undefined":1,"s:38:2:40:Infinity":4,"b:38:6:38:16:38:16:38:31":2,"s:39:4:39:Infinity":5,"s:43:16:43:Infinity":6,"s:46:18:46:Infinity":7,"b:47:2:49:Infinity:undefined:undefined:undefined:undefined":3,"s:47:2:49:Infinity":8,"s:48:4:48:Infinity":9,"s:50:13:50:Infinity":10,"s:53:15:53:Infinity":11,"b:54:2:56:Infinity:undefined:undefined:undefined:undefined":4,"s:54:2:56:Infinity":12,"s:55:4:55:Infinity":13,"s:58:2:63:Infinity":14,"f:72:9:72:27":1,"b:73:2:75:Infinity:undefined:undefined:undefined:undefined":5,"s:73:2:75:Infinity":15,"s:74:4:74:Infinity":16,"b:77:2:79:Infinity:undefined:undefined:undefined:undefined":6,"s:77:2:79:Infinity":17,"s:78:4:78:Infinity":18,"b:81:2:83:Infinity:undefined:undefined:undefined:undefined":7,"s:81:2:83:Infinity":19,"s:82:4:82:Infinity":20,"b:85:2:87:Infinity:undefined:undefined:undefined:undefined":8,"s:85:2:87:Infinity":21,"s:86:4:86:Infinity":22,"s:89:2:89:Infinity":23}}}
,"C:\\project\\jjiban\\server\\utils\\wbs\\parser\\index.ts": {"path":"C:\\project\\jjiban\\server\\utils\\wbs\\parser\\index.ts","statementMap":{"0":{"start":{"line":34,"column":2},"end":{"line":36,"column":null}},"1":{"start":{"line":35,"column":4},"end":{"line":35,"column":null}},"2":{"start":{"line":39,"column":29},"end":{"line":39,"column":null}},"3":{"start":{"line":40,"column":16},"end":{"line":40,"column":null}},"4":{"start":{"line":41,"column":32},"end":{"line":41,"column":null}},"5":{"start":{"line":42,"column":37},"end":{"line":42,"column":null}},"6":{"start":{"line":43,"column":40},"end":{"line":43,"column":null}},"7":{"start":{"line":44,"column":19},"end":{"line":44,"column":null}},"8":{"start":{"line":46,"column":2},"end":{"line":85,"column":null}},"9":{"start":{"line":48,"column":4},"end":{"line":51,"column":null}},"10":{"start":{"line":49,"column":6},"end":{"line":49,"column":null}},"11":{"start":{"line":50,"column":6},"end":{"line":50,"column":null}},"12":{"start":{"line":53,"column":4},"end":{"line":55,"column":null}},"13":{"start":{"line":54,"column":6},"end":{"line":54,"column":null}},"14":{"start":{"line":58,"column":4},"end":{"line":60,"column":null}},"15":{"start":{"line":59,"column":6},"end":{"line":59,"column":null}},"16":{"start":{"line":63,"column":10},"end":{"line":63,"column":null}},"17":{"start":{"line":65,"column":4},"end":{"line":84,"column":null}},"18":{"start":{"line":67,"column":6},"end":{"line":70,"column":null}},"19":{"start":{"line":68,"column":8},"end":{"line":68,"column":null}},"20":{"start":{"line":69,"column":8},"end":{"line":69,"column":null}},"21":{"start":{"line":73,"column":6},"end":{"line":79,"column":null}},"22":{"start":{"line":80,"column":6},"end":{"line":80,"column":null}},"23":{"start":{"line":81,"column":4},"end":{"line":84,"column":null}},"24":{"start":{"line":83,"column":6},"end":{"line":83,"column":null}},"25":{"start":{"line":88,"column":2},"end":{"line":91,"column":null}},"26":{"start":{"line":89,"column":4},"end":{"line":89,"column":null}},"27":{"start":{"line":90,"column":4},"end":{"line":90,"column":null}},"28":{"start":{"line":94,"column":8},"end":{"line":94,"column":null}},"29":{"start":{"line":97,"column":2},"end":{"line":97,"column":null}},"30":{"start":{"line":99,"column":2},"end":{"line":99,"column":null}}},"fnMap":{"0":{"name":"parseWbsMarkdown","decl":{"start":{"line":32,"column":16},"end":{"line":32,"column":33}},"loc":{"start":{"line":32,"column":62},"end":{"line":100,"column":null}},"line":32}},"branchMap":{"0":{"loc":{"start":{"line":34,"column":2},"end":{"line":36,"column":null}},"type":"if","locations":[{"start":{"line":34,"column":2},"end":{"line":36,"column":null}},{"start":{},"end":{}}],"line":34},"1":{"loc":{"start":{"line":34,"column":6},"end":{"line":34,"column":37}},"type":"binary-expr","locations":[{"start":{"line":34,"column":6},"end":{"line":34,"column":19}},{"start":{"line":34,"column":19},"end":{"line":34,"column":37}}],"line":34},"2":{"loc":{"start":{"line":48,"column":4},"end":{"line":51,"column":null}},"type":"if","locations":[{"start":{"line":48,"column":4},"end":{"line":51,"column":null}},{"start":{},"end":{}}],"line":48},"3":{"loc":{"start":{"line":53,"column":4},"end":{"line":55,"column":null}},"type":"if","locations":[{"start":{"line":53,"column":4},"end":{"line":55,"column":null}},{"start":{},"end":{}}],"line":53},"4":{"loc":{"start":{"line":58,"column":4},"end":{"line":60,"column":null}},"type":"if","locations":[{"start":{"line":58,"column":4},"end":{"line":60,"column":null}},{"start":{},"end":{}}],"line":58},"5":{"loc":{"start":{"line":65,"column":4},"end":{"line":84,"column":null}},"type":"if","locations":[{"start":{"line":65,"column":4},"end":{"line":84,"column":null}},{"start":{"line":81,"column":4},"end":{"line":84,"column":null}}],"line":65},"6":{"loc":{"start":{"line":67,"column":6},"end":{"line":70,"column":null}},"type":"if","locations":[{"start":{"line":67,"column":6},"end":{"line":70,"column":null}},{"start":{},"end":{}}],"line":67},"7":{"loc":{"start":{"line":81,"column":4},"end":{"line":84,"column":null}},"type":"if","locations":[{"start":{"line":81,"column":4},"end":{"line":84,"column":null}},{"start":{},"end":{}}],"line":81},"8":{"loc":{"start":{"line":88,"column":2},"end":{"line":91,"column":null}},"type":"if","locations":[{"start":{"line":88,"column":2},"end":{"line":91,"column":null}},{"start":{},"end":{}}],"line":88}},"s":{"0":0,"1":0,"2":0,"3":0,"4":0,"5":0,"6":0,"7":0,"8":0,"9":0,"10":0,"11":0,"12":0,"13":0,"14":0,"15":0,"16":0,"17":0,"18":0,"19":0,"20":0,"21":0,"22":0,"23":0,"24":0,"25":0,"26":0,"27":0,"28":0,"29":0,"30":0},"f":{"0":0},"b":{"0":[0,0],"1":[0,0],"2":[0,0],"3":[0,0],"4":[0,0],"5":[0,0],"6":[0,0],"7":[0,0],"8":[0,0]},"meta":{"lastBranch":9,"lastFunction":1,"lastStatement":31,"seen":{"f:32:16:32:33":0,"b:34:2:36:Infinity:undefined:undefined:undefined:undefined":0,"s:34:2:36:Infinity":0,"b:34:6:34:19:34:19:34:37":1,"s:35:4:35:Infinity":1,"s:39:29:39:Infinity":2,"s:40:16:40:Infinity":3,"s:41:32:41:Infinity":4,"s:42:37:42:Infinity":5,"s:43:40:43:Infinity":6,"s:44:19:44:Infinity":7,"s:46:2:85:Infinity":8,"b:48:4:51:Infinity:undefined:undefined:undefined:undefined":2,"s:48:4:51:Infinity":9,"s:49:6:49:Infinity":10,"s:50:6:50:Infinity":11,"b:53:4:55:Infinity:undefined:undefined:undefined:undefined":3,"s:53:4:55:Infinity":12,"s:54:6:54:Infinity":13,"b:58:4:60:Infinity:undefined:undefined:undefined:undefined":4,"s:58:4:60:Infinity":14,"s:59:6:59:Infinity":15,"s:63:10:63:Infinity":16,"b:65:4:84:Infinity:81:4:84:Infinity":5,"s:65:4:84:Infinity":17,"b:67:6:70:Infinity:undefined:undefined:undefined:undefined":6,"s:67:6:70:Infinity":18,"s:68:8:68:Infinity":19,"s:69:8:69:Infinity":20,"s:73:6:79:Infinity":21,"s:80:6:80:Infinity":22,"b:81:4:84:Infinity:undefined:undefined:undefined:undefined":7,"s:81:4:84:Infinity":23,"s:83:6:83:Infinity":24,"b:88:2:91:Infinity:undefined:undefined:undefined:undefined":8,"s:88:2:91:Infinity":25,"s:89:4:89:Infinity":26,"s:90:4:90:Infinity":27,"s:94:8:94:Infinity":28,"s:97:2:97:Infinity":29,"s:99:2:99:Infinity":30}}}
,"C:\\project\\jjiban\\server\\utils\\wbs\\parser\\patterns.ts": {"path":"C:\\project\\jjiban\\server\\utils\\wbs\\parser\\patterns.ts","statementMap":{"0":{"start":{"line":8,"column":30},"end":{"line":8,"column":null}},"1":{"start":{"line":11,"column":29},"end":{"line":11,"column":null}},"2":{"start":{"line":12,"column":30},"end":{"line":12,"column":null}},"3":{"start":{"line":13,"column":34},"end":{"line":13,"column":null}},"4":{"start":{"line":14,"column":34},"end":{"line":14,"column":null}},"5":{"start":{"line":17,"column":30},"end":{"line":17,"column":null}},"6":{"start":{"line":20,"column":32},"end":{"line":20,"column":null}},"7":{"start":{"line":23,"column":33},"end":{"line":23,"column":null}},"8":{"start":{"line":26,"column":35},"end":{"line":26,"column":null}},"9":{"start":{"line":29,"column":32},"end":{"line":29,"column":null}},"10":{"start":{"line":32,"column":32},"end":{"line":32,"column":null}}},"fnMap":{},"branchMap":{},"s":{"0":0,"1":0,"2":0,"3":0,"4":0,"5":0,"6":0,"7":0,"8":0,"9":0,"10":0},"f":{},"b":{},"meta":{"lastBranch":0,"lastFunction":0,"lastStatement":11,"seen":{"s:8:30:8:Infinity":0,"s:11:29:11:Infinity":1,"s:12:30:12:Infinity":2,"s:13:34:13:Infinity":3,"s:14:34:14:Infinity":4,"s:17:30:17:Infinity":5,"s:20:32:20:Infinity":6,"s:23:33:23:Infinity":7,"s:26:35:26:Infinity":8,"s:29:32:29:Infinity":9,"s:32:32:32:Infinity":10}}}
,"C:\\project\\jjiban\\server\\utils\\wbs\\parser\\tree.ts": {"path":"C:\\project\\jjiban\\server\\utils\\wbs\\parser\\tree.ts","statementMap":{"0":{"start":{"line":21,"column":18},"end":{"line":21,"column":null}},"1":{"start":{"line":22,"column":31},"end":{"line":22,"column":null}},"2":{"start":{"line":25,"column":2},"end":{"line":46,"column":null}},"3":{"start":{"line":26,"column":29},"end":{"line":43,"column":null}},"4":{"start":{"line":45,"column":4},"end":{"line":45,"column":null}},"5":{"start":{"line":49,"column":2},"end":{"line":66,"column":null}},"6":{"start":{"line":50,"column":21},"end":{"line":50,"column":null}},"7":{"start":{"line":52,"column":4},"end":{"line":65,"column":null}},"8":{"start":{"line":54,"column":6},"end":{"line":54,"column":null}},"9":{"start":{"line":56,"column":21},"end":{"line":56,"column":null}},"10":{"start":{"line":58,"column":6},"end":{"line":64,"column":null}},"11":{"start":{"line":59,"column":8},"end":{"line":59,"column":null}},"12":{"start":{"line":62,"column":8},"end":{"line":62,"column":null}},"13":{"start":{"line":63,"column":8},"end":{"line":63,"column":null}},"14":{"start":{"line":68,"column":2},"end":{"line":68,"column":null}},"15":{"start":{"line":81,"column":18},"end":{"line":81,"column":null}},"16":{"start":{"line":83,"column":2},"end":{"line":85,"column":null}},"17":{"start":{"line":84,"column":4},"end":{"line":84,"column":null}},"18":{"start":{"line":87,"column":2},"end":{"line":90,"column":null}},"19":{"start":{"line":89,"column":4},"end":{"line":89,"column":null}},"20":{"start":{"line":92,"column":2},"end":{"line":100,"column":null}},"21":{"start":{"line":93,"column":4},"end":{"line":99,"column":null}},"22":{"start":{"line":95,"column":6},"end":{"line":95,"column":null}},"23":{"start":{"line":96,"column":4},"end":{"line":99,"column":null}},"24":{"start":{"line":98,"column":6},"end":{"line":98,"column":null}},"25":{"start":{"line":102,"column":2},"end":{"line":102,"column":null}},"26":{"start":{"line":113,"column":2},"end":{"line":143,"column":null}},"27":{"start":{"line":114,"column":4},"end":{"line":142,"column":null}},"28":{"start":{"line":116,"column":6},"end":{"line":116,"column":null}},"29":{"start":{"line":119,"column":23},"end":{"line":119,"column":null}},"30":{"start":{"line":122,"column":25},"end":{"line":122,"column":null}},"31":{"start":{"line":123,"column":29},"end":{"line":123,"column":null}},"32":{"start":{"line":123,"column":50},"end":{"line":123,"column":69}},"33":{"start":{"line":125,"column":6},"end":{"line":132,"column":null}},"34":{"start":{"line":126,"column":8},"end":{"line":126,"column":null}},"35":{"start":{"line":127,"column":8},"end":{"line":127,"column":null}},"36":{"start":{"line":130,"column":8},"end":{"line":130,"column":null}},"37":{"start":{"line":131,"column":8},"end":{"line":131,"column":null}},"38":{"start":{"line":135,"column":6},"end":{"line":141,"column":null}},"39":{"start":{"line":136,"column":8},"end":{"line":136,"column":null}},"40":{"start":{"line":137,"column":8},"end":{"line":137,"column":null}},"41":{"start":{"line":139,"column":8},"end":{"line":139,"column":null}},"42":{"start":{"line":140,"column":8},"end":{"line":140,"column":null}},"43":{"start":{"line":153,"column":27},"end":{"line":153,"column":null}},"44":{"start":{"line":155,"column":2},"end":{"line":157,"column":null}},"45":{"start":{"line":156,"column":4},"end":{"line":156,"column":null}},"46":{"start":{"line":159,"column":2},"end":{"line":161,"column":null}},"47":{"start":{"line":160,"column":4},"end":{"line":160,"column":null}},"48":{"start":{"line":163,"column":2},"end":{"line":163,"column":null}}},"fnMap":{"0":{"name":"buildTree","decl":{"start":{"line":20,"column":16},"end":{"line":20,"column":26}},"loc":{"start":{"line":20,"column":60},"end":{"line":69,"column":null}},"line":20},"1":{"name":"determineParentId","decl":{"start":{"line":80,"column":16},"end":{"line":80,"column":34}},"loc":{"start":{"line":80,"column":65},"end":{"line":103,"column":null}},"line":80},"2":{"name":"calculateProgress","decl":{"start":{"line":112,"column":16},"end":{"line":112,"column":34}},"loc":{"start":{"line":112,"column":58},"end":{"line":144,"column":null}},"line":112},"3":{"name":"(anonymous_3)","decl":{"start":{"line":123,"column":45},"end":{"line":123,"column":50}},"loc":{"start":{"line":123,"column":50},"end":{"line":123,"column":69}},"line":123},"4":{"name":"collectAllTasks","decl":{"start":{"line":152,"column":9},"end":{"line":152,"column":25}},"loc":{"start":{"line":152,"column":51},"end":{"line":164,"column":null}},"line":152}},"branchMap":{"0":{"loc":{"start":{"line":52,"column":4},"end":{"line":65,"column":null}},"type":"if","locations":[{"start":{"line":52,"column":4},"end":{"line":65,"column":null}},{"start":{"line":55,"column":11},"end":{"line":65,"column":null}}],"line":52},"1":{"loc":{"start":{"line":58,"column":6},"end":{"line":64,"column":null}},"type":"if","locations":[{"start":{"line":58,"column":6},"end":{"line":64,"column":null}},{"start":{"line":60,"column":13},"end":{"line":64,"column":null}}],"line":58},"2":{"loc":{"start":{"line":83,"column":2},"end":{"line":85,"column":null}},"type":"if","locations":[{"start":{"line":83,"column":2},"end":{"line":85,"column":null}},{"start":{},"end":{}}],"line":83},"3":{"loc":{"start":{"line":87,"column":2},"end":{"line":90,"column":null}},"type":"if","locations":[{"start":{"line":87,"column":2},"end":{"line":90,"column":null}},{"start":{},"end":{}}],"line":87},"4":{"loc":{"start":{"line":92,"column":2},"end":{"line":100,"column":null}},"type":"if","locations":[{"start":{"line":92,"column":2},"end":{"line":100,"column":null}},{"start":{},"end":{}}],"line":92},"5":{"loc":{"start":{"line":93,"column":4},"end":{"line":99,"column":null}},"type":"if","locations":[{"start":{"line":93,"column":4},"end":{"line":99,"column":null}},{"start":{"line":96,"column":4},"end":{"line":99,"column":null}}],"line":93},"6":{"loc":{"start":{"line":96,"column":4},"end":{"line":99,"column":null}},"type":"if","locations":[{"start":{"line":96,"column":4},"end":{"line":99,"column":null}},{"start":{},"end":{}}],"line":96},"7":{"loc":{"start":{"line":114,"column":4},"end":{"line":142,"column":null}},"type":"if","locations":[{"start":{"line":114,"column":4},"end":{"line":142,"column":null}},{"start":{"line":133,"column":11},"end":{"line":142,"column":null}}],"line":114},"8":{"loc":{"start":{"line":125,"column":6},"end":{"line":132,"column":null}},"type":"if","locations":[{"start":{"line":125,"column":6},"end":{"line":132,"column":null}},{"start":{"line":128,"column":13},"end":{"line":132,"column":null}}],"line":125},"9":{"loc":{"start":{"line":135,"column":6},"end":{"line":141,"column":null}},"type":"if","locations":[{"start":{"line":135,"column":6},"end":{"line":141,"column":null}},{"start":{"line":138,"column":13},"end":{"line":141,"column":null}}],"line":135},"10":{"loc":{"start":{"line":137,"column":24},"end":{"line":137,"column":null}},"type":"cond-expr","locations":[{"start":{"line":137,"column":49},"end":{"line":137,"column":55}},{"start":{"line":137,"column":55},"end":{"line":137,"column":null}}],"line":137},"11":{"loc":{"start":{"line":155,"column":2},"end":{"line":157,"column":null}},"type":"if","locations":[{"start":{"line":155,"column":2},"end":{"line":157,"column":null}},{"start":{},"end":{}}],"line":155}},"s":{"0":0,"1":0,"2":0,"3":0,"4":0,"5":0,"6":0,"7":0,"8":0,"9":0,"10":0,"11":0,"12":0,"13":0,"14":0,"15":0,"16":0,"17":0,"18":0,"19":0,"20":0,"21":0,"22":0,"23":0,"24":0,"25":0,"26":0,"27":0,"28":0,"29":0,"30":0,"31":0,"32":0,"33":0,"34":0,"35":0,"36":0,"37":0,"38":0,"39":0,"40":0,"41":0,"42":0,"43":0,"44":0,"45":0,"46":0,"47":0,"48":0},"f":{"0":0,"1":0,"2":0,"3":0,"4":0},"b":{"0":[0,0],"1":[0,0],"2":[0,0],"3":[0,0],"4":[0,0],"5":[0,0],"6":[0,0],"7":[0,0],"8":[0,0],"9":[0,0],"10":[0,0],"11":[0,0]},"meta":{"lastBranch":12,"lastFunction":5,"lastStatement":49,"seen":{"f:20:16:20:26":0,"s:21:18:21:Infinity":0,"s:22:31:22:Infinity":1,"s:25:2:46:Infinity":2,"s:26:29:43:Infinity":3,"s:45:4:45:Infinity":4,"s:49:2:66:Infinity":5,"s:50:21:50:Infinity":6,"b:52:4:65:Infinity:55:11:65:Infinity":0,"s:52:4:65:Infinity":7,"s:54:6:54:Infinity":8,"s:56:21:56:Infinity":9,"b:58:6:64:Infinity:60:13:64:Infinity":1,"s:58:6:64:Infinity":10,"s:59:8:59:Infinity":11,"s:62:8:62:Infinity":12,"s:63:8:63:Infinity":13,"s:68:2:68:Infinity":14
[...]
,"C:\\project\\jjiban\\server\\utils\\wbs\\validation\\validators\\hierarchy-validator.ts": {"path":"C:\\project\\jjiban\\server\\utils\\wbs\\validation\\validators\\hierarchy-validator.ts","statementMap":{"0":{"start":{"line":26,"column":2},"end":{"line":26,"column":null}},"1":{"start":{"line":26,"column":11},"end":{"line":26,"column":null}},"2":{"start":{"line":28,"column":16},"end":{"line":28,"column":null}},"3":{"start":{"line":30,"column":2},"end":{"line":53,"column":null}},"4":{"start":{"line":33,"column":6},"end":{"line":33,"column":null}},"5":{"start":{"line":37,"column":6},"end":{"line":37,"column":null}},"6":{"start":{"line":42,"column":6},"end":{"line":48,"column":null}},"7":{"start":{"line":44,"column":8},"end":{"line":44,"column":null}},"8":{"start":{"line":45,"column":6},"end":{"line":48,"column":null}},"9":{"start":{"line":47,"column":8},"end":{"line":47,"column":null}},"10":{"start":{"line":49,"column":6},"end":{"line":49,"column":null}},"11":{"start":{"line":52,"column":6},"end":{"line":52,"column":null}},"12":{"start":{"line":68,"column":2},"end":{"line":68,"column":null}},"13":{"start":{"line":68,"column":17},"end":{"line":68,"column":null}},"14":{"start":{"line":70,"column":16},"end":{"line":70,"column":null}},"15":{"start":{"line":72,"column":2},"end":{"line":83,"column":null}},"16":{"start":{"line":75,"column":6},"end":{"line":75,"column":null}},"17":{"start":{"line":79,"column":6},"end":{"line":79,"column":null}},"18":{"start":{"line":82,"column":6},"end":{"line":82,"column":null}},"19":{"start":{"line":95,"column":2},"end":{"line":107,"column":null}},"20":{"start":{"line":97,"column":4},"end":{"line":99,"column":null}},"21":{"start":{"line":98,"column":6},"end":{"line":98,"column":null}},"22":{"start":{"line":101,"column":4},"end":{"line":106,"column":null}},"23":{"start":{"line":110,"column":22},"end":{"line":110,"column":null}},"24":{"start":{"line":112,"column":25},"end":{"line":112,"column":null}},"25":{"start":{"line":119,"column":16},"end":{"line":119,"column":null}},"26":{"start":{"line":121,"column":2},"end":{"line":134,"column":null}},"27":{"start":{"line":122,"column":4},"end":{"line":128,"column":null}},"28":{"start":{"line":124,"column":6},"end":{"line":124,"column":null}},"29":{"start":{"line":125,"column":4},"end":{"line":128,"column":null}},"30":{"start":{"line":127,"column":6},"end":{"line":127,"column":null}},"31":{"start":{"line":129,"column":2},"end":{"line":134,"column":null}},"32":{"start":{"line":130,"column":4},"end":{"line":133,"column":null}},"33":{"start":{"line":132,"column":6},"end":{"line":132,"column":null}},"34":{"start":{"line":136,"column":2},"end":{"line":145,"column":null}},"35":{"start":{"line":137,"column":4},"end":{"line":144,"column":null}},"36":{"start":{"line":147,"column":2},"end":{"line":147,"column":null}}},"fnMap":{"0":{"name":"extractPrefix","decl":{"start":{"line":25,"column":16},"end":{"line":25,"column":30}},"loc":{"start":{"line":25,"column":69},"end":{"line":54,"column":null}},"line":25},"1":{"name":"getExpectedPrefix","decl":{"start":{"line":67,"column":16},"end":{"line":67,"column":34}},"loc":{"start":{"line":67,"column":85},"end":{"line":84,"column":null}},"line":67},"2":{"name":"validateHierarchy","decl":{"start":{"line":93,"column":16},"end":{"line":93,"column":34}},"loc":{"start":{"line":93,"column":97},"end":{"line":148,"column":null}},"line":93}},"branchMap":{"0":{"loc":{"start":{"line":26,"column":2},"end":{"line":26,"column":null}},"type":"if","locations":[{"start":{"line":26,"column":2},"end":{"line":26,"column":null}},{"start":{},"end":{}}],"line":26},"1":{"loc":{"start":{"line":30,"column":2},"end":{"line":53,"column":null}},"type":"switch","locations":[{"start":{"line":31,"column":4},"end":{"line":33,"column":null}},{"start":{"line":35,"column":4},"end":{"line":37,"column":null}},{"start":{"line":39,"column":4},"end":{"line":49,"column":null}},{"start":{"line":51,"column":4},"end":{"line":52,"column":null}}],"line":30},"2":{"loc":{"start":{"line":33,"column":13},"end":{"line":33,"column":null}},"type":"binary-expr","locations":[{"start":{"line":33,"column":13},"end":{"line":33,"column":25}},{"start":{"line":33,"column":25},"end":{"line":33,"column":null}}],"line":33},"3":{"loc":{"start":{"line":42,"column":6},"end":{"line":48,"column":null}},"type":"if","locations":[{"start":{"line":42,"column":6},"end":{"line":48,"column":null}},{"start":{"line":45,"column":6},"end":{"line":48,"column":null}}],"line":42},"4":{"loc":{"start":{"line":45,"column":6},"end":{"line":48,"column":null}},"type":"if","locations":[{"start":{"line":45,"column":6},"end":{"line":48,"column":null}},{"start":{},"end":{}}],"line":45},"5":{"loc":{"start":{"line":47,"column":15},"end":{"line":47,"column":null}},"type":"binary-expr","locations":[{"start":{"line":47,"column":15},"end":{"line":47,"column":27}},{"start":{"line":47,"column":27},"end":{"line":47,"column":null}}],"line":47},"6":{"loc":{"start":{"line":68,"column":2},"end":{"line":68,"column":null}},"type":"if","locations":[{"start":{"line":68,"column":2},"end":{"line":68,"column":null}},{"start":{},"end":{}}],"line":68},"7":{"loc":{"start":{"line":72,"column":2},"end":{"line":83,"column":null}},"type":"switch","locations":[{"start":{"line":73,"column":4},"end":{"line":75,"column":null}},{"start":{"line":77,"column":4},"end":{"line":79,"column":null}},{"start":{"line":81,"column":4},"end":{"line":82,"column":null}}],"line":72},"8":{"loc":{"start":{"line":75,"column":13},"end":{"line":75,"column":null}},"type":"binary-expr","locations":[{"start":{"line":75,"column":13},"end":{"line":75,"column":25}},{"start":{"line":75,"column":25},"end":{"line":75,"column":null}}],"line":75},"9":{"loc":{"start":{"line":95,"column":2},"end":{"line":107,"column":null}},"type":"if","locations":[{"start":{"line":95,"column":2},"end":{"line":107,"column":null}},{"start":{},"end":{}}],"line":95},"10":{"loc":{"start":{"line":97,"column":4},"end":{"line":99,"column":null}},"type":"if","locations":[{"start":{"line":97,"column":4},"end":{"line":99,"column":null}},{"start":{},"end":{}}],"line":97},"11":{"loc":{"start":{"line":121,"column":2},"end":{"line":134,"column":null}},"type":"if","locations":[{"start":{"line":121,"column":2},"end":{"line":134,"column":null}},{"start":{"line":129,"column":2},"end":{"line":134,"column":null}}],"line":121},"12":{"loc":{"start":{"line":122,"column":4},"end":{"line":128,"column":null}},"type":"if","locations":[{"start":{"line":122,"column":4},"end":{"line":128,"column":null}},{"start":{"line":125,"column":4},"end":{"line":128,"column":null}}],"line":122},"13":{"loc":{"start":{"line":125,"column":4},"end":{"line":128,"column":null}},"type":"if","locations":[{"start":{"line":125,"column":4},"end":{"line":128,"column":null}},{"start":{},"end":{}}],"line":125},"14":{"loc":{"start":{"line":129,"column":2},"end":{"line":134,"column":null}},"type":"if","locations":[{"start":{"line":129,"column":2},"end":{"line":134,"column":null}},{"start":{},"end":{}}],"line":129},"15":{"loc":{"start":{"line":130,"column":4},"end":{"line":133,"column":null}},"type":"if","locations":[{"start":{"line":130,"column":4},"end":{"line":133,"column":null}},{"start":{},"end":{}}],"line":130},"16":{"loc":{"start":{"line":136,"column":2},"end":{"line":145,"column":null}},"type":"if","locations":[{"start":{"line":136,"column":2},"end":{"line":145,"column":null}},{"start":{},"end":{}}],"line":136}},"s":{"0":64,"1":0,"2":64,"3":64,"4":1,"5":5,"6":58,"7":7,"8":51,"9":51,"10":0,"11":0,"12":62,"13":0,"14":62,"15":62,"16":57,"17":5,"18":0,"19":81,"20":21,"21":19,"22":2,"23":60,"24":60,"25":60,"26":60,"27":56,"28":4,"29":52,"30":52,"31":4,"32":4,"33":4,"34":60,"35":6,"36":54},"f":{"0":64,"1":62,"2":81},"b":{"0":[0,64],"1":[1,5,58,0],"2":[1,0],"3":[7,51],"4":[51,0],"5":[51,0],"6":[0,62],"7":[57,5,0],"8":[57,0],"9":[21,60],"10":[19,2],"11":[56,4],"12":[4,52],"13":[52,0],"14":[4,0],"15":[4,0],"16":[6,54]},"meta":{"lastBranch":17,"lastFunction":3,"lastStatement":37,"seen":{"f:25:16:25:30":0,"b:26:2:26:Infinity:undefined:undefined:undefined:undefined":0,"s:26:2:26:Infinity":0,"s:26:11:26:Infinity":1,"s:28:16:28:Infinity":2,"b:31:4:33:Infinity:35:4:37:Infinity:39:4:49:Infinity:51:4:52:Infinity":1,"s:30:2:53:Infinity":3,"s:33:6:33:Infinity":4,"b:33:13:33:25:33:25:33:Infinity":2,"s:37:6:37:Infinity":5,"b:42:6:48:Infinity:45:6:48:Infinity":3,"s:42:6:48:Infinity":6,"s:44:8:44:Infinity":7,"b:45:6:48:Infinity:undefined:undefined:undefined:undefined":4,"s:45:6:48:Infinity":8,"s:47:8:47:Infinity":9,"b:47:15:47:27:47:27:47:Infinity":5,"s:49:6:49:Infinity":10,"s:52:6:52:Infinity":11,"f:67:16:67:34":1,"b:68:2:68:Infinity:undefined:undefined:undefined:undefined":6,"s:68:2:68:Infinity":12,"s:68:17:68:Infinity":13,"s:70:16:70:Infinity":14,"b:73:4:75:Infinity:77:4:79:Infinity:81:4:82:Infinity":7,"s:72:2:83:Infinity":15,"s:75:6:75:Infinity":16,"b:75:13:75:25:75:25:75:Infinity":8,"s:79:6:79:Infinity":17,"s:82:6:82:Infinity":18,"f:93:16:93:34":2,"b:95:2:107:Infinity:undefined:undefined:undefined:undefined":9,"s:95:2:107:Infinity":19,"b:97:4:99:Infinity:undefined:undefined:undefined:undefined":10,"s:97:4:99:Infinity":20,"s:98:6:98:Infinity":21,"s:101:4:106:Infinity":22,"s:110:22:110:Infinity":23,"s:112:25:112:Infinity":24,"s:119:16:119:Infinity":25,"b:121:2:134:Infinity:129:2:134:Infinity":11,"s:121:2:134:Infinity":26,"b:122:4:128:Infinity:125:4:128:Infinity":12,"s:122:4:128:Infinity":27,"s:124:6:124:Infinity":28,"b:125:4:128:Infinity:undefined:undefined:undefined:undefined":13,"s:125:4:128:Infinity":29,"s:127:6:127:Infinity":30,"b:129:2:134:Infinity:undefined:undefined:undefined:undefined":14,"s:129:2:134:Infinity":31,"b:130:4:133:Infinity:undefined:undefined:undefined:undefined":15,"s:130:4:133:Infinity":32,"s:132:6:132:Infinity":33,"b:136:2:145:Infinity:undefined:undefined:undefined:undefined":16,"s:136:2:145:Infinity":34,"s:137:4:144:Infinity":35,"s:147:2:147:Infinity":36}}}
,"C:\\project\\jjiban\\server\\utils\\wbs\\validation\\validators\\id-validator.ts": {"path":"C:\\project\\jjiban\\server\\utils\\wbs\\validation\\validators\\id-validator.ts","statementMap":{"0":{"start":{"line":13,"column":19},"end":{"line":13,"column":null}},"1":{"start":{"line":14,"column":20},"end":{"line":14,"column":null}},"2":{"start":{"line":15,"column":27},"end":{"line":15,"column":null}},"3":{"start":{"line":16,"column":27},"end":{"line":16,"column":null}},"4":{"start":{"line":26,"column":2},"end":{"line":38,"column":null}},"5":{"start":{"line":28,"column":6},"end":{"line":28,"column":null}},"6":{"start":{"line":30,"column":6},"end":{"line":30,"column":null}},"7":{"start":{"line":32,"column":6},"end":{"line":32,"column":null}},"8":{"start":{"line":32,"column":23},"end":{"line":32,"column":null}},"9":{"start":{"line":33,"column":6},"end":{"line":33,"column":null}},"10":{"start":{"line":33,"column":23},"end":{"line":33,"column":null}},"11":{"start":{"line":35,"column":6},"end":{"line":35,"column":null}},"12":{"start":{"line":37,"column":6},"end":{"line":37,"column":null}},"13":{"start":{"line":51,"column":2},"end":{"line":58,"column":null}},"14":{"start":{"line":52,"column":4},"end":{"line":57,"column":null}},"15":{"start":{"line":60,"column":19},"end":{"line":60,"column":null}},"16":{"start":{"line":62,"column":2},"end":{"line":69,"column":null}},"17":{"start":{"line":63,"column":4},"end":{"line":68,"column":null}},"18":{"start":{"line":72,"column":18},"end":{"line":72,"column":null}},"19":{"start":{"line":72,"column":43},"end":{"line":72,"column":59}},"20":{"start":{"line":74,"column":2},"end":{"line":85,"column":null}},"21":{"start":{"line":75,"column":23},"end":{"line":75,"column":null}},"22":{"start":{"line":75,"column":41},"end":{"line":75,"column":49}},"23":{"start":{"line":76,"column":4},"end":{"line":84,"column":null}},"24":{"start":{"line":87,"column":2},"end":{"line":87,"column":null}}},"fnMap":{"0":{"name":"getPatterns","decl":{"start":{"line":25,"column":16},"end":{"line":25,"column":28}},"loc":{"start":{"line":25,"column":72},"end":{"line":39,"column":null}},"line":25},"1":{"name":"validateId","decl":{"start":{"line":49,"column":16},"end":{"line":49,"column":27}},"loc":{"start":{"line":49,"column":97},"end":{"line":88,"column":null}},"line":49},"2":{"name":"(anonymous_2)","decl":{"start":{"line":72,"column":32},"end":{"line":72,"column":43}},"loc":{"start":{"line":72,"column":43},"end":{"line":72,"column":59}},"line":72},"3":{"name":"(anonymous_3)","decl":{"start":{"line":75,"column":36},"end":{"line":75,"column":41}},"loc":{"start":{"line":75,"column":41},"end":{"line":75,"column":49}},"line":75}},"branchMap":{"0":{"loc":{"start":{"line":26,"column":2},"end":{"line":38,"column":null}},"type":"switch","locations":[{"start":{"line":27,"column":4},"end":{"line":28,"column":null}},{"start":{"line":29,"column":4},"end":{"line":30,"column":null}},{"start":{"line":31,"column":4},"end":{"line":35,"column":null}},{"start":{"line":36,"column":4},"end":{"line":37,"column":null}}],"line":26},"1":{"loc":{"start":{"line":32,"column":6},"end":{"line":32,"column":null}},"type":"if","locations":[{"start":{"line":32,"column":6},"end":{"line":32,"column":null}},{"start":{},"end":{}}],"line":32},"2":{"loc":{"start":{"line":33,"column":6},"end":{"line":33,"column":null}},"type":"if","locations":[{"start":{"line":33,"column":6},"end":{"line":33,"column":null}},{"start":{},"end":{}}],"line":33},"3":{"loc":{"start":{"line":51,"column":2},"end":{"line":58,"column":null}},"type":"if","locations":[{"start":{"line":51,"column":2},"end":{"line":58,"column":null}},{"start":{},"end":{}}],"line":51},"4":{"loc":{"start":{"line":51,"column":6},"end":{"line":51,"column":37}},"type":"binary-expr","locations":[{"start":{"line":51,"column":6},"end":{"line":51,"column":13}},{"start":{"line":51,"column":13},"end":{"line":51,"column":37}}],"line":51},"5":{"loc":{"start":{"line":55,"column":14},"end":{"line":55,"column":null}},"type":"binary-expr","locations":[{"start":{"line":55,"column":14},"end":{"line":55,"column":20}},{"start":{"line":55,"column":20},"end":{"line":55,"column":null}}],"line":55},"6":{"loc":{"start":{"line":62,"column":2},"end":{"line":69,"column":null}},"type":"if","locations":[{"start":{"line":62,"column":2},"end":{"line":69,"column":null}},{"start":{},"end":{}}],"line":62},"7":{"loc":{"start":{"line":74,"column":2},"end":{"line":85,"column":null}},"type":"if","locations":[{"start":{"line":74,"column":2},"end":{"line":85,"column":null}},{"start":{},"end":{}}],"line":74}},"s":{"0":1,"1":1,"2":1,"3":1,"4":87,"5":23,"6":4,"7":60,"8":2,"9":58,"10":58,"11":56,"12":0,"13":89,"14":2,"15":87,"16":87,"17":0,"18":87,"19":94,"20":87,"21":11,"22":12,"23":11,"24":76},"f":{"0":87,"1":89,"2":94,"3":12},"b":{"0":[23,4,60,0],"1":[2,58],"2":[2,56],"3":[2,87],"4":[89,87],"5":[2,2],"6":[0,87],"7":[11,76]},"meta":{"lastBranch":8,"lastFunction":4,"lastStatement":25,"seen":{"s:13:19:13:Infinity":0,"s:14:20:14:Infinity":1,"s:15:27:15:Infinity":2,"s:16:27:16:Infinity":3,"f:25:16:25:28":0,"b:27:4:28:Infinity:29:4:30:Infinity:31:4:35:Infinity:36:4:37:Infinity":0,"s:26:2:38:Infinity":4,"s:28:6:28:Infinity":5,"s:30:6:30:Infinity":6,"b:32:6:32:Infinity:undefined:undefined:undefined:undefined":1,"s:32:6:32:Infinity":7,"s:32:23:32:Infinity":8,"b:33:6:33:Infinity:undefined:undefined:undefined:undefined":2,"s:33:6:33:Infinity":9,"s:33:23:33:Infinity":10,"s:35:6:35:Infinity":11,"s:37:6:37:Infinity":12,"f:49:16:49:27":1,"b:51:2:58:Infinity:undefined:undefined:undefined:undefined":3,"s:51:2:58:Infinity":13,"b:51:6:51:13:51:13:51:37":4,"s:52:4:57:Infinity":14,"b:55:14:55:20:55:20:55:Infinity":5,"s:60:19:60:Infinity":15,"b:62:2:69:Infinity:undefined:undefined:undefined:undefined":6,"s:62:2:69:Infinity":16,"s:63:4:68:Infinity":17,"s:72:18:72:Infinity":18,"f:72:32:72:43":2,"s:72:43:72:59":19,"b:74:2:85:Infinity:undefined:undefined:undefined:undefined":7,"s:74:2:85:Infinity":20,"s:75:23:75:Infinity":21,"f:75:36:75:41":3,"s:75:41:75:49":22,"s:76:4:84:Infinity":23,"s:87:2:87:Infinity":24}}}
,"C:\\project\\jjiban\\server\\utils\\wbs\\validation\\validators\\status-validator.ts": {"path":"C:\\project\\jjiban\\server\\utils\\wbs\\validation\\validators\\status-validator.ts","statementMap":{"0":{"start":{"line":19,"column":2},"end":{"line":21,"column":null}},"1":{"start":{"line":20,"column":4},"end":{"line":20,"column":null}},"2":{"start":{"line":22,"column":2},"end":{"line":22,"column":null}},"3":{"start":{"line":34,"column":2},"end":{"line":44,"column":null}},"4":{"start":{"line":35,"column":4},"end":{"line":43,"column":null}},"5":{"start":{"line":46,"column":2},"end":{"line":56,"column":null}},"6":{"start":{"line":47,"column":4},"end":{"line":55,"column":null}},"7":{"start":{"line":58,"column":2},"end":{"line":58,"column":null}}},"fnMap":{"0":{"name":"isValidStatus","decl":{"start":{"line":18,"column":16},"end":{"line":18,"column":30}},"loc":{"start":{"line":18,"column":55},"end":{"line":23,"column":null}},"line":18},"1":{"name":"validateStatus","decl":{"start":{"line":32,"column":16},"end":{"line":32,"column":31}},"loc":{"start":{"line":32,"column":88},"end":{"line":59,"column":null}},"line":32}},"branchMap":{"0":{"loc":{"start":{"line":19,"column":2},"end":{"line":21,"column":null}},"type":"if","locations":[{"start":{"line":19,"column":2},"end":{"line":21,"column":null}},{"start":{},"end":{}}],"line":19},"1":{"loc":{"start":{"line":19,"column":6},"end":{"line":19,"column":45}},"type":"binary-expr","locations":[{"start":{"line":19,"column":6},"end":{"line":19,"column":17}},{"start":{"line":19,"column":17},"end":{"line":19,"column":45}}],"line":19},"2":{"loc":{"start":{"line":34,"column":2},"end":{"line":44,"column":null}},"type":"if","locations":[{"start":{"line":34,"column":2},"end":{"line":44,"column":null}},{"start":{},"end":{}}],"line":34},"3":{"loc":{"start":{"line":34,"column":6},"end":{"line":34,"column":45}},"type":"binary-expr","locations":[{"start":{"line":34,"column":6},"end":{"line":34,"column":17}},{"start":{"line":34,"column":17},"end":{"line":34,"column":45}}],"line":34},"4":{"loc":{"start":{"line":40,"column":49},"end":{"line":40,"column":86}},"type":"cond-expr","locations":[{"start":{"line":40,"column":58},"end":{"line":40,"column":84}},{"start":{"line":40,"column":84},"end":{"line":40,"column":86}}],"line":40},"5":{"loc":{"start":{"line":46,"column":2},"end":{"line":56,"column":null}},"type":"if","locations":[{"start":{"line":46,"column":2},"end":{"line":56,"column":null}},{"start":{},"end":{}}],"line":46},"6":{"loc":{"start":{"line":52,"column":49},"end":{"line":52,"column":86}},"type":"cond-expr","locations":[{"start":{"line":52,"column":58},"end":{"line":52,"column":84}},{"start":{"line":52,"column":84},"end":{"line":52,"column":86}}],"line":52}},"s":{"0":74,"1":1,"2":73,"3":71,"4":3,"5":68,"6":8,"7":60},"f":{"0":74,"1":71},"b":{"0":[1,73],"1":[74,73],"2":[3,68],"3":[71,68],"4":[0,3],"5":[8,60],"6":[0,8]},"meta":{"lastBranch":7,"lastFunction":2,"lastStatement":8,"seen":{"f:18:16:18:30":0,"b:19:2:21:Infinity:undefined:undefined:undefined:undefined":0,"s:19:2:21:Infinity":0,"b:19:6:19:17:19:17:19:45":1,"s:20:4:20:Infinity":1,"s:22:2:22:Infinity":2,"f:32:16:32:31":1,"b:34:2:44:Infinity:undefined:undefined:undefined:undefined":2,"s:34:2:44:Infinity":3,"b:34:6:34:17:34:17:34:45":3,"s:35:4:43:Infinity":4,"b:40:58:40:84:40:84:40:86":4,"b:46:2:56:Infinity:undefined:undefined:undefined:undefined":5,"s:46:2:56:Infinity":5,"s:47:4:55:Infinity":6,"b:52:58:52:84:52:84:52:86":6,"s:58:2:58:Infinity":7}}}
}
